<?xml version="1.0" encoding="UTF-8"?>
<testsuite name="TestSuite" time="0.033" tests="3" errors="0" skipped="0" failures="3">
  <properties>
    <property name="java.runtime.name" value="Java(TM) SE Runtime Environment"/>
    <property name="sun.boot.library.path" value="C:\Program Files\Java\jdk1.8.0_131\jre\bin"/>
    <property name="java.vm.version" value="25.131-b11"/>
    <property name="java.vm.vendor" value="Oracle Corporation"/>
    <property name="maven.multiModuleProjectDirectory" value="E:\Rajeev\Eclipse\Arrow_workspace\TestProject"/>
    <property name="java.vendor.url" value="http://java.oracle.com/"/>
    <property name="path.separator" value=";"/>
    <property name="guice.disable.misplaced.annotation.check" value="true"/>
    <property name="java.vm.name" value="Java HotSpot(TM) 64-Bit Server VM"/>
    <property name="file.encoding.pkg" value="sun.io"/>
    <property name="user.script" value=""/>
    <property name="user.country" value="US"/>
    <property name="sun.java.launcher" value="SUN_STANDARD"/>
    <property name="sun.os.patch.level" value=""/>
    <property name="java.vm.specification.name" value="Java Virtual Machine Specification"/>
    <property name="user.dir" value="E:\Rajeev\Eclipse\Arrow_workspace\TestProject"/>
    <property name="java.runtime.version" value="1.8.0_131-b11"/>
    <property name="java.awt.graphicsenv" value="sun.awt.Win32GraphicsEnvironment"/>
    <property name="basedir" value="E:\Rajeev\Eclipse\Arrow_workspace\TestProject"/>
    <property name="java.endorsed.dirs" value="C:\Program Files\Java\jdk1.8.0_131\jre\lib\endorsed"/>
    <property name="os.arch" value="amd64"/>
    <property name="java.io.tmpdir" value="C:\Users\Admin\AppData\Local\Temp\"/>
    <property name="line.separator" value="&#10;"/>
    <property name="java.vm.specification.vendor" value="Oracle Corporation"/>
    <property name="user.variant" value=""/>
    <property name="os.name" value="Windows 10"/>
    <property name="classworlds.conf" value="E:\Rajeev\Eclipse\Arrow_workspace\.metadata\.plugins\org.eclipse.m2e.launching\launches\m2conf3158958572069459141.tmp"/>
    <property name="sun.jnu.encoding" value="Cp1252"/>
    <property name="java.library.path" value="C:\Program Files\Java\jdk1.8.0_131\bin;C:\WINDOWS\Sun\Java\bin;C:\WINDOWS\system32;C:\WINDOWS;C:/Program Files/Java/jre1.8.0_131/bin/server;C:/Program Files/Java/jre1.8.0_131/bin;C:/Program Files/Java/jre1.8.0_131/lib/amd64;C:\Program Files (x86)\Common Files\Oracle\Java\javapath;C:\ProgramData\Oracle\Java\javapath;C:\WINDOWS\system32;C:\WINDOWS;C:\WINDOWS\System32\Wbem;C:\WINDOWS\System32\WindowsPowerShell\v1.0\;C:\WINDOWS\System32\OpenSSH\;C:\Program Files\nodejs\;C:\Program Files\Git\cmd;C:\Program Files (x86)\QuickTime\QTSystem\;C:\Program Files\TortoiseGit\bin;E:\JAR Files\apache-maven-3.5.0\bin;C:\Program Files\Java\jdk1.8.0_131\bin;C:\Users\Admin\AppData\Local\Microsoft\WindowsApps;C:\Users\Admin\AppData\Roaming\npm;C:\Program Files\Java\jdk1.8.0_131\bin;C:\xampp\mysql\bin;C:\Program Files\Git\bin\git.exe;C:\Program Files\Git\cmd;C:\Program Files\nodejs;C:\Program Files (x86)\Android\android-sdk\platforms;C:\Users\Admin\AppData\Local\Android\Sdk\platform-tools;C:\Users\Admin\AppData\Local\Android\Sdk\tools;C:\Users\Admin\AppData\Local\Android\Sdk\tools\bin;;C:\Users\Admin\AppData\Local\Programs\Fiddler;C:\Users\Admin\Desktop;;."/>
    <property name="surefire.test.class.path" value="E:\Rajeev\Eclipse\Arrow_workspace\TestProject\target\test-classes;E:\Rajeev\Eclipse\Arrow_workspace\TestProject\target\classes;C:\Users\Admin\.m2\repository\org\seleniumhq\selenium\selenium-java\3.141.59\selenium-java-3.141.59.jar;C:\Users\Admin\.m2\repository\org\seleniumhq\selenium\selenium-api\3.141.59\selenium-api-3.141.59.jar;C:\Users\Admin\.m2\repository\org\seleniumhq\selenium\selenium-chrome-driver\3.141.59\selenium-chrome-driver-3.141.59.jar;C:\Users\Admin\.m2\repository\org\seleniumhq\selenium\selenium-edge-driver\3.141.59\selenium-edge-driver-3.141.59.jar;C:\Users\Admin\.m2\repository\org\seleniumhq\selenium\selenium-firefox-driver\3.141.59\selenium-firefox-driver-3.141.59.jar;C:\Users\Admin\.m2\repository\org\seleniumhq\selenium\selenium-ie-driver\3.141.59\selenium-ie-driver-3.141.59.jar;C:\Users\Admin\.m2\repository\org\seleniumhq\selenium\selenium-opera-driver\3.141.59\selenium-opera-driver-3.141.59.jar;C:\Users\Admin\.m2\repository\org\seleniumhq\selenium\selenium-remote-driver\3.141.59\selenium-remote-driver-3.141.59.jar;C:\Users\Admin\.m2\repository\org\seleniumhq\selenium\selenium-safari-driver\3.141.59\selenium-safari-driver-3.141.59.jar;C:\Users\Admin\.m2\repository\org\seleniumhq\selenium\selenium-support\3.141.59\selenium-support-3.141.59.jar;C:\Users\Admin\.m2\repository\net\bytebuddy\byte-buddy\1.8.15\byte-buddy-1.8.15.jar;C:\Users\Admin\.m2\repository\org\apache\commons\commons-exec\1.3\commons-exec-1.3.jar;C:\Users\Admin\.m2\repository\com\google\guava\guava\25.0-jre\guava-25.0-jre.jar;C:\Users\Admin\.m2\repository\com\google\code\findbugs\jsr305\1.3.9\jsr305-1.3.9.jar;C:\Users\Admin\.m2\repository\org\checkerframework\checker-compat-qual\2.0.0\checker-compat-qual-2.0.0.jar;C:\Users\Admin\.m2\repository\com\google\errorprone\error_prone_annotations\2.1.3\error_prone_annotations-2.1.3.jar;C:\Users\Admin\.m2\repository\com\google\j2objc\j2objc-annotations\1.1\j2objc-annotations-1.1.jar;C:\Users\Admin\.m2\repository\org\codehaus\mojo\animal-sniffer-annotations\1.14\animal-sniffer-annotations-1.14.jar;C:\Users\Admin\.m2\repository\com\squareup\okhttp3\okhttp\3.11.0\okhttp-3.11.0.jar;C:\Users\Admin\.m2\repository\com\squareup\okio\okio\1.14.0\okio-1.14.0.jar;C:\Users\Admin\.m2\repository\org\testng\testng\6.14.3\testng-6.14.3.jar;C:\Users\Admin\.m2\repository\com\beust\jcommander\1.72\jcommander-1.72.jar;C:\Users\Admin\.m2\repository\org\apache-extras\beanshell\bsh\2.0b6\bsh-2.0b6.jar;C:\Users\Admin\.m2\repository\org\apache\poi\poi\4.1.0\poi-4.1.0.jar;C:\Users\Admin\.m2\repository\commons-codec\commons-codec\1.12\commons-codec-1.12.jar;C:\Users\Admin\.m2\repository\org\apache\commons\commons-collections4\4.3\commons-collections4-4.3.jar;C:\Users\Admin\.m2\repository\org\apache\commons\commons-math3\3.6.1\commons-math3-3.6.1.jar;C:\Users\Admin\.m2\repository\org\apache\poi\poi-ooxml\4.1.0\poi-ooxml-4.1.0.jar;C:\Users\Admin\.m2\repository\org\apache\poi\poi-ooxml-schemas\4.1.0\poi-ooxml-schemas-4.1.0.jar;C:\Users\Admin\.m2\repository\org\apache\xmlbeans\xmlbeans\3.1.0\xmlbeans-3.1.0.jar;C:\Users\Admin\.m2\repository\org\apache\commons\commons-compress\1.18\commons-compress-1.18.jar;C:\Users\Admin\.m2\repository\com\github\virtuald\curvesapi\1.06\curvesapi-1.06.jar;C:\Users\Admin\.m2\repository\org\apache\maven\surefire\surefire-testng-utils\2.18.1\surefire-testng-utils-2.18.1.jar;C:\Users\Admin\.m2\repository\org\apache\maven\surefire\surefire-grouper\2.18.1\surefire-grouper-2.18.1.jar;"/>
    <property name="java.specification.name" value="Java Platform API Specification"/>
    <property name="java.class.version" value="52.0"/>
    <property name="sun.management.compiler" value="HotSpot 64-Bit Tiered Compilers"/>
    <property name="os.version" value="10.0"/>
    <property name="user.home" value="C:\Users\Admin"/>
    <property name="user.timezone" value="Asia/Calcutta"/>
    <property name="java.awt.printerjob" value="sun.awt.windows.WPrinterJob"/>
    <property name="java.specification.version" value="1.8"/>
    <property name="file.encoding" value="Cp1252"/>
    <property name="webdriver.gecko.driver" value="E:\Rajeev\jarfiles\geckodriver.exe"/>
    <property name="user.name" value="Admin"/>
    <property name="java.class.path" value="C:\Users\Admin\.p2\pool\plugins\org.eclipse.m2e.maven.runtime_1.11.0.20190220-2117\jars\plexus-classworlds-2.5.2.jar"/>
    <property name="java.vm.specification.version" value="1.8"/>
    <property name="sun.arch.data.model" value="64"/>
    <property name="java.home" value="C:\Program Files\Java\jdk1.8.0_131\jre"/>
    <property name="sun.java.command" value="org.codehaus.plexus.classworlds.launcher.Launcher -B test"/>
    <property name="java.specification.vendor" value="Oracle Corporation"/>
    <property name="user.language" value="en"/>
    <property name="awt.toolkit" value="sun.awt.windows.WToolkit"/>
    <property name="java.vm.info" value="mixed mode"/>
    <property name="java.version" value="1.8.0_131"/>
    <property name="java.ext.dirs" value="C:\Program Files\Java\jdk1.8.0_131\jre\lib\ext;C:\WINDOWS\Sun\Java\lib\ext"/>
    <property name="sun.boot.class.path" value="C:\Program Files\Java\jdk1.8.0_131\jre\lib\resources.jar;C:\Program Files\Java\jdk1.8.0_131\jre\lib\rt.jar;C:\Program Files\Java\jdk1.8.0_131\jre\lib\sunrsasign.jar;C:\Program Files\Java\jdk1.8.0_131\jre\lib\jsse.jar;C:\Program Files\Java\jdk1.8.0_131\jre\lib\jce.jar;C:\Program Files\Java\jdk1.8.0_131\jre\lib\charsets.jar;C:\Program Files\Java\jdk1.8.0_131\jre\lib\jfr.jar;C:\Program Files\Java\jdk1.8.0_131\jre\classes"/>
    <property name="java.vendor" value="Oracle Corporation"/>
    <property name="maven.home" value="E:\Rajeev\Eclipse\Arrow_workspace\TestProject\EMBEDDED"/>
    <property name="localRepository" value="C:\Users\Admin\.m2\repository"/>
    <property name="file.separator" value="\"/>
    <property name="java.vendor.url.bug" value="http://bugreport.sun.com/bugreport/"/>
    <property name="sun.cpu.endian" value="little"/>
    <property name="sun.io.unicode.encoding" value="UnicodeLittle"/>
    <property name="sun.desktop" value="windows"/>
    <property name="sun.cpu.isalist" value="amd64"/>
  </properties>
  <testcase name="Registration" classname="script.Test2" time="0.024">
    <failure type="java.lang.StackOverflowError:"><![CDATA[java.lang.StackOverflowError: null
	at Po.LoginPo.<init>(LoginPo.java:10)
	at library.BaseClass.<init>(BaseClass.java:17)
	at Po.LoginPo.<init>(LoginPo.java:10)
	at library.BaseClass.<init>(BaseClass.java:17)
	at Po.LoginPo.<init>(LoginPo.java:10)
	at library.BaseClass.<init>(BaseClass.java:17)
	at Po.LoginPo.<init>(LoginPo.java:10)
	at library.BaseClass.<init>(BaseClass.java:17)
	at Po.LoginPo.<init>(LoginPo.java:10)
	at library.BaseClass.<init>(BaseClass.java:17)
	at Po.LoginPo.<init>(LoginPo.java:10)
	at library.BaseClass.<init>(BaseClass.java:17)
	at Po.LoginPo.<init>(LoginPo.java:10)
	at library.BaseClass.<init>(BaseClass.java:17)
	at Po.LoginPo.<init>(LoginPo.java:10)
	at library.BaseClass.<init>(BaseClass.java:17)
	at Po.LoginPo.<init>(LoginPo.java:10)
	at library.BaseClass.<init>(BaseClass.java:17)
	at Po.LoginPo.<init>(LoginPo.java:10)
	at library.BaseClass.<init>(BaseClass.java:17)
	at Po.LoginPo.<init>(LoginPo.java:10)
	at library.BaseClass.<init>(BaseClass.java:17)
	at Po.LoginPo.<init>(LoginPo.java:10)
	at library.BaseClass.<init>(BaseClass.java:17)
	at Po.LoginPo.<init>(LoginPo.java:10)
	at library.BaseClass.<init>(BaseClass.java:17)
	at Po.LoginPo.<init>(LoginPo.java:10)
	at library.BaseClass.<init>(BaseClass.java:17)
	at Po.LoginPo.<init>(LoginPo.java:10)
	at library.BaseClass.<init>(BaseClass.java:17)
	at Po.LoginPo.<init>(LoginPo.java:10)
	at library.BaseClass.<init>(BaseClass.java:17)
	at Po.LoginPo.<init>(LoginPo.java:10)
	at library.BaseClass.<init>(BaseClass.java:17)
	at Po.LoginPo.<init>(LoginPo.java:10)
	at library.BaseClass.<init>(BaseClass.java:17)
	at Po.LoginPo.<init>(LoginPo.java:10)
	at library.BaseClass.<init>(BaseClass.java:17)
	at Po.LoginPo.<init>(LoginPo.java:10)
	at library.BaseClass.<init>(BaseClass.java:17)
	at Po.LoginPo.<init>(LoginPo.java:10)
	at library.BaseClass.<init>(BaseClass.java:17)
	at Po.LoginPo.<init>(LoginPo.java:10)
	at library.BaseClass.<init>(BaseClass.java:17)
	at Po.LoginPo.<init>(LoginPo.java:10)
	at library.BaseClass.<init>(BaseClass.java:17)
	at Po.LoginPo.<init>(LoginPo.java:10)
	at library.BaseClass.<init>(BaseClass.java:17)
	at Po.LoginPo.<init>(LoginPo.java:10)
	at library.BaseClass.<init>(BaseClass.java:17)
	at Po.LoginPo.<init>(LoginPo.java:10)
	at library.BaseClass.<init>(BaseClass.java:17)
	at Po.LoginPo.<init>(LoginPo.java:10)
	at library.BaseClass.<init>(BaseClass.java:17)
	at Po.LoginPo.<init>(LoginPo.java:10)
	at library.BaseClass.<init>(BaseClass.java:17)
	at Po.LoginPo.<init>(LoginPo.java:10)
	at library.BaseClass.<init>(BaseClass.java:17)
	at Po.LoginPo.<init>(LoginPo.java:10)
	at library.BaseClass.<init>(BaseClass.java:17)
	at Po.LoginPo.<init>(LoginPo.java:10)
	at library.BaseClass.<init>(BaseClass.java:17)
	at Po.LoginPo.<init>(LoginPo.java:10)
	at library.BaseClass.<init>(BaseClass.java:17)
	at Po.LoginPo.<init>(LoginPo.java:10)
	at library.BaseClass.<init>(BaseClass.java:17)
	at Po.LoginPo.<init>(LoginPo.java:10)
	at library.BaseClass.<init>(BaseClass.java:17)
	at Po.LoginPo.<init>(LoginPo.java:10)
	at library.BaseClass.<init>(BaseClass.java:17)
	at Po.LoginPo.<init>(LoginPo.java:10)
	at library.BaseClass.<init>(BaseClass.java:17)
	at Po.LoginPo.<init>(LoginPo.java:10)
	at library.BaseClass.<init>(BaseClass.java:17)
	at Po.LoginPo.<init>(LoginPo.java:10)
	at library.BaseClass.<init>(BaseClass.java:17)
	at Po.LoginPo.<init>(LoginPo.java:10)
	at library.BaseClass.<init>(BaseClass.java:17)
	at Po.LoginPo.<init>(LoginPo.java:10)
	at library.BaseClass.<init>(BaseClass.java:17)
	at Po.LoginPo.<init>(LoginPo.java:10)
	at library.BaseClass.<init>(BaseClass.java:17)
	at Po.LoginPo.<init>(LoginPo.java:10)
	at library.BaseClass.<init>(BaseClass.java:17)
	at Po.LoginPo.<init>(LoginPo.java:10)
	at library.BaseClass.<init>(BaseClass.java:17)
	at Po.LoginPo.<init>(LoginPo.java:10)
	at library.BaseClass.<init>(BaseClass.java:17)
	at Po.LoginPo.<init>(LoginPo.java:10)
	at library.BaseClass.<init>(BaseClass.java:17)
	at Po.LoginPo.<init>(LoginPo.java:10)
	at library.BaseClass.<init>(BaseClass.java:17)
	at Po.LoginPo.<init>(LoginPo.java:10)
	at library.BaseClass.<init>(BaseClass.java:17)
	at Po.LoginPo.<init>(LoginPo.java:10)
	at library.BaseClass.<init>(BaseClass.java:17)
	at Po.LoginPo.<init>(LoginPo.java:10)
	at library.BaseClass.<init>(BaseClass.java:17)
	at Po.LoginPo.<init>(LoginPo.java:10)
	at library.BaseClass.<init>(BaseClass.java:17)
	at Po.LoginPo.<init>(LoginPo.java:10)
	at library.BaseClass.<init>(BaseClass.java:17)
	at Po.LoginPo.<init>(LoginPo.java:10)
	at library.BaseClass.<init>(BaseClass.java:17)
	at Po.LoginPo.<init>(LoginPo.java:10)
	at library.BaseClass.<init>(BaseClass.java:17)
	at Po.LoginPo.<init>(LoginPo.java:10)
	at library.BaseClass.<init>(BaseClass.java:17)
	at Po.LoginPo.<init>(LoginPo.java:10)
	at library.BaseClass.<init>(BaseClass.java:17)
	at Po.LoginPo.<init>(LoginPo.java:10)
	at library.BaseClass.<init>(BaseClass.java:17)
	at Po.LoginPo.<init>(LoginPo.java:10)
	at library.BaseClass.<init>(BaseClass.java:17)
	at Po.LoginPo.<init>(LoginPo.java:10)
	at library.BaseClass.<init>(BaseClass.java:17)
	at Po.LoginPo.<init>(LoginPo.java:10)
	at library.BaseClass.<init>(BaseClass.java:17)
	at Po.LoginPo.<init>(LoginPo.java:10)
	at library.BaseClass.<init>(BaseClass.java:17)
	at Po.LoginPo.<init>(LoginPo.java:10)
	at library.BaseClass.<init>(BaseClass.java:17)
	at Po.LoginPo.<init>(LoginPo.java:10)
	at library.BaseClass.<init>(BaseClass.java:17)
	at Po.LoginPo.<init>(LoginPo.java:10)
	at library.BaseClass.<init>(BaseClass.java:17)
	at Po.LoginPo.<init>(LoginPo.java:10)
	at library.BaseClass.<init>(BaseClass.java:17)
	at Po.LoginPo.<init>(LoginPo.java:10)
	at library.BaseClass.<init>(BaseClass.java:17)
	at Po.LoginPo.<init>(LoginPo.java:10)
	at library.BaseClass.<init>(BaseClass.java:17)
	at Po.LoginPo.<init>(LoginPo.java:10)
	at library.BaseClass.<init>(BaseClass.java:17)
	at Po.LoginPo.<init>(LoginPo.java:10)
	at library.BaseClass.<init>(BaseClass.java:17)
	at Po.LoginPo.<init>(LoginPo.java:10)
	at library.BaseClass.<init>(BaseClass.java:17)
	at Po.LoginPo.<init>(LoginPo.java:10)
	at library.BaseClass.<init>(BaseClass.java:17)
	at Po.LoginPo.<init>(LoginPo.java:10)
	at library.BaseClass.<init>(BaseClass.java:17)
	at Po.LoginPo.<init>(LoginPo.java:10)
	at library.BaseClass.<init>(BaseClass.java:17)
	at Po.LoginPo.<init>(LoginPo.java:10)
	at library.BaseClass.<init>(BaseClass.java:17)
	at Po.LoginPo.<init>(LoginPo.java:10)
	at library.BaseClass.<init>(BaseClass.java:17)
	at Po.LoginPo.<init>(LoginPo.java:10)
	at library.BaseClass.<init>(BaseClass.java:17)
	at Po.LoginPo.<init>(LoginPo.java:10)
	at library.BaseClass.<init>(BaseClass.java:17)
	at Po.LoginPo.<init>(LoginPo.java:10)
	at library.BaseClass.<init>(BaseClass.java:17)
	at Po.LoginPo.<init>(LoginPo.java:10)
	at library.BaseClass.<init>(BaseClass.java:17)
	at Po.LoginPo.<init>(LoginPo.java:10)
	at library.BaseClass.<init>(BaseClass.java:17)
	at Po.LoginPo.<init>(LoginPo.java:10)
	at library.BaseClass.<init>(BaseClass.java:17)
	at Po.LoginPo.<init>(LoginPo.java:10)
	at library.BaseClass.<init>(BaseClass.java:17)
	at Po.LoginPo.<init>(LoginPo.java:10)
	at library.BaseClass.<init>(BaseClass.java:17)
	at Po.LoginPo.<init>(LoginPo.java:10)
	at library.BaseClass.<init>(BaseClass.java:17)
	at Po.LoginPo.<init>(LoginPo.java:10)
	at library.BaseClass.<init>(BaseClass.java:17)
	at Po.LoginPo.<init>(LoginPo.java:10)
	at library.BaseClass.<init>(BaseClass.java:17)
	at Po.LoginPo.<init>(LoginPo.java:10)
	at library.BaseClass.<init>(BaseClass.java:17)
	at Po.LoginPo.<init>(LoginPo.java:10)
	at library.BaseClass.<init>(BaseClass.java:17)
	at Po.LoginPo.<init>(LoginPo.java:10)
	at library.BaseClass.<init>(BaseClass.java:17)
	at Po.LoginPo.<init>(LoginPo.java:10)
	at library.BaseClass.<init>(BaseClass.java:17)
	at Po.LoginPo.<init>(LoginPo.java:10)
	at library.BaseClass.<init>(BaseClass.java:17)
	at Po.LoginPo.<init>(LoginPo.java:10)
	at library.BaseClass.<init>(BaseClass.java:17)
	at Po.LoginPo.<init>(LoginPo.java:10)
	at library.BaseClass.<init>(BaseClass.java:17)
	at Po.LoginPo.<init>(LoginPo.java:10)
	at library.BaseClass.<init>(BaseClass.java:17)
	at Po.LoginPo.<init>(LoginPo.java:10)
	at library.BaseClass.<init>(BaseClass.java:17)
	at Po.LoginPo.<init>(LoginPo.java:10)
	at library.BaseClass.<init>(BaseClass.java:17)
	at Po.LoginPo.<init>(LoginPo.java:10)
	at library.BaseClass.<init>(BaseClass.java:17)
	at Po.LoginPo.<init>(LoginPo.java:10)
	at library.BaseClass.<init>(BaseClass.java:17)
	at Po.LoginPo.<init>(LoginPo.java:10)
	at library.BaseClass.<init>(BaseClass.java:17)
	at Po.LoginPo.<init>(LoginPo.java:10)
	at library.BaseClass.<init>(BaseClass.java:17)
	at Po.LoginPo.<init>(LoginPo.java:10)
	at library.BaseClass.<init>(BaseClass.java:17)
	at Po.LoginPo.<init>(LoginPo.java:10)
	at library.BaseClass.<init>(BaseClass.java:17)
	at Po.LoginPo.<init>(LoginPo.java:10)
	at library.BaseClass.<init>(BaseClass.java:17)
	at Po.LoginPo.<init>(LoginPo.java:10)
	at library.BaseClass.<init>(BaseClass.java:17)
	at Po.LoginPo.<init>(LoginPo.java:10)
	at library.BaseClass.<init>(BaseClass.java:17)
	at Po.LoginPo.<init>(LoginPo.java:10)
	at library.BaseClass.<init>(BaseClass.java:17)
	at Po.LoginPo.<init>(LoginPo.java:10)
	at library.BaseClass.<init>(BaseClass.java:17)
	at Po.LoginPo.<init>(LoginPo.java:10)
	at library.BaseClass.<init>(BaseClass.java:17)
	at Po.LoginPo.<init>(LoginPo.java:10)
	at library.BaseClass.<init>(BaseClass.java:17)
	at Po.LoginPo.<init>(LoginPo.java:10)
	at library.BaseClass.<init>(BaseClass.java:17)
	at Po.LoginPo.<init>(LoginPo.java:10)
	at library.BaseClass.<init>(BaseClass.java:17)
	at Po.LoginPo.<init>(LoginPo.java:10)
	at library.BaseClass.<init>(BaseClass.java:17)
	at Po.LoginPo.<init>(LoginPo.java:10)
	at library.BaseClass.<init>(BaseClass.java:17)
	at Po.LoginPo.<init>(LoginPo.java:10)
	at library.BaseClass.<init>(BaseClass.java:17)
	at Po.LoginPo.<init>(LoginPo.java:10)
	at library.BaseClass.<init>(BaseClass.java:17)
	at Po.LoginPo.<init>(LoginPo.java:10)
	at library.BaseClass.<init>(BaseClass.java:17)
	at Po.LoginPo.<init>(LoginPo.java:10)
	at library.BaseClass.<init>(BaseClass.java:17)
	at Po.LoginPo.<init>(LoginPo.java:10)
	at library.BaseClass.<init>(BaseClass.java:17)
	at Po.LoginPo.<init>(LoginPo.java:10)
	at library.BaseClass.<init>(BaseClass.java:17)
	at Po.LoginPo.<init>(LoginPo.java:10)
	at library.BaseClass.<init>(BaseClass.java:17)
	at Po.LoginPo.<init>(LoginPo.java:10)
	at library.BaseClass.<init>(BaseClass.java:17)
	at Po.LoginPo.<init>(LoginPo.java:10)
	at library.BaseClass.<init>(BaseClass.java:17)
	at Po.LoginPo.<init>(LoginPo.java:10)
	at library.BaseClass.<init>(BaseClass.java:17)
	at Po.LoginPo.<init>(LoginPo.java:10)
	at library.BaseClass.<init>(BaseClass.java:17)
	at Po.LoginPo.<init>(LoginPo.java:10)
	at library.BaseClass.<init>(BaseClass.java:17)
	at Po.LoginPo.<init>(LoginPo.java:10)
	at library.BaseClass.<init>(BaseClass.java:17)
	at Po.LoginPo.<init>(LoginPo.java:10)
	at library.BaseClass.<init>(BaseClass.java:17)
	at Po.LoginPo.<init>(LoginPo.java:10)
	at library.BaseClass.<init>(BaseClass.java:17)
	at Po.LoginPo.<init>(LoginPo.java:10)
	at library.BaseClass.<init>(BaseClass.java:17)
	at Po.LoginPo.<init>(LoginPo.java:10)
	at library.BaseClass.<init>(BaseClass.java:17)
	at Po.LoginPo.<init>(LoginPo.java:10)
	at library.BaseClass.<init>(BaseClass.java:17)
	at Po.LoginPo.<init>(LoginPo.java:10)
	at library.BaseClass.<init>(BaseClass.java:17)
	at Po.LoginPo.<init>(LoginPo.java:10)
	at library.BaseClass.<init>(BaseClass.java:17)
	at Po.LoginPo.<init>(LoginPo.java:10)
	at library.BaseClass.<init>(BaseClass.java:17)
	at Po.LoginPo.<init>(LoginPo.java:10)
	at library.BaseClass.<init>(BaseClass.java:17)
	at Po.LoginPo.<init>(LoginPo.java:10)
	at library.BaseClass.<init>(BaseClass.java:17)
	at Po.LoginPo.<init>(LoginPo.java:10)
	at library.BaseClass.<init>(BaseClass.java:17)
	at Po.LoginPo.<init>(LoginPo.java:10)
	at library.BaseClass.<init>(BaseClass.java:17)
	at Po.LoginPo.<init>(LoginPo.java:10)
	at library.BaseClass.<init>(BaseClass.java:17)
	at Po.LoginPo.<init>(LoginPo.java:10)
	at library.BaseClass.<init>(BaseClass.java:17)
	at Po.LoginPo.<init>(LoginPo.java:10)
	at library.BaseClass.<init>(BaseClass.java:17)
	at Po.LoginPo.<init>(LoginPo.java:10)
	at library.BaseClass.<init>(BaseClass.java:17)
	at Po.LoginPo.<init>(LoginPo.java:10)
	at library.BaseClass.<init>(BaseClass.java:17)
	at Po.LoginPo.<init>(LoginPo.java:10)
	at library.BaseClass.<init>(BaseClass.java:17)
	at Po.LoginPo.<init>(LoginPo.java:10)
	at library.BaseClass.<init>(BaseClass.java:17)
	at Po.LoginPo.<init>(LoginPo.java:10)
	at library.BaseClass.<init>(BaseClass.java:17)
	at Po.LoginPo.<init>(LoginPo.java:10)
	at library.BaseClass.<init>(BaseClass.java:17)
	at Po.LoginPo.<init>(LoginPo.java:10)
	at library.BaseClass.<init>(BaseClass.java:17)
	at Po.LoginPo.<init>(LoginPo.java:10)
	at library.BaseClass.<init>(BaseClass.java:17)
	at Po.LoginPo.<init>(LoginPo.java:10)
	at library.BaseClass.<init>(BaseClass.java:17)
	at Po.LoginPo.<init>(LoginPo.java:10)
	at library.BaseClass.<init>(BaseClass.java:17)
	at Po.LoginPo.<init>(LoginPo.java:10)
	at library.BaseClass.<init>(BaseClass.java:17)
	at Po.LoginPo.<init>(LoginPo.java:10)
	at library.BaseClass.<init>(BaseClass.java:17)
	at Po.LoginPo.<init>(LoginPo.java:10)
	at library.BaseClass.<init>(BaseClass.java:17)
	at Po.LoginPo.<init>(LoginPo.java:10)
	at library.BaseClass.<init>(BaseClass.java:17)
	at Po.LoginPo.<init>(LoginPo.java:10)
	at library.BaseClass.<init>(BaseClass.java:17)
	at Po.LoginPo.<init>(LoginPo.java:10)
	at library.BaseClass.<init>(BaseClass.java:17)
	at Po.LoginPo.<init>(LoginPo.java:10)
	at library.BaseClass.<init>(BaseClass.java:17)
	at Po.LoginPo.<init>(LoginPo.java:10)
	at library.BaseClass.<init>(BaseClass.java:17)
	at Po.LoginPo.<init>(LoginPo.java:10)
	at library.BaseClass.<init>(BaseClass.java:17)
	at Po.LoginPo.<init>(LoginPo.java:10)
	at library.BaseClass.<init>(BaseClass.java:17)
	at Po.LoginPo.<init>(LoginPo.java:10)
	at library.BaseClass.<init>(BaseClass.java:17)
	at Po.LoginPo.<init>(LoginPo.java:10)
	at library.BaseClass.<init>(BaseClass.java:17)
	at Po.LoginPo.<init>(LoginPo.java:10)
	at library.BaseClass.<init>(BaseClass.java:17)
	at Po.LoginPo.<init>(LoginPo.java:10)
	at library.BaseClass.<init>(BaseClass.java:17)
	at Po.LoginPo.<init>(LoginPo.java:10)
	at library.BaseClass.<init>(BaseClass.java:17)
	at Po.LoginPo.<init>(LoginPo.java:10)
	at library.BaseClass.<init>(BaseClass.java:17)
	at Po.LoginPo.<init>(LoginPo.java:10)
	at library.BaseClass.<init>(BaseClass.java:17)
	at Po.LoginPo.<init>(LoginPo.java:10)
	at library.BaseClass.<init>(BaseClass.java:17)
	at Po.LoginPo.<init>(LoginPo.java:10)
	at library.BaseClass.<init>(BaseClass.java:17)
	at Po.LoginPo.<init>(LoginPo.java:10)
	at library.BaseClass.<init>(BaseClass.java:17)
	at Po.LoginPo.<init>(LoginPo.java:10)
	at library.BaseClass.<init>(BaseClass.java:17)
	at Po.LoginPo.<init>(LoginPo.java:10)
	at library.BaseClass.<init>(BaseClass.java:17)
	at Po.LoginPo.<init>(LoginPo.java:10)
	at library.BaseClass.<init>(BaseClass.java:17)
	at Po.LoginPo.<init>(LoginPo.java:10)
	at library.BaseClass.<init>(BaseClass.java:17)
	at Po.LoginPo.<init>(LoginPo.java:10)
	at library.BaseClass.<init>(BaseClass.java:17)
	at Po.LoginPo.<init>(LoginPo.java:10)
	at library.BaseClass.<init>(BaseClass.java:17)
	at Po.LoginPo.<init>(LoginPo.java:10)
	at library.BaseClass.<init>(BaseClass.java:17)
	at Po.LoginPo.<init>(LoginPo.java:10)
	at library.BaseClass.<init>(BaseClass.java:17)
	at Po.LoginPo.<init>(LoginPo.java:10)
	at library.BaseClass.<init>(BaseClass.java:17)
	at Po.LoginPo.<init>(LoginPo.java:10)
	at library.BaseClass.<init>(BaseClass.java:17)
	at Po.LoginPo.<init>(LoginPo.java:10)
	at library.BaseClass.<init>(BaseClass.java:17)
	at Po.LoginPo.<init>(LoginPo.java:10)
	at library.BaseClass.<init>(BaseClass.java:17)
	at Po.LoginPo.<init>(LoginPo.java:10)
	at library.BaseClass.<init>(BaseClass.java:17)
	at Po.LoginPo.<init>(LoginPo.java:10)
	at library.BaseClass.<init>(BaseClass.java:17)
	at Po.LoginPo.<init>(LoginPo.java:10)
	at library.BaseClass.<init>(BaseClass.java:17)
	at Po.LoginPo.<init>(LoginPo.java:10)
	at library.BaseClass.<init>(BaseClass.java:17)
	at Po.LoginPo.<init>(LoginPo.java:10)
	at library.BaseClass.<init>(BaseClass.java:17)
	at Po.LoginPo.<init>(LoginPo.java:10)
	at library.BaseClass.<init>(BaseClass.java:17)
	at Po.LoginPo.<init>(LoginPo.java:10)
	at library.BaseClass.<init>(BaseClass.java:17)
	at Po.LoginPo.<init>(LoginPo.java:10)
	at library.BaseClass.<init>(BaseClass.java:17)
	at Po.LoginPo.<init>(LoginPo.java:10)
	at library.BaseClass.<init>(BaseClass.java:17)
	at Po.LoginPo.<init>(LoginPo.java:10)
	at library.BaseClass.<init>(BaseClass.java:17)
	at Po.LoginPo.<init>(LoginPo.java:10)
	at library.BaseClass.<init>(BaseClass.java:17)
	at Po.LoginPo.<init>(LoginPo.java:10)
	at library.BaseClass.<init>(BaseClass.java:17)
	at Po.LoginPo.<init>(LoginPo.java:10)
	at library.BaseClass.<init>(BaseClass.java:17)
	at Po.LoginPo.<init>(LoginPo.java:10)
	at library.BaseClass.<init>(BaseClass.java:17)
	at Po.LoginPo.<init>(LoginPo.java:10)
	at library.BaseClass.<init>(BaseClass.java:17)
	at Po.LoginPo.<init>(LoginPo.java:10)
	at library.BaseClass.<init>(BaseClass.java:17)
	at Po.LoginPo.<init>(LoginPo.java:10)
	at library.BaseClass.<init>(BaseClass.java:17)
	at Po.LoginPo.<init>(LoginPo.java:10)
	at library.BaseClass.<init>(BaseClass.java:17)
	at Po.LoginPo.<init>(LoginPo.java:10)
	at library.BaseClass.<init>(BaseClass.java:17)
	at Po.LoginPo.<init>(LoginPo.java:10)
	at library.BaseClass.<init>(BaseClass.java:17)
	at Po.LoginPo.<init>(LoginPo.java:10)
	at library.BaseClass.<init>(BaseClass.java:17)
	at Po.LoginPo.<init>(LoginPo.java:10)
	at library.BaseClass.<init>(BaseClass.java:17)
	at Po.LoginPo.<init>(LoginPo.java:10)
	at library.BaseClass.<init>(BaseClass.java:17)
	at Po.LoginPo.<init>(LoginPo.java:10)
	at library.BaseClass.<init>(BaseClass.java:17)
	at Po.LoginPo.<init>(LoginPo.java:10)
	at library.BaseClass.<init>(BaseClass.java:17)
	at Po.LoginPo.<init>(LoginPo.java:10)
	at library.BaseClass.<init>(BaseClass.java:17)
	at Po.LoginPo.<init>(LoginPo.java:10)
	at library.BaseClass.<init>(BaseClass.java:17)
	at Po.LoginPo.<init>(LoginPo.java:10)
	at library.BaseClass.<init>(BaseClass.java:17)
	at Po.LoginPo.<init>(LoginPo.java:10)
	at library.BaseClass.<init>(BaseClass.java:17)
	at Po.LoginPo.<init>(LoginPo.java:10)
	at library.BaseClass.<init>(BaseClass.java:17)
	at Po.LoginPo.<init>(LoginPo.java:10)
	at library.BaseClass.<init>(BaseClass.java:17)
	at Po.LoginPo.<init>(LoginPo.java:10)
	at library.BaseClass.<init>(BaseClass.java:17)
	at Po.LoginPo.<init>(LoginPo.java:10)
	at library.BaseClass.<init>(BaseClass.java:17)
	at Po.LoginPo.<init>(LoginPo.java:10)
	at library.BaseClass.<init>(BaseClass.java:17)
	at Po.LoginPo.<init>(LoginPo.java:10)
	at library.BaseClass.<init>(BaseClass.java:17)
	at Po.LoginPo.<init>(LoginPo.java:10)
	at library.BaseClass.<init>(BaseClass.java:17)
	at Po.LoginPo.<init>(LoginPo.java:10)
	at library.BaseClass.<init>(BaseClass.java:17)
	at Po.LoginPo.<init>(LoginPo.java:10)
	at library.BaseClass.<init>(BaseClass.java:17)
	at Po.LoginPo.<init>(LoginPo.java:10)
	at library.BaseClass.<init>(BaseClass.java:17)
	at Po.LoginPo.<init>(LoginPo.java:10)
	at library.BaseClass.<init>(BaseClass.java:17)
	at Po.LoginPo.<init>(LoginPo.java:10)
	at library.BaseClass.<init>(BaseClass.java:17)
	at Po.LoginPo.<init>(LoginPo.java:10)
	at library.BaseClass.<init>(BaseClass.java:17)
	at Po.LoginPo.<init>(LoginPo.java:10)
	at library.BaseClass.<init>(BaseClass.java:17)
	at Po.LoginPo.<init>(LoginPo.java:10)
	at library.BaseClass.<init>(BaseClass.java:17)
	at Po.LoginPo.<init>(LoginPo.java:10)
	at library.BaseClass.<init>(BaseClass.java:17)
	at Po.LoginPo.<init>(LoginPo.java:10)
	at library.BaseClass.<init>(BaseClass.java:17)
	at Po.LoginPo.<init>(LoginPo.java:10)
	at library.BaseClass.<init>(BaseClass.java:17)
	at Po.LoginPo.<init>(LoginPo.java:10)
	at library.BaseClass.<init>(BaseClass.java:17)
	at Po.LoginPo.<init>(LoginPo.java:10)
	at library.BaseClass.<init>(BaseClass.java:17)
	at Po.LoginPo.<init>(LoginPo.java:10)
	at library.BaseClass.<init>(BaseClass.java:17)
	at Po.LoginPo.<init>(LoginPo.java:10)
	at library.BaseClass.<init>(BaseClass.java:17)
	at Po.LoginPo.<init>(LoginPo.java:10)
	at library.BaseClass.<init>(BaseClass.java:17)
	at Po.LoginPo.<init>(LoginPo.java:10)
	at library.BaseClass.<init>(BaseClass.java:17)
	at Po.LoginPo.<init>(LoginPo.java:10)
	at library.BaseClass.<init>(BaseClass.java:17)
	at Po.LoginPo.<init>(LoginPo.java:10)
	at library.BaseClass.<init>(BaseClass.java:17)
	at Po.LoginPo.<init>(LoginPo.java:10)
	at library.BaseClass.<init>(BaseClass.java:17)
	at Po.LoginPo.<init>(LoginPo.java:10)
	at library.BaseClass.<init>(BaseClass.java:17)
	at Po.LoginPo.<init>(LoginPo.java:10)
	at library.BaseClass.<init>(BaseClass.java:17)
	at Po.LoginPo.<init>(LoginPo.java:10)
	at library.BaseClass.<init>(BaseClass.java:17)
	at Po.LoginPo.<init>(LoginPo.java:10)
	at library.BaseClass.<init>(BaseClass.java:17)
	at Po.LoginPo.<init>(LoginPo.java:10)
	at library.BaseClass.<init>(BaseClass.java:17)
	at Po.LoginPo.<init>(LoginPo.java:10)
	at library.BaseClass.<init>(BaseClass.java:17)
	at Po.LoginPo.<init>(LoginPo.java:10)
	at library.BaseClass.<init>(BaseClass.java:17)
	at Po.LoginPo.<init>(LoginPo.java:10)
	at library.BaseClass.<init>(BaseClass.java:17)
	at Po.LoginPo.<init>(LoginPo.java:10)
	at library.BaseClass.<init>(BaseClass.java:17)
	at Po.LoginPo.<init>(LoginPo.java:10)
	at library.BaseClass.<init>(BaseClass.java:17)
	at Po.LoginPo.<init>(LoginPo.java:10)
	at library.BaseClass.<init>(BaseClass.java:17)
	at Po.LoginPo.<init>(LoginPo.java:10)
	at library.BaseClass.<init>(BaseClass.java:17)
	at Po.LoginPo.<init>(LoginPo.java:10)
	at library.BaseClass.<init>(BaseClass.java:17)
	at Po.LoginPo.<init>(LoginPo.java:10)
	at library.BaseClass.<init>(BaseClass.java:17)
	at Po.LoginPo.<init>(LoginPo.java:10)
	at library.BaseClass.<init>(BaseClass.java:17)
	at Po.LoginPo.<init>(LoginPo.java:10)
	at library.BaseClass.<init>(BaseClass.java:17)
	at Po.LoginPo.<init>(LoginPo.java:10)
	at library.BaseClass.<init>(BaseClass.java:17)
	at Po.LoginPo.<init>(LoginPo.java:10)
	at library.BaseClass.<init>(BaseClass.java:17)
	at Po.LoginPo.<init>(LoginPo.java:10)
	at library.BaseClass.<init>(BaseClass.java:17)
	at Po.LoginPo.<init>(LoginPo.java:10)
	at library.BaseClass.<init>(BaseClass.java:17)
	at Po.LoginPo.<init>(LoginPo.java:10)
	at library.BaseClass.<init>(BaseClass.java:17)
	at Po.LoginPo.<init>(LoginPo.java:10)
	at library.BaseClass.<init>(BaseClass.java:17)
	at Po.LoginPo.<init>(LoginPo.java:10)
	at library.BaseClass.<init>(BaseClass.java:17)
	at Po.LoginPo.<init>(LoginPo.java:10)
	at library.BaseClass.<init>(BaseClass.java:17)
	at Po.LoginPo.<init>(LoginPo.java:10)
	at library.BaseClass.<init>(BaseClass.java:17)
	at Po.LoginPo.<init>(LoginPo.java:10)
	at library.BaseClass.<init>(BaseClass.java:17)
	at Po.LoginPo.<init>(LoginPo.java:10)
	at library.BaseClass.<init>(BaseClass.java:17)
	at Po.LoginPo.<init>(LoginPo.java:10)
	at library.BaseClass.<init>(BaseClass.java:17)
	at Po.LoginPo.<init>(LoginPo.java:10)
	at library.BaseClass.<init>(BaseClass.java:17)
	at Po.LoginPo.<init>(LoginPo.java:10)
	at library.BaseClass.<init>(BaseClass.java:17)
	at Po.LoginPo.<init>(LoginPo.java:10)
	at library.BaseClass.<init>(BaseClass.java:17)
	at Po.LoginPo.<init>(LoginPo.java:10)
	at library.BaseClass.<init>(BaseClass.java:17)
	at Po.LoginPo.<init>(LoginPo.java:10)
	at library.BaseClass.<init>(BaseClass.java:17)
	at Po.LoginPo.<init>(LoginPo.java:10)
	at library.BaseClass.<init>(BaseClass.java:17)
	at Po.LoginPo.<init>(LoginPo.java:10)
	at library.BaseClass.<init>(BaseClass.java:17)
	at Po.LoginPo.<init>(LoginPo.java:10)
	at library.BaseClass.<init>(BaseClass.java:17)
	at Po.LoginPo.<init>(LoginPo.java:10)
	at library.BaseClass.<init>(BaseClass.java:17)
	at Po.LoginPo.<init>(LoginPo.java:10)
	at library.BaseClass.<init>(BaseClass.java:17)
	at Po.LoginPo.<init>(LoginPo.java:10)
	at library.BaseClass.<init>(BaseClass.java:17)
	at Po.LoginPo.<init>(LoginPo.java:10)
	at library.BaseClass.<init>(BaseClass.java:17)
	at Po.LoginPo.<init>(LoginPo.java:10)
	at library.BaseClass.<init>(BaseClass.java:17)
	at Po.LoginPo.<init>(LoginPo.java:10)
	at library.BaseClass.<init>(BaseClass.java:17)
	at Po.LoginPo.<init>(LoginPo.java:10)
	at library.BaseClass.<init>(BaseClass.java:17)
	at Po.LoginPo.<init>(LoginPo.java:10)
	at library.BaseClass.<init>(BaseClass.java:17)
	at Po.LoginPo.<init>(LoginPo.java:10)
	at library.BaseClass.<init>(BaseClass.java:17)
	at Po.LoginPo.<init>(LoginPo.java:10)
	at library.BaseClass.<init>(BaseClass.java:17)
	at Po.LoginPo.<init>(LoginPo.java:10)
	at library.BaseClass.<init>(BaseClass.java:17)
	at Po.LoginPo.<init>(LoginPo.java:10)
	at library.BaseClass.<init>(BaseClass.java:17)
	at Po.LoginPo.<init>(LoginPo.java:10)
	at library.BaseClass.<init>(BaseClass.java:17)
	at Po.LoginPo.<init>(LoginPo.java:10)
	at library.BaseClass.<init>(BaseClass.java:17)
	at Po.LoginPo.<init>(LoginPo.java:10)
	at library.BaseClass.<init>(BaseClass.java:17)
	at Po.LoginPo.<init>(LoginPo.java:10)
	at library.BaseClass.<init>(BaseClass.java:17)
	at Po.LoginPo.<init>(LoginPo.java:10)
	at library.BaseClass.<init>(BaseClass.java:17)
	at Po.LoginPo.<init>(LoginPo.java:10)
	at library.BaseClass.<init>(BaseClass.java:17)
	at Po.LoginPo.<init>(LoginPo.java:10)
	at library.BaseClass.<init>(BaseClass.java:17)
	at Po.LoginPo.<init>(LoginPo.java:10)
	at library.BaseClass.<init>(BaseClass.java:17)
	at Po.LoginPo.<init>(LoginPo.java:10)
	at library.BaseClass.<init>(BaseClass.java:17)
	at Po.LoginPo.<init>(LoginPo.java:10)
	at library.BaseClass.<init>(BaseClass.java:17)
	at Po.LoginPo.<init>(LoginPo.java:10)
	at library.BaseClass.<init>(BaseClass.java:17)
	at Po.LoginPo.<init>(LoginPo.java:10)
	at library.BaseClass.<init>(BaseClass.java:17)
	at Po.LoginPo.<init>(LoginPo.java:10)
	at library.BaseClass.<init>(BaseClass.java:17)
	at Po.LoginPo.<init>(LoginPo.java:10)
	at library.BaseClass.<init>(BaseClass.java:17)
	at Po.LoginPo.<init>(LoginPo.java:10)
	at library.BaseClass.<init>(BaseClass.java:17)
	at Po.LoginPo.<init>(LoginPo.java:10)
	at library.BaseClass.<init>(BaseClass.java:17)
	at Po.LoginPo.<init>(LoginPo.java:10)
	at library.BaseClass.<init>(BaseClass.java:17)
	at Po.LoginPo.<init>(LoginPo.java:10)
	at library.BaseClass.<init>(BaseClass.java:17)
	at Po.LoginPo.<init>(LoginPo.java:10)
	at library.BaseClass.<init>(BaseClass.java:17)
	at Po.LoginPo.<init>(LoginPo.java:10)
	at library.BaseClass.<init>(BaseClass.java:17)
	at Po.LoginPo.<init>(LoginPo.java:10)
	at library.BaseClass.<init>(BaseClass.java:17)
	at Po.LoginPo.<init>(LoginPo.java:10)
	at library.BaseClass.<init>(BaseClass.java:17)
	at Po.LoginPo.<init>(LoginPo.java:10)
	at library.BaseClass.<init>(BaseClass.java:17)
	at Po.LoginPo.<init>(LoginPo.java:10)
	at library.BaseClass.<init>(BaseClass.java:17)
	at Po.LoginPo.<init>(LoginPo.java:10)
	at library.BaseClass.<init>(BaseClass.java:17)
	at Po.LoginPo.<init>(LoginPo.java:10)
	at library.BaseClass.<init>(BaseClass.java:17)
	at Po.LoginPo.<init>(LoginPo.java:10)
	at library.BaseClass.<init>(BaseClass.java:17)
	at Po.LoginPo.<init>(LoginPo.java:10)
	at library.BaseClass.<init>(BaseClass.java:17)
	at Po.LoginPo.<init>(LoginPo.java:10)
	at library.BaseClass.<init>(BaseClass.java:17)
	at Po.LoginPo.<init>(LoginPo.java:10)
	at library.BaseClass.<init>(BaseClass.java:17)
	at Po.LoginPo.<init>(LoginPo.java:10)
	at library.BaseClass.<init>(BaseClass.java:17)
	at Po.LoginPo.<init>(LoginPo.java:10)
	at library.BaseClass.<init>(BaseClass.java:17)
	at Po.LoginPo.<init>(LoginPo.java:10)
	at library.BaseClass.<init>(BaseClass.java:17)
	at Po.LoginPo.<init>(LoginPo.java:10)
	at library.BaseClass.<init>(BaseClass.java:17)
	at Po.LoginPo.<init>(LoginPo.java:10)
	at library.BaseClass.<init>(BaseClass.java:17)
	at Po.LoginPo.<init>(LoginPo.java:10)
	at library.BaseClass.<init>(BaseClass.java:17)
	at Po.LoginPo.<init>(LoginPo.java:10)
	at library.BaseClass.<init>(BaseClass.java:17)
	at Po.LoginPo.<init>(LoginPo.java:10)
	at library.BaseClass.<init>(BaseClass.java:17)
	at Po.LoginPo.<init>(LoginPo.java:10)
	at library.BaseClass.<init>(BaseClass.java:17)
	at Po.LoginPo.<init>(LoginPo.java:10)
	at library.BaseClass.<init>(BaseClass.java:17)
	at Po.LoginPo.<init>(LoginPo.java:10)
	at library.BaseClass.<init>(BaseClass.java:17)
	at Po.LoginPo.<init>(LoginPo.java:10)
	at library.BaseClass.<init>(BaseClass.java:17)
	at Po.LoginPo.<init>(LoginPo.java:10)
	at library.BaseClass.<init>(BaseClass.java:17)
	at Po.LoginPo.<init>(LoginPo.java:10)
	at library.BaseClass.<init>(BaseClass.java:17)
	at Po.LoginPo.<init>(LoginPo.java:10)
	at library.BaseClass.<init>(BaseClass.java:17)
	at Po.LoginPo.<init>(LoginPo.java:10)
	at library.BaseClass.<init>(BaseClass.java:17)
	at Po.LoginPo.<init>(LoginPo.java:10)
	at library.BaseClass.<init>(BaseClass.java:17)
	at Po.LoginPo.<init>(LoginPo.java:10)
	at library.BaseClass.<init>(BaseClass.java:17)
	at Po.LoginPo.<init>(LoginPo.java:10)
	at library.BaseClass.<init>(BaseClass.java:17)
	at Po.LoginPo.<init>(LoginPo.java:10)
	at library.BaseClass.<init>(BaseClass.java:17)
	at Po.LoginPo.<init>(LoginPo.java:10)
	at library.BaseClass.<init>(BaseClass.java:17)
	at Po.LoginPo.<init>(LoginPo.java:10)
	at library.BaseClass.<init>(BaseClass.java:17)
	at Po.LoginPo.<init>(LoginPo.java:10)
	at library.BaseClass.<init>(BaseClass.java:17)
	at Po.LoginPo.<init>(LoginPo.java:10)
	at library.BaseClass.<init>(BaseClass.java:17)
	at Po.LoginPo.<init>(LoginPo.java:10)
	at library.BaseClass.<init>(BaseClass.java:17)
	at Po.LoginPo.<init>(LoginPo.java:10)
	at library.BaseClass.<init>(BaseClass.java:17)
	at Po.LoginPo.<init>(LoginPo.java:10)
	at library.BaseClass.<init>(BaseClass.java:17)
	at Po.LoginPo.<init>(LoginPo.java:10)
	at library.BaseClass.<init>(BaseClass.java:17)
	at Po.LoginPo.<init>(LoginPo.java:10)
	at library.BaseClass.<init>(BaseClass.java:17)
	at Po.LoginPo.<init>(LoginPo.java:10)
	at library.BaseClass.<init>(BaseClass.java:17)
	at Po.LoginPo.<init>(LoginPo.java:10)
	at library.BaseClass.<init>(BaseClass.java:17)
	at Po.LoginPo.<init>(LoginPo.java:10)
	at library.BaseClass.<init>(BaseClass.java:17)
	at Po.LoginPo.<init>(LoginPo.java:10)
	at library.BaseClass.<init>(BaseClass.java:17)
	at Po.LoginPo.<init>(LoginPo.java:10)
	at library.BaseClass.<init>(BaseClass.java:17)
	at Po.LoginPo.<init>(LoginPo.java:10)
	at library.BaseClass.<init>(BaseClass.java:17)
	at Po.LoginPo.<init>(LoginPo.java:10)
	at library.BaseClass.<init>(BaseClass.java:17)
	at Po.LoginPo.<init>(LoginPo.java:10)
	at library.BaseClass.<init>(BaseClass.java:17)
	at Po.LoginPo.<init>(LoginPo.java:10)
	at library.BaseClass.<init>(BaseClass.java:17)
	at Po.LoginPo.<init>(LoginPo.java:10)
	at library.BaseClass.<init>(BaseClass.java:17)
	at Po.LoginPo.<init>(LoginPo.java:10)
	at library.BaseClass.<init>(BaseClass.java:17)
	at Po.LoginPo.<init>(LoginPo.java:10)
	at library.BaseClass.<init>(BaseClass.java:17)
	at Po.LoginPo.<init>(LoginPo.java:10)
	at library.BaseClass.<init>(BaseClass.java:17)
	at Po.LoginPo.<init>(LoginPo.java:10)
	at library.BaseClass.<init>(BaseClass.java:17)
	at Po.LoginPo.<init>(LoginPo.java:10)
	at library.BaseClass.<init>(BaseClass.java:17)
	at Po.LoginPo.<init>(LoginPo.java:10)
	at library.BaseClass.<init>(BaseClass.java:17)
	at Po.LoginPo.<init>(LoginPo.java:10)
	at library.BaseClass.<init>(BaseClass.java:17)
	at Po.LoginPo.<init>(LoginPo.java:10)
	at library.BaseClass.<init>(BaseClass.java:17)
	at Po.LoginPo.<init>(LoginPo.java:10)
	at library.BaseClass.<init>(BaseClass.java:17)
	at Po.LoginPo.<init>(LoginPo.java:10)
	at library.BaseClass.<init>(BaseClass.java:17)
	at Po.LoginPo.<init>(LoginPo.java:10)
	at library.BaseClass.<init>(BaseClass.java:17)
	at Po.LoginPo.<init>(LoginPo.java:10)
	at library.BaseClass.<init>(BaseClass.java:17)
	at Po.LoginPo.<init>(LoginPo.java:10)
	at library.BaseClass.<init>(BaseClass.java:17)
	at Po.LoginPo.<init>(LoginPo.java:10)
	at library.BaseClass.<init>(BaseClass.java:17)
	at Po.LoginPo.<init>(LoginPo.java:10)
	at library.BaseClass.<init>(BaseClass.java:17)
	at Po.LoginPo.<init>(LoginPo.java:10)
	at library.BaseClass.<init>(BaseClass.java:17)
	at Po.LoginPo.<init>(LoginPo.java:10)
	at library.BaseClass.<init>(BaseClass.java:17)
	at Po.LoginPo.<init>(LoginPo.java:10)
	at library.BaseClass.<init>(BaseClass.java:17)
	at Po.LoginPo.<init>(LoginPo.java:10)
	at library.BaseClass.<init>(BaseClass.java:17)
	at Po.LoginPo.<init>(LoginPo.java:10)
	at library.BaseClass.<init>(BaseClass.java:17)
	at Po.LoginPo.<init>(LoginPo.java:10)
	at library.BaseClass.<init>(BaseClass.java:17)
	at Po.LoginPo.<init>(LoginPo.java:10)
	at library.BaseClass.<init>(BaseClass.java:17)
	at Po.LoginPo.<init>(LoginPo.java:10)
	at library.BaseClass.<init>(BaseClass.java:17)
	at Po.LoginPo.<init>(LoginPo.java:10)
	at library.BaseClass.<init>(BaseClass.java:17)
	at Po.LoginPo.<init>(LoginPo.java:10)
	at library.BaseClass.<init>(BaseClass.java:17)
	at Po.LoginPo.<init>(LoginPo.java:10)
	at library.BaseClass.<init>(BaseClass.java:17)
	at Po.LoginPo.<init>(LoginPo.java:10)
	at library.BaseClass.<init>(BaseClass.java:17)
	at Po.LoginPo.<init>(LoginPo.java:10)
	at library.BaseClass.<init>(BaseClass.java:17)
	at Po.LoginPo.<init>(LoginPo.java:10)
	at library.BaseClass.<init>(BaseClass.java:17)
	at Po.LoginPo.<init>(LoginPo.java:10)
	at library.BaseClass.<init>(BaseClass.java:17)
	at Po.LoginPo.<init>(LoginPo.java:10)
	at library.BaseClass.<init>(BaseClass.java:17)
	at Po.LoginPo.<init>(LoginPo.java:10)
	at library.BaseClass.<init>(BaseClass.java:17)
	at Po.LoginPo.<init>(LoginPo.java:10)
	at library.BaseClass.<init>(BaseClass.java:17)
	at Po.LoginPo.<init>(LoginPo.java:10)
	at library.BaseClass.<init>(BaseClass.java:17)
	at Po.LoginPo.<init>(LoginPo.java:10)
	at library.BaseClass.<init>(BaseClass.java:17)
	at Po.LoginPo.<init>(LoginPo.java:10)
	at library.BaseClass.<init>(BaseClass.java:17)
	at Po.LoginPo.<init>(LoginPo.java:10)
	at library.BaseClass.<init>(BaseClass.java:17)
	at Po.LoginPo.<init>(LoginPo.java:10)
	at library.BaseClass.<init>(BaseClass.java:17)
	at Po.LoginPo.<init>(LoginPo.java:10)
	at library.BaseClass.<init>(BaseClass.java:17)
	at Po.LoginPo.<init>(LoginPo.java:10)
	at library.BaseClass.<init>(BaseClass.java:17)
	at Po.LoginPo.<init>(LoginPo.java:10)
	at library.BaseClass.<init>(BaseClass.java:17)
	at Po.LoginPo.<init>(LoginPo.java:10)
	at library.BaseClass.<init>(BaseClass.java:17)
	at Po.LoginPo.<init>(LoginPo.java:10)
	at library.BaseClass.<init>(BaseClass.java:17)
	at Po.LoginPo.<init>(LoginPo.java:10)
	at library.BaseClass.<init>(BaseClass.java:17)
	at Po.LoginPo.<init>(LoginPo.java:10)
	at library.BaseClass.<init>(BaseClass.java:17)
	at Po.LoginPo.<init>(LoginPo.java:10)
	at library.BaseClass.<init>(BaseClass.java:17)
	at Po.LoginPo.<init>(LoginPo.java:10)
	at library.BaseClass.<init>(BaseClass.java:17)
	at Po.LoginPo.<init>(LoginPo.java:10)
	at library.BaseClass.<init>(BaseClass.java:17)
	at Po.LoginPo.<init>(LoginPo.java:10)
	at library.BaseClass.<init>(BaseClass.java:17)
	at Po.LoginPo.<init>(LoginPo.java:10)
	at library.BaseClass.<init>(BaseClass.java:17)
	at Po.LoginPo.<init>(LoginPo.java:10)
	at library.BaseClass.<init>(BaseClass.java:17)
	at Po.LoginPo.<init>(LoginPo.java:10)
	at library.BaseClass.<init>(BaseClass.java:17)
	at Po.LoginPo.<init>(LoginPo.java:10)
	at library.BaseClass.<init>(BaseClass.java:17)
	at Po.LoginPo.<init>(LoginPo.java:10)
	at library.BaseClass.<init>(BaseClass.java:17)
	at Po.LoginPo.<init>(LoginPo.java:10)
	at library.BaseClass.<init>(BaseClass.java:17)
	at Po.LoginPo.<init>(LoginPo.java:10)
	at library.BaseClass.<init>(BaseClass.java:17)
	at Po.LoginPo.<init>(LoginPo.java:10)
	at library.BaseClass.<init>(BaseClass.java:17)
	at Po.LoginPo.<init>(LoginPo.java:10)
	at library.BaseClass.<init>(BaseClass.java:17)
	at Po.LoginPo.<init>(LoginPo.java:10)
	at library.BaseClass.<init>(BaseClass.java:17)
	at Po.LoginPo.<init>(LoginPo.java:10)
	at library.BaseClass.<init>(BaseClass.java:17)
	at Po.LoginPo.<init>(LoginPo.java:10)
	at library.BaseClass.<init>(BaseClass.java:17)
	at Po.LoginPo.<init>(LoginPo.java:10)
	at library.BaseClass.<init>(BaseClass.java:17)
	at Po.LoginPo.<init>(LoginPo.java:10)
	at library.BaseClass.<init>(BaseClass.java:17)
	at Po.LoginPo.<init>(LoginPo.java:10)
	at library.BaseClass.<init>(BaseClass.java:17)
	at Po.LoginPo.<init>(LoginPo.java:10)
	at library.BaseClass.<init>(BaseClass.java:17)
	at Po.LoginPo.<init>(LoginPo.java:10)
	at library.BaseClass.<init>(BaseClass.java:17)
	at Po.LoginPo.<init>(LoginPo.java:10)
	at library.BaseClass.<init>(BaseClass.java:17)
	at Po.LoginPo.<init>(LoginPo.java:10)
	at library.BaseClass.<init>(BaseClass.java:17)
	at Po.LoginPo.<init>(LoginPo.java:10)
	at library.BaseClass.<init>(BaseClass.java:17)
	at Po.LoginPo.<init>(LoginPo.java:10)
	at library.BaseClass.<init>(BaseClass.java:17)
	at Po.LoginPo.<init>(LoginPo.java:10)
	at library.BaseClass.<init>(BaseClass.java:17)
	at Po.LoginPo.<init>(LoginPo.java:10)
	at library.BaseClass.<init>(BaseClass.java:17)
	at Po.LoginPo.<init>(LoginPo.java:10)
	at library.BaseClass.<init>(BaseClass.java:17)
	at Po.LoginPo.<init>(LoginPo.java:10)
	at library.BaseClass.<init>(BaseClass.java:17)
	at Po.LoginPo.<init>(LoginPo.java:10)
	at library.BaseClass.<init>(BaseClass.java:17)
	at Po.LoginPo.<init>(LoginPo.java:10)
	at library.BaseClass.<init>(BaseClass.java:17)
	at Po.LoginPo.<init>(LoginPo.java:10)
	at library.BaseClass.<init>(BaseClass.java:17)
	at Po.LoginPo.<init>(LoginPo.java:10)
	at library.BaseClass.<init>(BaseClass.java:17)
	at Po.LoginPo.<init>(LoginPo.java:10)
	at library.BaseClass.<init>(BaseClass.java:17)
	at Po.LoginPo.<init>(LoginPo.java:10)
	at library.BaseClass.<init>(BaseClass.java:17)
	at Po.LoginPo.<init>(LoginPo.java:10)
	at library.BaseClass.<init>(BaseClass.java:17)
	at Po.LoginPo.<init>(LoginPo.java:10)
	at library.BaseClass.<init>(BaseClass.java:17)
	at Po.LoginPo.<init>(LoginPo.java:10)
	at library.BaseClass.<init>(BaseClass.java:17)
	at Po.LoginPo.<init>(LoginPo.java:10)
	at library.BaseClass.<init>(BaseClass.java:17)
	at Po.LoginPo.<init>(LoginPo.java:10)
	at library.BaseClass.<init>(BaseClass.java:17)
	at Po.LoginPo.<init>(LoginPo.java:10)
	at library.BaseClass.<init>(BaseClass.java:17)
	at Po.LoginPo.<init>(LoginPo.java:10)
	at library.BaseClass.<init>(BaseClass.java:17)
	at Po.LoginPo.<init>(LoginPo.java:10)
	at library.BaseClass.<init>(BaseClass.java:17)
	at Po.LoginPo.<init>(LoginPo.java:10)
	at library.BaseClass.<init>(BaseClass.java:17)
	at Po.LoginPo.<init>(LoginPo.java:10)
	at library.BaseClass.<init>(BaseClass.java:17)
	at Po.LoginPo.<init>(LoginPo.java:10)
	at library.BaseClass.<init>(BaseClass.java:17)
	at Po.LoginPo.<init>(LoginPo.java:10)
	at library.BaseClass.<init>(BaseClass.java:17)
	at Po.LoginPo.<init>(LoginPo.java:10)
	at library.BaseClass.<init>(BaseClass.java:17)
	at Po.LoginPo.<init>(LoginPo.java:10)
	at library.BaseClass.<init>(BaseClass.java:17)
	at Po.LoginPo.<init>(LoginPo.java:10)
	at library.BaseClass.<init>(BaseClass.java:17)
	at Po.LoginPo.<init>(LoginPo.java:10)
	at library.BaseClass.<init>(BaseClass.java:17)
	at Po.LoginPo.<init>(LoginPo.java:10)
	at library.BaseClass.<init>(BaseClass.java:17)
	at Po.LoginPo.<init>(LoginPo.java:10)
	at library.BaseClass.<init>(BaseClass.java:17)
	at Po.LoginPo.<init>(LoginPo.java:10)
	at library.BaseClass.<init>(BaseClass.java:17)
	at Po.LoginPo.<init>(LoginPo.java:10)
	at library.BaseClass.<init>(BaseClass.java:17)
	at Po.LoginPo.<init>(LoginPo.java:10)
	at library.BaseClass.<init>(BaseClass.java:17)
	at Po.LoginPo.<init>(LoginPo.java:10)
	at library.BaseClass.<init>(BaseClass.java:17)
	at Po.LoginPo.<init>(LoginPo.java:10)
	at library.BaseClass.<init>(BaseClass.java:17)
	at Po.LoginPo.<init>(LoginPo.java:10)
	at library.BaseClass.<init>(BaseClass.java:17)
	at Po.LoginPo.<init>(LoginPo.java:10)
	at library.BaseClass.<init>(BaseClass.java:17)
	at Po.LoginPo.<init>(LoginPo.java:10)
	at library.BaseClass.<init>(BaseClass.java:17)
	at Po.LoginPo.<init>(LoginPo.java:10)
	at library.BaseClass.<init>(BaseClass.java:17)
	at Po.LoginPo.<init>(LoginPo.java:10)
	at library.BaseClass.<init>(BaseClass.java:17)
	at Po.LoginPo.<init>(LoginPo.java:10)
	at library.BaseClass.<init>(BaseClass.java:17)
	at Po.LoginPo.<init>(LoginPo.java:10)
	at library.BaseClass.<init>(BaseClass.java:17)
	at Po.LoginPo.<init>(LoginPo.java:10)
	at library.BaseClass.<init>(BaseClass.java:17)
	at Po.LoginPo.<init>(LoginPo.java:10)
	at library.BaseClass.<init>(BaseClass.java:17)
	at Po.LoginPo.<init>(LoginPo.java:10)
	at library.BaseClass.<init>(BaseClass.java:17)
	at Po.LoginPo.<init>(LoginPo.java:10)
	at library.BaseClass.<init>(BaseClass.java:17)
	at Po.LoginPo.<init>(LoginPo.java:10)
	at library.BaseClass.<init>(BaseClass.java:17)
	at Po.LoginPo.<init>(LoginPo.java:10)
	at library.BaseClass.<init>(BaseClass.java:17)
	at Po.LoginPo.<init>(LoginPo.java:10)
	at library.BaseClass.<init>(BaseClass.java:17)
	at Po.LoginPo.<init>(LoginPo.java:10)
	at library.BaseClass.<init>(BaseClass.java:17)
	at Po.LoginPo.<init>(LoginPo.java:10)
	at library.BaseClass.<init>(BaseClass.java:17)
	at Po.LoginPo.<init>(LoginPo.java:10)
	at library.BaseClass.<init>(BaseClass.java:17)
	at Po.LoginPo.<init>(LoginPo.java:10)
	at library.BaseClass.<init>(BaseClass.java:17)
	at Po.LoginPo.<init>(LoginPo.java:10)
	at library.BaseClass.<init>(BaseClass.java:17)
	at Po.LoginPo.<init>(LoginPo.java:10)
	at library.BaseClass.<init>(BaseClass.java:17)
	at Po.LoginPo.<init>(LoginPo.java:10)
	at library.BaseClass.<init>(BaseClass.java:17)
	at Po.LoginPo.<init>(LoginPo.java:10)
	at library.BaseClass.<init>(BaseClass.java:17)
	at Po.LoginPo.<init>(LoginPo.java:10)
	at library.BaseClass.<init>(BaseClass.java:17)
	at Po.LoginPo.<init>(LoginPo.java:10)
	at library.BaseClass.<init>(BaseClass.java:17)
	at Po.LoginPo.<init>(LoginPo.java:10)
	at library.BaseClass.<init>(BaseClass.java:17)
	at Po.LoginPo.<init>(LoginPo.java:10)
	at library.BaseClass.<init>(BaseClass.java:17)
	at Po.LoginPo.<init>(LoginPo.java:10)
	at library.BaseClass.<init>(BaseClass.java:17)
	at Po.LoginPo.<init>(LoginPo.java:10)
	at library.BaseClass.<init>(BaseClass.java:17)
	at Po.LoginPo.<init>(LoginPo.java:10)
	at library.BaseClass.<init>(BaseClass.java:17)
	at Po.LoginPo.<init>(LoginPo.java:10)
	at library.BaseClass.<init>(BaseClass.java:17)
	at Po.LoginPo.<init>(LoginPo.java:10)
	at library.BaseClass.<init>(BaseClass.java:17)
	at Po.LoginPo.<init>(LoginPo.java:10)
	at library.BaseClass.<init>(BaseClass.java:17)
	at Po.LoginPo.<init>(LoginPo.java:10)
	at library.BaseClass.<init>(BaseClass.java:17)
	at Po.LoginPo.<init>(LoginPo.java:10)
	at library.BaseClass.<init>(BaseClass.java:17)
	at Po.LoginPo.<init>(LoginPo.java:10)
	at library.BaseClass.<init>(BaseClass.java:17)
	at Po.LoginPo.<init>(LoginPo.java:10)
	at library.BaseClass.<init>(BaseClass.java:17)
	at Po.LoginPo.<init>(LoginPo.java:10)
	at library.BaseClass.<init>(BaseClass.java:17)
	at Po.LoginPo.<init>(LoginPo.java:10)
	at library.BaseClass.<init>(BaseClass.java:17)
	at Po.LoginPo.<init>(LoginPo.java:10)
	at library.BaseClass.<init>(BaseClass.java:17)
	at Po.LoginPo.<init>(LoginPo.java:10)
	at library.BaseClass.<init>(BaseClass.java:17)
	at Po.LoginPo.<init>(LoginPo.java:10)
	at library.BaseClass.<init>(BaseClass.java:17)
	at Po.LoginPo.<init>(LoginPo.java:10)
	at library.BaseClass.<init>(BaseClass.java:17)
	at Po.LoginPo.<init>(LoginPo.java:10)
	at library.BaseClass.<init>(BaseClass.java:17)
	at Po.LoginPo.<init>(LoginPo.java:10)
	at library.BaseClass.<init>(BaseClass.java:17)
	at Po.LoginPo.<init>(LoginPo.java:10)
	at library.BaseClass.<init>(BaseClass.java:17)
	at Po.LoginPo.<init>(LoginPo.java:10)
	at library.BaseClass.<init>(BaseClass.java:17)
	at Po.LoginPo.<init>(LoginPo.java:10)
	at library.BaseClass.<init>(BaseClass.java:17)
	at Po.LoginPo.<init>(LoginPo.java:10)
	at library.BaseClass.<init>(BaseClass.java:17)
	at Po.LoginPo.<init>(LoginPo.java:10)
	at library.BaseClass.<init>(BaseClass.java:17)
	at Po.LoginPo.<init>(LoginPo.java:10)
	at library.BaseClass.<init>(BaseClass.java:17)
	at Po.LoginPo.<init>(LoginPo.java:10)
	at library.BaseClass.<init>(BaseClass.java:17)
	at Po.LoginPo.<init>(LoginPo.java:10)
	at library.BaseClass.<init>(BaseClass.java:17)
	at Po.LoginPo.<init>(LoginPo.java:10)
	at library.BaseClass.<init>(BaseClass.java:17)
	at Po.LoginPo.<init>(LoginPo.java:10)
	at library.BaseClass.<init>(BaseClass.java:17)
]]></failure>
    <system-err><![CDATA[1563961824944	mozrunner::runner	INFO	Running command: "C:\\Program Files\\Mozilla Firefox\\firefox.exe" "-marionette" "-foreground" "-no-remote" "-profile" "C:\\Users\\Admin\\AppData\\Local\\Temp\\rust_mozprofile.O024xE8kVGTu"
1563961825776	addons.webextension.screenshots@mozilla.org	WARN	Loading extension 'screenshots@mozilla.org': Reading manifest: Invalid extension permission: mozillaAddons
1563961825776	addons.webextension.screenshots@mozilla.org	WARN	Loading extension 'screenshots@mozilla.org': Reading manifest: Invalid extension permission: telemetry
1563961825776	addons.webextension.screenshots@mozilla.org	WARN	Loading extension 'screenshots@mozilla.org': Reading manifest: Invalid extension permission: resource://pdf.js/
1563961825776	addons.webextension.screenshots@mozilla.org	WARN	Loading extension 'screenshots@mozilla.org': Reading manifest: Invalid extension permission: about:reader*
1563961829275	Marionette	INFO	Listening on port 49453
1563961829302	Marionette	WARN	TLS certificate errors will be ignored for this session
Jul 24, 2019 3:20:29 PM org.openqa.selenium.remote.ProtocolHandshake createSession
INFO: Detected dialect: W3C
]]></system-err>
  </testcase>
  <testcase name="Login" classname="script.Test1" time="0.004">
    <failure type="java.lang.StackOverflowError:"><![CDATA[java.lang.StackOverflowError: null
	at Po.LoginPo.<init>(LoginPo.java:10)
	at library.BaseClass.<init>(BaseClass.java:17)
	at Po.LoginPo.<init>(LoginPo.java:10)
	at library.BaseClass.<init>(BaseClass.java:17)
	at Po.LoginPo.<init>(LoginPo.java:10)
	at library.BaseClass.<init>(BaseClass.java:17)
	at Po.LoginPo.<init>(LoginPo.java:10)
	at library.BaseClass.<init>(BaseClass.java:17)
	at Po.LoginPo.<init>(LoginPo.java:10)
	at library.BaseClass.<init>(BaseClass.java:17)
	at Po.LoginPo.<init>(LoginPo.java:10)
	at library.BaseClass.<init>(BaseClass.java:17)
	at Po.LoginPo.<init>(LoginPo.java:10)
	at library.BaseClass.<init>(BaseClass.java:17)
	at Po.LoginPo.<init>(LoginPo.java:10)
	at library.BaseClass.<init>(BaseClass.java:17)
	at Po.LoginPo.<init>(LoginPo.java:10)
	at library.BaseClass.<init>(BaseClass.java:17)
	at Po.LoginPo.<init>(LoginPo.java:10)
	at library.BaseClass.<init>(BaseClass.java:17)
	at Po.LoginPo.<init>(LoginPo.java:10)
	at library.BaseClass.<init>(BaseClass.java:17)
	at Po.LoginPo.<init>(LoginPo.java:10)
	at library.BaseClass.<init>(BaseClass.java:17)
	at Po.LoginPo.<init>(LoginPo.java:10)
	at library.BaseClass.<init>(BaseClass.java:17)
	at Po.LoginPo.<init>(LoginPo.java:10)
	at library.BaseClass.<init>(BaseClass.java:17)
	at Po.LoginPo.<init>(LoginPo.java:10)
	at library.BaseClass.<init>(BaseClass.java:17)
	at Po.LoginPo.<init>(LoginPo.java:10)
	at library.BaseClass.<init>(BaseClass.java:17)
	at Po.LoginPo.<init>(LoginPo.java:10)
	at library.BaseClass.<init>(BaseClass.java:17)
	at Po.LoginPo.<init>(LoginPo.java:10)
	at library.BaseClass.<init>(BaseClass.java:17)
	at Po.LoginPo.<init>(LoginPo.java:10)
	at library.BaseClass.<init>(BaseClass.java:17)
	at Po.LoginPo.<init>(LoginPo.java:10)
	at library.BaseClass.<init>(BaseClass.java:17)
	at Po.LoginPo.<init>(LoginPo.java:10)
	at library.BaseClass.<init>(BaseClass.java:17)
	at Po.LoginPo.<init>(LoginPo.java:10)
	at library.BaseClass.<init>(BaseClass.java:17)
	at Po.LoginPo.<init>(LoginPo.java:10)
	at library.BaseClass.<init>(BaseClass.java:17)
	at Po.LoginPo.<init>(LoginPo.java:10)
	at library.BaseClass.<init>(BaseClass.java:17)
	at Po.LoginPo.<init>(LoginPo.java:10)
	at library.BaseClass.<init>(BaseClass.java:17)
	at Po.LoginPo.<init>(LoginPo.java:10)
	at library.BaseClass.<init>(BaseClass.java:17)
	at Po.LoginPo.<init>(LoginPo.java:10)
	at library.BaseClass.<init>(BaseClass.java:17)
	at Po.LoginPo.<init>(LoginPo.java:10)
	at library.BaseClass.<init>(BaseClass.java:17)
	at Po.LoginPo.<init>(LoginPo.java:10)
	at library.BaseClass.<init>(BaseClass.java:17)
	at Po.LoginPo.<init>(LoginPo.java:10)
	at library.BaseClass.<init>(BaseClass.java:17)
	at Po.LoginPo.<init>(LoginPo.java:10)
	at library.BaseClass.<init>(BaseClass.java:17)
	at Po.LoginPo.<init>(LoginPo.java:10)
	at library.BaseClass.<init>(BaseClass.java:17)
	at Po.LoginPo.<init>(LoginPo.java:10)
	at library.BaseClass.<init>(BaseClass.java:17)
	at Po.LoginPo.<init>(LoginPo.java:10)
	at library.BaseClass.<init>(BaseClass.java:17)
	at Po.LoginPo.<init>(LoginPo.java:10)
	at library.BaseClass.<init>(BaseClass.java:17)
	at Po.LoginPo.<init>(LoginPo.java:10)
	at library.BaseClass.<init>(BaseClass.java:17)
	at Po.LoginPo.<init>(LoginPo.java:10)
	at library.BaseClass.<init>(BaseClass.java:17)
	at Po.LoginPo.<init>(LoginPo.java:10)
	at library.BaseClass.<init>(BaseClass.java:17)
	at Po.LoginPo.<init>(LoginPo.java:10)
	at library.BaseClass.<init>(BaseClass.java:17)
	at Po.LoginPo.<init>(LoginPo.java:10)
	at library.BaseClass.<init>(BaseClass.java:17)
	at Po.LoginPo.<init>(LoginPo.java:10)
	at library.BaseClass.<init>(BaseClass.java:17)
	at Po.LoginPo.<init>(LoginPo.java:10)
	at library.BaseClass.<init>(BaseClass.java:17)
	at Po.LoginPo.<init>(LoginPo.java:10)
	at library.BaseClass.<init>(BaseClass.java:17)
	at Po.LoginPo.<init>(LoginPo.java:10)
	at library.BaseClass.<init>(BaseClass.java:17)
	at Po.LoginPo.<init>(LoginPo.java:10)
	at library.BaseClass.<init>(BaseClass.java:17)
	at Po.LoginPo.<init>(LoginPo.java:10)
	at library.BaseClass.<init>(BaseClass.java:17)
	at Po.LoginPo.<init>(LoginPo.java:10)
	at library.BaseClass.<init>(BaseClass.java:17)
	at Po.LoginPo.<init>(LoginPo.java:10)
	at library.BaseClass.<init>(BaseClass.java:17)
	at Po.LoginPo.<init>(LoginPo.java:10)
	at library.BaseClass.<init>(BaseClass.java:17)
	at Po.LoginPo.<init>(LoginPo.java:10)
	at library.BaseClass.<init>(BaseClass.java:17)
	at Po.LoginPo.<init>(LoginPo.java:10)
	at library.BaseClass.<init>(BaseClass.java:17)
	at Po.LoginPo.<init>(LoginPo.java:10)
	at library.BaseClass.<init>(BaseClass.java:17)
	at Po.LoginPo.<init>(LoginPo.java:10)
	at library.BaseClass.<init>(BaseClass.java:17)
	at Po.LoginPo.<init>(LoginPo.java:10)
	at library.BaseClass.<init>(BaseClass.java:17)
	at Po.LoginPo.<init>(LoginPo.java:10)
	at library.BaseClass.<init>(BaseClass.java:17)
	at Po.LoginPo.<init>(LoginPo.java:10)
	at library.BaseClass.<init>(BaseClass.java:17)
	at Po.LoginPo.<init>(LoginPo.java:10)
	at library.BaseClass.<init>(BaseClass.java:17)
	at Po.LoginPo.<init>(LoginPo.java:10)
	at library.BaseClass.<init>(BaseClass.java:17)
	at Po.LoginPo.<init>(LoginPo.java:10)
	at library.BaseClass.<init>(BaseClass.java:17)
	at Po.LoginPo.<init>(LoginPo.java:10)
	at library.BaseClass.<init>(BaseClass.java:17)
	at Po.LoginPo.<init>(LoginPo.java:10)
	at library.BaseClass.<init>(BaseClass.java:17)
	at Po.LoginPo.<init>(LoginPo.java:10)
	at library.BaseClass.<init>(BaseClass.java:17)
	at Po.LoginPo.<init>(LoginPo.java:10)
	at library.BaseClass.<init>(BaseClass.java:17)
	at Po.LoginPo.<init>(LoginPo.java:10)
	at library.BaseClass.<init>(BaseClass.java:17)
	at Po.LoginPo.<init>(LoginPo.java:10)
	at library.BaseClass.<init>(BaseClass.java:17)
	at Po.LoginPo.<init>(LoginPo.java:10)
	at library.BaseClass.<init>(BaseClass.java:17)
	at Po.LoginPo.<init>(LoginPo.java:10)
	at library.BaseClass.<init>(BaseClass.java:17)
	at Po.LoginPo.<init>(LoginPo.java:10)
	at library.BaseClass.<init>(BaseClass.java:17)
	at Po.LoginPo.<init>(LoginPo.java:10)
	at library.BaseClass.<init>(BaseClass.java:17)
	at Po.LoginPo.<init>(LoginPo.java:10)
	at library.BaseClass.<init>(BaseClass.java:17)
	at Po.LoginPo.<init>(LoginPo.java:10)
	at library.BaseClass.<init>(BaseClass.java:17)
	at Po.LoginPo.<init>(LoginPo.java:10)
	at library.BaseClass.<init>(BaseClass.java:17)
	at Po.LoginPo.<init>(LoginPo.java:10)
	at library.BaseClass.<init>(BaseClass.java:17)
	at Po.LoginPo.<init>(LoginPo.java:10)
	at library.BaseClass.<init>(BaseClass.java:17)
	at Po.LoginPo.<init>(LoginPo.java:10)
	at library.BaseClass.<init>(BaseClass.java:17)
	at Po.LoginPo.<init>(LoginPo.java:10)
	at library.BaseClass.<init>(BaseClass.java:17)
	at Po.LoginPo.<init>(LoginPo.java:10)
	at library.BaseClass.<init>(BaseClass.java:17)
	at Po.LoginPo.<init>(LoginPo.java:10)
	at library.BaseClass.<init>(BaseClass.java:17)
	at Po.LoginPo.<init>(LoginPo.java:10)
	at library.BaseClass.<init>(BaseClass.java:17)
	at Po.LoginPo.<init>(LoginPo.java:10)
	at library.BaseClass.<init>(BaseClass.java:17)
	at Po.LoginPo.<init>(LoginPo.java:10)
	at library.BaseClass.<init>(BaseClass.java:17)
	at Po.LoginPo.<init>(LoginPo.java:10)
	at library.BaseClass.<init>(BaseClass.java:17)
	at Po.LoginPo.<init>(LoginPo.java:10)
	at library.BaseClass.<init>(BaseClass.java:17)
	at Po.LoginPo.<init>(LoginPo.java:10)
	at library.BaseClass.<init>(BaseClass.java:17)
	at Po.LoginPo.<init>(LoginPo.java:10)
	at library.BaseClass.<init>(BaseClass.java:17)
	at Po.LoginPo.<init>(LoginPo.java:10)
	at library.BaseClass.<init>(BaseClass.java:17)
	at Po.LoginPo.<init>(LoginPo.java:10)
	at library.BaseClass.<init>(BaseClass.java:17)
	at Po.LoginPo.<init>(LoginPo.java:10)
	at library.BaseClass.<init>(BaseClass.java:17)
	at Po.LoginPo.<init>(LoginPo.java:10)
	at library.BaseClass.<init>(BaseClass.java:17)
	at Po.LoginPo.<init>(LoginPo.java:10)
	at library.BaseClass.<init>(BaseClass.java:17)
	at Po.LoginPo.<init>(LoginPo.java:10)
	at library.BaseClass.<init>(BaseClass.java:17)
	at Po.LoginPo.<init>(LoginPo.java:10)
	at library.BaseClass.<init>(BaseClass.java:17)
	at Po.LoginPo.<init>(LoginPo.java:10)
	at library.BaseClass.<init>(BaseClass.java:17)
	at Po.LoginPo.<init>(LoginPo.java:10)
	at library.BaseClass.<init>(BaseClass.java:17)
	at Po.LoginPo.<init>(LoginPo.java:10)
	at library.BaseClass.<init>(BaseClass.java:17)
	at Po.LoginPo.<init>(LoginPo.java:10)
	at library.BaseClass.<init>(BaseClass.java:17)
	at Po.LoginPo.<init>(LoginPo.java:10)
	at library.BaseClass.<init>(BaseClass.java:17)
	at Po.LoginPo.<init>(LoginPo.java:10)
	at library.BaseClass.<init>(BaseClass.java:17)
	at Po.LoginPo.<init>(LoginPo.java:10)
	at library.BaseClass.<init>(BaseClass.java:17)
	at Po.LoginPo.<init>(LoginPo.java:10)
	at library.BaseClass.<init>(BaseClass.java:17)
	at Po.LoginPo.<init>(LoginPo.java:10)
	at library.BaseClass.<init>(BaseClass.java:17)
	at Po.LoginPo.<init>(LoginPo.java:10)
	at library.BaseClass.<init>(BaseClass.java:17)
	at Po.LoginPo.<init>(LoginPo.java:10)
	at library.BaseClass.<init>(BaseClass.java:17)
	at Po.LoginPo.<init>(LoginPo.java:10)
	at library.BaseClass.<init>(BaseClass.java:17)
	at Po.LoginPo.<init>(LoginPo.java:10)
	at library.BaseClass.<init>(BaseClass.java:17)
	at Po.LoginPo.<init>(LoginPo.java:10)
	at library.BaseClass.<init>(BaseClass.java:17)
	at Po.LoginPo.<init>(LoginPo.java:10)
	at library.BaseClass.<init>(BaseClass.java:17)
	at Po.LoginPo.<init>(LoginPo.java:10)
	at library.BaseClass.<init>(BaseClass.java:17)
	at Po.LoginPo.<init>(LoginPo.java:10)
	at library.BaseClass.<init>(BaseClass.java:17)
	at Po.LoginPo.<init>(LoginPo.java:10)
	at library.BaseClass.<init>(BaseClass.java:17)
	at Po.LoginPo.<init>(LoginPo.java:10)
	at library.BaseClass.<init>(BaseClass.java:17)
	at Po.LoginPo.<init>(LoginPo.java:10)
	at library.BaseClass.<init>(BaseClass.java:17)
	at Po.LoginPo.<init>(LoginPo.java:10)
	at library.BaseClass.<init>(BaseClass.java:17)
	at Po.LoginPo.<init>(LoginPo.java:10)
	at library.BaseClass.<init>(BaseClass.java:17)
	at Po.LoginPo.<init>(LoginPo.java:10)
	at library.BaseClass.<init>(BaseClass.java:17)
	at Po.LoginPo.<init>(LoginPo.java:10)
	at library.BaseClass.<init>(BaseClass.java:17)
	at Po.LoginPo.<init>(LoginPo.java:10)
	at library.BaseClass.<init>(BaseClass.java:17)
	at Po.LoginPo.<init>(LoginPo.java:10)
	at library.BaseClass.<init>(BaseClass.java:17)
	at Po.LoginPo.<init>(LoginPo.java:10)
	at library.BaseClass.<init>(BaseClass.java:17)
	at Po.LoginPo.<init>(LoginPo.java:10)
	at library.BaseClass.<init>(BaseClass.java:17)
	at Po.LoginPo.<init>(LoginPo.java:10)
	at library.BaseClass.<init>(BaseClass.java:17)
	at Po.LoginPo.<init>(LoginPo.java:10)
	at library.BaseClass.<init>(BaseClass.java:17)
	at Po.LoginPo.<init>(LoginPo.java:10)
	at library.BaseClass.<init>(BaseClass.java:17)
	at Po.LoginPo.<init>(LoginPo.java:10)
	at library.BaseClass.<init>(BaseClass.java:17)
	at Po.LoginPo.<init>(LoginPo.java:10)
	at library.BaseClass.<init>(BaseClass.java:17)
	at Po.LoginPo.<init>(LoginPo.java:10)
	at library.BaseClass.<init>(BaseClass.java:17)
	at Po.LoginPo.<init>(LoginPo.java:10)
	at library.BaseClass.<init>(BaseClass.java:17)
	at Po.LoginPo.<init>(LoginPo.java:10)
	at library.BaseClass.<init>(BaseClass.java:17)
	at Po.LoginPo.<init>(LoginPo.java:10)
	at library.BaseClass.<init>(BaseClass.java:17)
	at Po.LoginPo.<init>(LoginPo.java:10)
	at library.BaseClass.<init>(BaseClass.java:17)
	at Po.LoginPo.<init>(LoginPo.java:10)
	at library.BaseClass.<init>(BaseClass.java:17)
	at Po.LoginPo.<init>(LoginPo.java:10)
	at library.BaseClass.<init>(BaseClass.java:17)
	at Po.LoginPo.<init>(LoginPo.java:10)
	at library.BaseClass.<init>(BaseClass.java:17)
	at Po.LoginPo.<init>(LoginPo.java:10)
	at library.BaseClass.<init>(BaseClass.java:17)
	at Po.LoginPo.<init>(LoginPo.java:10)
	at library.BaseClass.<init>(BaseClass.java:17)
	at Po.LoginPo.<init>(LoginPo.java:10)
	at library.BaseClass.<init>(BaseClass.java:17)
	at Po.LoginPo.<init>(LoginPo.java:10)
	at library.BaseClass.<init>(BaseClass.java:17)
	at Po.LoginPo.<init>(LoginPo.java:10)
	at library.BaseClass.<init>(BaseClass.java:17)
	at Po.LoginPo.<init>(LoginPo.java:10)
	at library.BaseClass.<init>(BaseClass.java:17)
	at Po.LoginPo.<init>(LoginPo.java:10)
	at library.BaseClass.<init>(BaseClass.java:17)
	at Po.LoginPo.<init>(LoginPo.java:10)
	at library.BaseClass.<init>(BaseClass.java:17)
	at Po.LoginPo.<init>(LoginPo.java:10)
	at library.BaseClass.<init>(BaseClass.java:17)
	at Po.LoginPo.<init>(LoginPo.java:10)
	at library.BaseClass.<init>(BaseClass.java:17)
	at Po.LoginPo.<init>(LoginPo.java:10)
	at library.BaseClass.<init>(BaseClass.java:17)
	at Po.LoginPo.<init>(LoginPo.java:10)
	at library.BaseClass.<init>(BaseClass.java:17)
	at Po.LoginPo.<init>(LoginPo.java:10)
	at library.BaseClass.<init>(BaseClass.java:17)
	at Po.LoginPo.<init>(LoginPo.java:10)
	at library.BaseClass.<init>(BaseClass.java:17)
	at Po.LoginPo.<init>(LoginPo.java:10)
	at library.BaseClass.<init>(BaseClass.java:17)
	at Po.LoginPo.<init>(LoginPo.java:10)
	at library.BaseClass.<init>(BaseClass.java:17)
	at Po.LoginPo.<init>(LoginPo.java:10)
	at library.BaseClass.<init>(BaseClass.java:17)
	at Po.LoginPo.<init>(LoginPo.java:10)
	at library.BaseClass.<init>(BaseClass.java:17)
	at Po.LoginPo.<init>(LoginPo.java:10)
	at library.BaseClass.<init>(BaseClass.java:17)
	at Po.LoginPo.<init>(LoginPo.java:10)
	at library.BaseClass.<init>(BaseClass.java:17)
	at Po.LoginPo.<init>(LoginPo.java:10)
	at library.BaseClass.<init>(BaseClass.java:17)
	at Po.LoginPo.<init>(LoginPo.java:10)
	at library.BaseClass.<init>(BaseClass.java:17)
	at Po.LoginPo.<init>(LoginPo.java:10)
	at library.BaseClass.<init>(BaseClass.java:17)
	at Po.LoginPo.<init>(LoginPo.java:10)
	at library.BaseClass.<init>(BaseClass.java:17)
	at Po.LoginPo.<init>(LoginPo.java:10)
	at library.BaseClass.<init>(BaseClass.java:17)
	at Po.LoginPo.<init>(LoginPo.java:10)
	at library.BaseClass.<init>(BaseClass.java:17)
	at Po.LoginPo.<init>(LoginPo.java:10)
	at library.BaseClass.<init>(BaseClass.java:17)
	at Po.LoginPo.<init>(LoginPo.java:10)
	at library.BaseClass.<init>(BaseClass.java:17)
	at Po.LoginPo.<init>(LoginPo.java:10)
	at library.BaseClass.<init>(BaseClass.java:17)
	at Po.LoginPo.<init>(LoginPo.java:10)
	at library.BaseClass.<init>(BaseClass.java:17)
	at Po.LoginPo.<init>(LoginPo.java:10)
	at library.BaseClass.<init>(BaseClass.java:17)
	at Po.LoginPo.<init>(LoginPo.java:10)
	at library.BaseClass.<init>(BaseClass.java:17)
	at Po.LoginPo.<init>(LoginPo.java:10)
	at library.BaseClass.<init>(BaseClass.java:17)
	at Po.LoginPo.<init>(LoginPo.java:10)
	at library.BaseClass.<init>(BaseClass.java:17)
	at Po.LoginPo.<init>(LoginPo.java:10)
	at library.BaseClass.<init>(BaseClass.java:17)
	at Po.LoginPo.<init>(LoginPo.java:10)
	at library.BaseClass.<init>(BaseClass.java:17)
	at Po.LoginPo.<init>(LoginPo.java:10)
	at library.BaseClass.<init>(BaseClass.java:17)
	at Po.LoginPo.<init>(LoginPo.java:10)
	at library.BaseClass.<init>(BaseClass.java:17)
	at Po.LoginPo.<init>(LoginPo.java:10)
	at library.BaseClass.<init>(BaseClass.java:17)
	at Po.LoginPo.<init>(LoginPo.java:10)
	at library.BaseClass.<init>(BaseClass.java:17)
	at Po.LoginPo.<init>(LoginPo.java:10)
	at library.BaseClass.<init>(BaseClass.java:17)
	at Po.LoginPo.<init>(LoginPo.java:10)
	at library.BaseClass.<init>(BaseClass.java:17)
	at Po.LoginPo.<init>(LoginPo.java:10)
	at library.BaseClass.<init>(BaseClass.java:17)
	at Po.LoginPo.<init>(LoginPo.java:10)
	at library.BaseClass.<init>(BaseClass.java:17)
	at Po.LoginPo.<init>(LoginPo.java:10)
	at library.BaseClass.<init>(BaseClass.java:17)
	at Po.LoginPo.<init>(LoginPo.java:10)
	at library.BaseClass.<init>(BaseClass.java:17)
	at Po.LoginPo.<init>(LoginPo.java:10)
	at library.BaseClass.<init>(BaseClass.java:17)
	at Po.LoginPo.<init>(LoginPo.java:10)
	at library.BaseClass.<init>(BaseClass.java:17)
	at Po.LoginPo.<init>(LoginPo.java:10)
	at library.BaseClass.<init>(BaseClass.java:17)
	at Po.LoginPo.<init>(LoginPo.java:10)
	at library.BaseClass.<init>(BaseClass.java:17)
	at Po.LoginPo.<init>(LoginPo.java:10)
	at library.BaseClass.<init>(BaseClass.java:17)
	at Po.LoginPo.<init>(LoginPo.java:10)
	at library.BaseClass.<init>(BaseClass.java:17)
	at Po.LoginPo.<init>(LoginPo.java:10)
	at library.BaseClass.<init>(BaseClass.java:17)
	at Po.LoginPo.<init>(LoginPo.java:10)
	at library.BaseClass.<init>(BaseClass.java:17)
	at Po.LoginPo.<init>(LoginPo.java:10)
	at library.BaseClass.<init>(BaseClass.java:17)
	at Po.LoginPo.<init>(LoginPo.java:10)
	at library.BaseClass.<init>(BaseClass.java:17)
	at Po.LoginPo.<init>(LoginPo.java:10)
	at library.BaseClass.<init>(BaseClass.java:17)
	at Po.LoginPo.<init>(LoginPo.java:10)
	at library.BaseClass.<init>(BaseClass.java:17)
	at Po.LoginPo.<init>(LoginPo.java:10)
	at library.BaseClass.<init>(BaseClass.java:17)
	at Po.LoginPo.<init>(LoginPo.java:10)
	at library.BaseClass.<init>(BaseClass.java:17)
	at Po.LoginPo.<init>(LoginPo.java:10)
	at library.BaseClass.<init>(BaseClass.java:17)
	at Po.LoginPo.<init>(LoginPo.java:10)
	at library.BaseClass.<init>(BaseClass.java:17)
	at Po.LoginPo.<init>(LoginPo.java:10)
	at library.BaseClass.<init>(BaseClass.java:17)
	at Po.LoginPo.<init>(LoginPo.java:10)
	at library.BaseClass.<init>(BaseClass.java:17)
	at Po.LoginPo.<init>(LoginPo.java:10)
	at library.BaseClass.<init>(BaseClass.java:17)
	at Po.LoginPo.<init>(LoginPo.java:10)
	at library.BaseClass.<init>(BaseClass.java:17)
	at Po.LoginPo.<init>(LoginPo.java:10)
	at library.BaseClass.<init>(BaseClass.java:17)
	at Po.LoginPo.<init>(LoginPo.java:10)
	at library.BaseClass.<init>(BaseClass.java:17)
	at Po.LoginPo.<init>(LoginPo.java:10)
	at library.BaseClass.<init>(BaseClass.java:17)
	at Po.LoginPo.<init>(LoginPo.java:10)
	at library.BaseClass.<init>(BaseClass.java:17)
	at Po.LoginPo.<init>(LoginPo.java:10)
	at library.BaseClass.<init>(BaseClass.java:17)
	at Po.LoginPo.<init>(LoginPo.java:10)
	at library.BaseClass.<init>(BaseClass.java:17)
	at Po.LoginPo.<init>(LoginPo.java:10)
	at library.BaseClass.<init>(BaseClass.java:17)
	at Po.LoginPo.<init>(LoginPo.java:10)
	at library.BaseClass.<init>(BaseClass.java:17)
	at Po.LoginPo.<init>(LoginPo.java:10)
	at library.BaseClass.<init>(BaseClass.java:17)
	at Po.LoginPo.<init>(LoginPo.java:10)
	at library.BaseClass.<init>(BaseClass.java:17)
	at Po.LoginPo.<init>(LoginPo.java:10)
	at library.BaseClass.<init>(BaseClass.java:17)
	at Po.LoginPo.<init>(LoginPo.java:10)
	at library.BaseClass.<init>(BaseClass.java:17)
	at Po.LoginPo.<init>(LoginPo.java:10)
	at library.BaseClass.<init>(BaseClass.java:17)
	at Po.LoginPo.<init>(LoginPo.java:10)
	at library.BaseClass.<init>(BaseClass.java:17)
	at Po.LoginPo.<init>(LoginPo.java:10)
	at library.BaseClass.<init>(BaseClass.java:17)
	at Po.LoginPo.<init>(LoginPo.java:10)
	at library.BaseClass.<init>(BaseClass.java:17)
	at Po.LoginPo.<init>(LoginPo.java:10)
	at library.BaseClass.<init>(BaseClass.java:17)
	at Po.LoginPo.<init>(LoginPo.java:10)
	at library.BaseClass.<init>(BaseClass.java:17)
	at Po.LoginPo.<init>(LoginPo.java:10)
	at library.BaseClass.<init>(BaseClass.java:17)
	at Po.LoginPo.<init>(LoginPo.java:10)
	at library.BaseClass.<init>(BaseClass.java:17)
	at Po.LoginPo.<init>(LoginPo.java:10)
	at library.BaseClass.<init>(BaseClass.java:17)
	at Po.LoginPo.<init>(LoginPo.java:10)
	at library.BaseClass.<init>(BaseClass.java:17)
	at Po.LoginPo.<init>(LoginPo.java:10)
	at library.BaseClass.<init>(BaseClass.java:17)
	at Po.LoginPo.<init>(LoginPo.java:10)
	at library.BaseClass.<init>(BaseClass.java:17)
	at Po.LoginPo.<init>(LoginPo.java:10)
	at library.BaseClass.<init>(BaseClass.java:17)
	at Po.LoginPo.<init>(LoginPo.java:10)
	at library.BaseClass.<init>(BaseClass.java:17)
	at Po.LoginPo.<init>(LoginPo.java:10)
	at library.BaseClass.<init>(BaseClass.java:17)
	at Po.LoginPo.<init>(LoginPo.java:10)
	at library.BaseClass.<init>(BaseClass.java:17)
	at Po.LoginPo.<init>(LoginPo.java:10)
	at library.BaseClass.<init>(BaseClass.java:17)
	at Po.LoginPo.<init>(LoginPo.java:10)
	at library.BaseClass.<init>(BaseClass.java:17)
	at Po.LoginPo.<init>(LoginPo.java:10)
	at library.BaseClass.<init>(BaseClass.java:17)
	at Po.LoginPo.<init>(LoginPo.java:10)
	at library.BaseClass.<init>(BaseClass.java:17)
	at Po.LoginPo.<init>(LoginPo.java:10)
	at library.BaseClass.<init>(BaseClass.java:17)
	at Po.LoginPo.<init>(LoginPo.java:10)
	at library.BaseClass.<init>(BaseClass.java:17)
	at Po.LoginPo.<init>(LoginPo.java:10)
	at library.BaseClass.<init>(BaseClass.java:17)
	at Po.LoginPo.<init>(LoginPo.java:10)
	at library.BaseClass.<init>(BaseClass.java:17)
	at Po.LoginPo.<init>(LoginPo.java:10)
	at library.BaseClass.<init>(BaseClass.java:17)
	at Po.LoginPo.<init>(LoginPo.java:10)
	at library.BaseClass.<init>(BaseClass.java:17)
	at Po.LoginPo.<init>(LoginPo.java:10)
	at library.BaseClass.<init>(BaseClass.java:17)
	at Po.LoginPo.<init>(LoginPo.java:10)
	at library.BaseClass.<init>(BaseClass.java:17)
	at Po.LoginPo.<init>(LoginPo.java:10)
	at library.BaseClass.<init>(BaseClass.java:17)
	at Po.LoginPo.<init>(LoginPo.java:10)
	at library.BaseClass.<init>(BaseClass.java:17)
	at Po.LoginPo.<init>(LoginPo.java:10)
	at library.BaseClass.<init>(BaseClass.java:17)
	at Po.LoginPo.<init>(LoginPo.java:10)
	at library.BaseClass.<init>(BaseClass.java:17)
	at Po.LoginPo.<init>(LoginPo.java:10)
	at library.BaseClass.<init>(BaseClass.java:17)
	at Po.LoginPo.<init>(LoginPo.java:10)
	at library.BaseClass.<init>(BaseClass.java:17)
	at Po.LoginPo.<init>(LoginPo.java:10)
	at library.BaseClass.<init>(BaseClass.java:17)
	at Po.LoginPo.<init>(LoginPo.java:10)
	at library.BaseClass.<init>(BaseClass.java:17)
	at Po.LoginPo.<init>(LoginPo.java:10)
	at library.BaseClass.<init>(BaseClass.java:17)
	at Po.LoginPo.<init>(LoginPo.java:10)
	at library.BaseClass.<init>(BaseClass.java:17)
	at Po.LoginPo.<init>(LoginPo.java:10)
	at library.BaseClass.<init>(BaseClass.java:17)
	at Po.LoginPo.<init>(LoginPo.java:10)
	at library.BaseClass.<init>(BaseClass.java:17)
	at Po.LoginPo.<init>(LoginPo.java:10)
	at library.BaseClass.<init>(BaseClass.java:17)
	at Po.LoginPo.<init>(LoginPo.java:10)
	at library.BaseClass.<init>(BaseClass.java:17)
	at Po.LoginPo.<init>(LoginPo.java:10)
	at library.BaseClass.<init>(BaseClass.java:17)
	at Po.LoginPo.<init>(LoginPo.java:10)
	at library.BaseClass.<init>(BaseClass.java:17)
	at Po.LoginPo.<init>(LoginPo.java:10)
	at library.BaseClass.<init>(BaseClass.java:17)
	at Po.LoginPo.<init>(LoginPo.java:10)
	at library.BaseClass.<init>(BaseClass.java:17)
	at Po.LoginPo.<init>(LoginPo.java:10)
	at library.BaseClass.<init>(BaseClass.java:17)
	at Po.LoginPo.<init>(LoginPo.java:10)
	at library.BaseClass.<init>(BaseClass.java:17)
	at Po.LoginPo.<init>(LoginPo.java:10)
	at library.BaseClass.<init>(BaseClass.java:17)
	at Po.LoginPo.<init>(LoginPo.java:10)
	at library.BaseClass.<init>(BaseClass.java:17)
	at Po.LoginPo.<init>(LoginPo.java:10)
	at library.BaseClass.<init>(BaseClass.java:17)
	at Po.LoginPo.<init>(LoginPo.java:10)
	at library.BaseClass.<init>(BaseClass.java:17)
	at Po.LoginPo.<init>(LoginPo.java:10)
	at library.BaseClass.<init>(BaseClass.java:17)
	at Po.LoginPo.<init>(LoginPo.java:10)
	at library.BaseClass.<init>(BaseClass.java:17)
	at Po.LoginPo.<init>(LoginPo.java:10)
	at library.BaseClass.<init>(BaseClass.java:17)
	at Po.LoginPo.<init>(LoginPo.java:10)
	at library.BaseClass.<init>(BaseClass.java:17)
	at Po.LoginPo.<init>(LoginPo.java:10)
	at library.BaseClass.<init>(BaseClass.java:17)
	at Po.LoginPo.<init>(LoginPo.java:10)
	at library.BaseClass.<init>(BaseClass.java:17)
	at Po.LoginPo.<init>(LoginPo.java:10)
	at library.BaseClass.<init>(BaseClass.java:17)
	at Po.LoginPo.<init>(LoginPo.java:10)
	at library.BaseClass.<init>(BaseClass.java:17)
	at Po.LoginPo.<init>(LoginPo.java:10)
	at library.BaseClass.<init>(BaseClass.java:17)
	at Po.LoginPo.<init>(LoginPo.java:10)
	at library.BaseClass.<init>(BaseClass.java:17)
	at Po.LoginPo.<init>(LoginPo.java:10)
	at library.BaseClass.<init>(BaseClass.java:17)
	at Po.LoginPo.<init>(LoginPo.java:10)
	at library.BaseClass.<init>(BaseClass.java:17)
	at Po.LoginPo.<init>(LoginPo.java:10)
	at library.BaseClass.<init>(BaseClass.java:17)
	at Po.LoginPo.<init>(LoginPo.java:10)
	at library.BaseClass.<init>(BaseClass.java:17)
	at Po.LoginPo.<init>(LoginPo.java:10)
	at library.BaseClass.<init>(BaseClass.java:17)
	at Po.LoginPo.<init>(LoginPo.java:10)
	at library.BaseClass.<init>(BaseClass.java:17)
	at Po.LoginPo.<init>(LoginPo.java:10)
	at library.BaseClass.<init>(BaseClass.java:17)
	at Po.LoginPo.<init>(LoginPo.java:10)
	at library.BaseClass.<init>(BaseClass.java:17)
	at Po.LoginPo.<init>(LoginPo.java:10)
	at library.BaseClass.<init>(BaseClass.java:17)
	at Po.LoginPo.<init>(LoginPo.java:10)
	at library.BaseClass.<init>(BaseClass.java:17)
	at Po.LoginPo.<init>(LoginPo.java:10)
	at library.BaseClass.<init>(BaseClass.java:17)
	at Po.LoginPo.<init>(LoginPo.java:10)
	at library.BaseClass.<init>(BaseClass.java:17)
	at Po.LoginPo.<init>(LoginPo.java:10)
	at library.BaseClass.<init>(BaseClass.java:17)
	at Po.LoginPo.<init>(LoginPo.java:10)
	at library.BaseClass.<init>(BaseClass.java:17)
	at Po.LoginPo.<init>(LoginPo.java:10)
	at library.BaseClass.<init>(BaseClass.java:17)
	at Po.LoginPo.<init>(LoginPo.java:10)
	at library.BaseClass.<init>(BaseClass.java:17)
	at Po.LoginPo.<init>(LoginPo.java:10)
	at library.BaseClass.<init>(BaseClass.java:17)
	at Po.LoginPo.<init>(LoginPo.java:10)
	at library.BaseClass.<init>(BaseClass.java:17)
	at Po.LoginPo.<init>(LoginPo.java:10)
	at library.BaseClass.<init>(BaseClass.java:17)
	at Po.LoginPo.<init>(LoginPo.java:10)
	at library.BaseClass.<init>(BaseClass.java:17)
	at Po.LoginPo.<init>(LoginPo.java:10)
	at library.BaseClass.<init>(BaseClass.java:17)
	at Po.LoginPo.<init>(LoginPo.java:10)
	at library.BaseClass.<init>(BaseClass.java:17)
	at Po.LoginPo.<init>(LoginPo.java:10)
	at library.BaseClass.<init>(BaseClass.java:17)
	at Po.LoginPo.<init>(LoginPo.java:10)
	at library.BaseClass.<init>(BaseClass.java:17)
	at Po.LoginPo.<init>(LoginPo.java:10)
	at library.BaseClass.<init>(BaseClass.java:17)
	at Po.LoginPo.<init>(LoginPo.java:10)
	at library.BaseClass.<init>(BaseClass.java:17)
	at Po.LoginPo.<init>(LoginPo.java:10)
	at library.BaseClass.<init>(BaseClass.java:17)
	at Po.LoginPo.<init>(LoginPo.java:10)
	at library.BaseClass.<init>(BaseClass.java:17)
	at Po.LoginPo.<init>(LoginPo.java:10)
	at library.BaseClass.<init>(BaseClass.java:17)
	at Po.LoginPo.<init>(LoginPo.java:10)
	at library.BaseClass.<init>(BaseClass.java:17)
	at Po.LoginPo.<init>(LoginPo.java:10)
	at library.BaseClass.<init>(BaseClass.java:17)
	at Po.LoginPo.<init>(LoginPo.java:10)
	at library.BaseClass.<init>(BaseClass.java:17)
	at Po.LoginPo.<init>(LoginPo.java:10)
	at library.BaseClass.<init>(BaseClass.java:17)
	at Po.LoginPo.<init>(LoginPo.java:10)
	at library.BaseClass.<init>(BaseClass.java:17)
	at Po.LoginPo.<init>(LoginPo.java:10)
	at library.BaseClass.<init>(BaseClass.java:17)
	at Po.LoginPo.<init>(LoginPo.java:10)
	at library.BaseClass.<init>(BaseClass.java:17)
	at Po.LoginPo.<init>(LoginPo.java:10)
	at library.BaseClass.<init>(BaseClass.java:17)
	at Po.LoginPo.<init>(LoginPo.java:10)
	at library.BaseClass.<init>(BaseClass.java:17)
	at Po.LoginPo.<init>(LoginPo.java:10)
	at library.BaseClass.<init>(BaseClass.java:17)
	at Po.LoginPo.<init>(LoginPo.java:10)
	at library.BaseClass.<init>(BaseClass.java:17)
	at Po.LoginPo.<init>(LoginPo.java:10)
	at library.BaseClass.<init>(BaseClass.java:17)
	at Po.LoginPo.<init>(LoginPo.java:10)
	at library.BaseClass.<init>(BaseClass.java:17)
	at Po.LoginPo.<init>(LoginPo.java:10)
	at library.BaseClass.<init>(BaseClass.java:17)
	at Po.LoginPo.<init>(LoginPo.java:10)
	at library.BaseClass.<init>(BaseClass.java:17)
	at Po.LoginPo.<init>(LoginPo.java:10)
	at library.BaseClass.<init>(BaseClass.java:17)
	at Po.LoginPo.<init>(LoginPo.java:10)
	at library.BaseClass.<init>(BaseClass.java:17)
	at Po.LoginPo.<init>(LoginPo.java:10)
	at library.BaseClass.<init>(BaseClass.java:17)
	at Po.LoginPo.<init>(LoginPo.java:10)
	at library.BaseClass.<init>(BaseClass.java:17)
	at Po.LoginPo.<init>(LoginPo.java:10)
	at library.BaseClass.<init>(BaseClass.java:17)
	at Po.LoginPo.<init>(LoginPo.java:10)
	at library.BaseClass.<init>(BaseClass.java:17)
	at Po.LoginPo.<init>(LoginPo.java:10)
	at library.BaseClass.<init>(BaseClass.java:17)
	at Po.LoginPo.<init>(LoginPo.java:10)
	at library.BaseClass.<init>(BaseClass.java:17)
	at Po.LoginPo.<init>(LoginPo.java:10)
	at library.BaseClass.<init>(BaseClass.java:17)
	at Po.LoginPo.<init>(LoginPo.java:10)
	at library.BaseClass.<init>(BaseClass.java:17)
	at Po.LoginPo.<init>(LoginPo.java:10)
	at library.BaseClass.<init>(BaseClass.java:17)
	at Po.LoginPo.<init>(LoginPo.java:10)
	at library.BaseClass.<init>(BaseClass.java:17)
	at Po.LoginPo.<init>(LoginPo.java:10)
	at library.BaseClass.<init>(BaseClass.java:17)
	at Po.LoginPo.<init>(LoginPo.java:10)
	at library.BaseClass.<init>(BaseClass.java:17)
	at Po.LoginPo.<init>(LoginPo.java:10)
	at library.BaseClass.<init>(BaseClass.java:17)
	at Po.LoginPo.<init>(LoginPo.java:10)
	at library.BaseClass.<init>(BaseClass.java:17)
	at Po.LoginPo.<init>(LoginPo.java:10)
	at library.BaseClass.<init>(BaseClass.java:17)
	at Po.LoginPo.<init>(LoginPo.java:10)
	at library.BaseClass.<init>(BaseClass.java:17)
	at Po.LoginPo.<init>(LoginPo.java:10)
	at library.BaseClass.<init>(BaseClass.java:17)
	at Po.LoginPo.<init>(LoginPo.java:10)
	at library.BaseClass.<init>(BaseClass.java:17)
	at Po.LoginPo.<init>(LoginPo.java:10)
	at library.BaseClass.<init>(BaseClass.java:17)
	at Po.LoginPo.<init>(LoginPo.java:10)
	at library.BaseClass.<init>(BaseClass.java:17)
	at Po.LoginPo.<init>(LoginPo.java:10)
	at library.BaseClass.<init>(BaseClass.java:17)
	at Po.LoginPo.<init>(LoginPo.java:10)
	at library.BaseClass.<init>(BaseClass.java:17)
	at Po.LoginPo.<init>(LoginPo.java:10)
	at library.BaseClass.<init>(BaseClass.java:17)
	at Po.LoginPo.<init>(LoginPo.java:10)
	at library.BaseClass.<init>(BaseClass.java:17)
	at Po.LoginPo.<init>(LoginPo.java:10)
	at library.BaseClass.<init>(BaseClass.java:17)
	at Po.LoginPo.<init>(LoginPo.java:10)
	at library.BaseClass.<init>(BaseClass.java:17)
	at Po.LoginPo.<init>(LoginPo.java:10)
	at library.BaseClass.<init>(BaseClass.java:17)
	at Po.LoginPo.<init>(LoginPo.java:10)
	at library.BaseClass.<init>(BaseClass.java:17)
	at Po.LoginPo.<init>(LoginPo.java:10)
	at library.BaseClass.<init>(BaseClass.java:17)
	at Po.LoginPo.<init>(LoginPo.java:10)
	at library.BaseClass.<init>(BaseClass.java:17)
	at Po.LoginPo.<init>(LoginPo.java:10)
	at library.BaseClass.<init>(BaseClass.java:17)
	at Po.LoginPo.<init>(LoginPo.java:10)
	at library.BaseClass.<init>(BaseClass.java:17)
	at Po.LoginPo.<init>(LoginPo.java:10)
	at library.BaseClass.<init>(BaseClass.java:17)
	at Po.LoginPo.<init>(LoginPo.java:10)
	at library.BaseClass.<init>(BaseClass.java:17)
	at Po.LoginPo.<init>(LoginPo.java:10)
	at library.BaseClass.<init>(BaseClass.java:17)
	at Po.LoginPo.<init>(LoginPo.java:10)
	at library.BaseClass.<init>(BaseClass.java:17)
	at Po.LoginPo.<init>(LoginPo.java:10)
	at library.BaseClass.<init>(BaseClass.java:17)
	at Po.LoginPo.<init>(LoginPo.java:10)
	at library.BaseClass.<init>(BaseClass.java:17)
	at Po.LoginPo.<init>(LoginPo.java:10)
	at library.BaseClass.<init>(BaseClass.java:17)
	at Po.LoginPo.<init>(LoginPo.java:10)
	at library.BaseClass.<init>(BaseClass.java:17)
	at Po.LoginPo.<init>(LoginPo.java:10)
	at library.BaseClass.<init>(BaseClass.java:17)
	at Po.LoginPo.<init>(LoginPo.java:10)
	at library.BaseClass.<init>(BaseClass.java:17)
	at Po.LoginPo.<init>(LoginPo.java:10)
	at library.BaseClass.<init>(BaseClass.java:17)
	at Po.LoginPo.<init>(LoginPo.java:10)
	at library.BaseClass.<init>(BaseClass.java:17)
	at Po.LoginPo.<init>(LoginPo.java:10)
	at library.BaseClass.<init>(BaseClass.java:17)
	at Po.LoginPo.<init>(LoginPo.java:10)
	at library.BaseClass.<init>(BaseClass.java:17)
	at Po.LoginPo.<init>(LoginPo.java:10)
	at library.BaseClass.<init>(BaseClass.java:17)
	at Po.LoginPo.<init>(LoginPo.java:10)
	at library.BaseClass.<init>(BaseClass.java:17)
	at Po.LoginPo.<init>(LoginPo.java:10)
	at library.BaseClass.<init>(BaseClass.java:17)
	at Po.LoginPo.<init>(LoginPo.java:10)
	at library.BaseClass.<init>(BaseClass.java:17)
	at Po.LoginPo.<init>(LoginPo.java:10)
	at library.BaseClass.<init>(BaseClass.java:17)
	at Po.LoginPo.<init>(LoginPo.java:10)
	at library.BaseClass.<init>(BaseClass.java:17)
	at Po.LoginPo.<init>(LoginPo.java:10)
	at library.BaseClass.<init>(BaseClass.java:17)
	at Po.LoginPo.<init>(LoginPo.java:10)
	at library.BaseClass.<init>(BaseClass.java:17)
	at Po.LoginPo.<init>(LoginPo.java:10)
	at library.BaseClass.<init>(BaseClass.java:17)
	at Po.LoginPo.<init>(LoginPo.java:10)
	at library.BaseClass.<init>(BaseClass.java:17)
	at Po.LoginPo.<init>(LoginPo.java:10)
	at library.BaseClass.<init>(BaseClass.java:17)
	at Po.LoginPo.<init>(LoginPo.java:10)
	at library.BaseClass.<init>(BaseClass.java:17)
	at Po.LoginPo.<init>(LoginPo.java:10)
	at library.BaseClass.<init>(BaseClass.java:17)
	at Po.LoginPo.<init>(LoginPo.java:10)
	at library.BaseClass.<init>(BaseClass.java:17)
	at Po.LoginPo.<init>(LoginPo.java:10)
	at library.BaseClass.<init>(BaseClass.java:17)
	at Po.LoginPo.<init>(LoginPo.java:10)
	at library.BaseClass.<init>(BaseClass.java:17)
	at Po.LoginPo.<init>(LoginPo.java:10)
	at library.BaseClass.<init>(BaseClass.java:17)
	at Po.LoginPo.<init>(LoginPo.java:10)
	at library.BaseClass.<init>(BaseClass.java:17)
	at Po.LoginPo.<init>(LoginPo.java:10)
	at library.BaseClass.<init>(BaseClass.java:17)
	at Po.LoginPo.<init>(LoginPo.java:10)
	at library.BaseClass.<init>(BaseClass.java:17)
	at Po.LoginPo.<init>(LoginPo.java:10)
	at library.BaseClass.<init>(BaseClass.java:17)
	at Po.LoginPo.<init>(LoginPo.java:10)
	at library.BaseClass.<init>(BaseClass.java:17)
	at Po.LoginPo.<init>(LoginPo.java:10)
	at library.BaseClass.<init>(BaseClass.java:17)
	at Po.LoginPo.<init>(LoginPo.java:10)
	at library.BaseClass.<init>(BaseClass.java:17)
	at Po.LoginPo.<init>(LoginPo.java:10)
	at library.BaseClass.<init>(BaseClass.java:17)
	at Po.LoginPo.<init>(LoginPo.java:10)
	at library.BaseClass.<init>(BaseClass.java:17)
	at Po.LoginPo.<init>(LoginPo.java:10)
	at library.BaseClass.<init>(BaseClass.java:17)
	at Po.LoginPo.<init>(LoginPo.java:10)
	at library.BaseClass.<init>(BaseClass.java:17)
	at Po.LoginPo.<init>(LoginPo.java:10)
	at library.BaseClass.<init>(BaseClass.java:17)
	at Po.LoginPo.<init>(LoginPo.java:10)
	at library.BaseClass.<init>(BaseClass.java:17)
	at Po.LoginPo.<init>(LoginPo.java:10)
	at library.BaseClass.<init>(BaseClass.java:17)
	at Po.LoginPo.<init>(LoginPo.java:10)
	at library.BaseClass.<init>(BaseClass.java:17)
	at Po.LoginPo.<init>(LoginPo.java:10)
	at library.BaseClass.<init>(BaseClass.java:17)
	at Po.LoginPo.<init>(LoginPo.java:10)
	at library.BaseClass.<init>(BaseClass.java:17)
	at Po.LoginPo.<init>(LoginPo.java:10)
	at library.BaseClass.<init>(BaseClass.java:17)
	at Po.LoginPo.<init>(LoginPo.java:10)
	at library.BaseClass.<init>(BaseClass.java:17)
	at Po.LoginPo.<init>(LoginPo.java:10)
	at library.BaseClass.<init>(BaseClass.java:17)
	at Po.LoginPo.<init>(LoginPo.java:10)
	at library.BaseClass.<init>(BaseClass.java:17)
	at Po.LoginPo.<init>(LoginPo.java:10)
	at library.BaseClass.<init>(BaseClass.java:17)
	at Po.LoginPo.<init>(LoginPo.java:10)
	at library.BaseClass.<init>(BaseClass.java:17)
	at Po.LoginPo.<init>(LoginPo.java:10)
	at library.BaseClass.<init>(BaseClass.java:17)
	at Po.LoginPo.<init>(LoginPo.java:10)
	at library.BaseClass.<init>(BaseClass.java:17)
	at Po.LoginPo.<init>(LoginPo.java:10)
	at library.BaseClass.<init>(BaseClass.java:17)
	at Po.LoginPo.<init>(LoginPo.java:10)
	at library.BaseClass.<init>(BaseClass.java:17)
	at Po.LoginPo.<init>(LoginPo.java:10)
	at library.BaseClass.<init>(BaseClass.java:17)
	at Po.LoginPo.<init>(LoginPo.java:10)
	at library.BaseClass.<init>(BaseClass.java:17)
	at Po.LoginPo.<init>(LoginPo.java:10)
	at library.BaseClass.<init>(BaseClass.java:17)
	at Po.LoginPo.<init>(LoginPo.java:10)
	at library.BaseClass.<init>(BaseClass.java:17)
	at Po.LoginPo.<init>(LoginPo.java:10)
	at library.BaseClass.<init>(BaseClass.java:17)
	at Po.LoginPo.<init>(LoginPo.java:10)
	at library.BaseClass.<init>(BaseClass.java:17)
	at Po.LoginPo.<init>(LoginPo.java:10)
	at library.BaseClass.<init>(BaseClass.java:17)
	at Po.LoginPo.<init>(LoginPo.java:10)
	at library.BaseClass.<init>(BaseClass.java:17)
	at Po.LoginPo.<init>(LoginPo.java:10)
	at library.BaseClass.<init>(BaseClass.java:17)
	at Po.LoginPo.<init>(LoginPo.java:10)
	at library.BaseClass.<init>(BaseClass.java:17)
	at Po.LoginPo.<init>(LoginPo.java:10)
	at library.BaseClass.<init>(BaseClass.java:17)
	at Po.LoginPo.<init>(LoginPo.java:10)
	at library.BaseClass.<init>(BaseClass.java:17)
	at Po.LoginPo.<init>(LoginPo.java:10)
	at library.BaseClass.<init>(BaseClass.java:17)
	at Po.LoginPo.<init>(LoginPo.java:10)
	at library.BaseClass.<init>(BaseClass.java:17)
	at Po.LoginPo.<init>(LoginPo.java:10)
	at library.BaseClass.<init>(BaseClass.java:17)
	at Po.LoginPo.<init>(LoginPo.java:10)
	at library.BaseClass.<init>(BaseClass.java:17)
	at Po.LoginPo.<init>(LoginPo.java:10)
	at library.BaseClass.<init>(BaseClass.java:17)
	at Po.LoginPo.<init>(LoginPo.java:10)
	at library.BaseClass.<init>(BaseClass.java:17)
	at Po.LoginPo.<init>(LoginPo.java:10)
	at library.BaseClass.<init>(BaseClass.java:17)
	at Po.LoginPo.<init>(LoginPo.java:10)
	at library.BaseClass.<init>(BaseClass.java:17)
	at Po.LoginPo.<init>(LoginPo.java:10)
	at library.BaseClass.<init>(BaseClass.java:17)
	at Po.LoginPo.<init>(LoginPo.java:10)
	at library.BaseClass.<init>(BaseClass.java:17)
	at Po.LoginPo.<init>(LoginPo.java:10)
	at library.BaseClass.<init>(BaseClass.java:17)
	at Po.LoginPo.<init>(LoginPo.java:10)
	at library.BaseClass.<init>(BaseClass.java:17)
	at Po.LoginPo.<init>(LoginPo.java:10)
	at library.BaseClass.<init>(BaseClass.java:17)
	at Po.LoginPo.<init>(LoginPo.java:10)
	at library.BaseClass.<init>(BaseClass.java:17)
	at Po.LoginPo.<init>(LoginPo.java:10)
	at library.BaseClass.<init>(BaseClass.java:17)
	at Po.LoginPo.<init>(LoginPo.java:10)
	at library.BaseClass.<init>(BaseClass.java:17)
	at Po.LoginPo.<init>(LoginPo.java:10)
	at library.BaseClass.<init>(BaseClass.java:17)
	at Po.LoginPo.<init>(LoginPo.java:10)
	at library.BaseClass.<init>(BaseClass.java:17)
	at Po.LoginPo.<init>(LoginPo.java:10)
	at library.BaseClass.<init>(BaseClass.java:17)
	at Po.LoginPo.<init>(LoginPo.java:10)
	at library.BaseClass.<init>(BaseClass.java:17)
	at Po.LoginPo.<init>(LoginPo.java:10)
	at library.BaseClass.<init>(BaseClass.java:17)
	at Po.LoginPo.<init>(LoginPo.java:10)
	at library.BaseClass.<init>(BaseClass.java:17)
	at Po.LoginPo.<init>(LoginPo.java:10)
	at library.BaseClass.<init>(BaseClass.java:17)
	at Po.LoginPo.<init>(LoginPo.java:10)
	at library.BaseClass.<init>(BaseClass.java:17)
	at Po.LoginPo.<init>(LoginPo.java:10)
	at library.BaseClass.<init>(BaseClass.java:17)
	at Po.LoginPo.<init>(LoginPo.java:10)
	at library.BaseClass.<init>(BaseClass.java:17)
	at Po.LoginPo.<init>(LoginPo.java:10)
	at library.BaseClass.<init>(BaseClass.java:17)
	at Po.LoginPo.<init>(LoginPo.java:10)
	at library.BaseClass.<init>(BaseClass.java:17)
	at Po.LoginPo.<init>(LoginPo.java:10)
	at library.BaseClass.<init>(BaseClass.java:17)
	at Po.LoginPo.<init>(LoginPo.java:10)
	at library.BaseClass.<init>(BaseClass.java:17)
	at Po.LoginPo.<init>(LoginPo.java:10)
	at library.BaseClass.<init>(BaseClass.java:17)
	at Po.LoginPo.<init>(LoginPo.java:10)
	at library.BaseClass.<init>(BaseClass.java:17)
	at Po.LoginPo.<init>(LoginPo.java:10)
	at library.BaseClass.<init>(BaseClass.java:17)
	at Po.LoginPo.<init>(LoginPo.java:10)
	at library.BaseClass.<init>(BaseClass.java:17)
	at Po.LoginPo.<init>(LoginPo.java:10)
	at library.BaseClass.<init>(BaseClass.java:17)
	at Po.LoginPo.<init>(LoginPo.java:10)
	at library.BaseClass.<init>(BaseClass.java:17)
	at Po.LoginPo.<init>(LoginPo.java:10)
	at library.BaseClass.<init>(BaseClass.java:17)
	at Po.LoginPo.<init>(LoginPo.java:10)
	at library.BaseClass.<init>(BaseClass.java:17)
	at Po.LoginPo.<init>(LoginPo.java:10)
	at library.BaseClass.<init>(BaseClass.java:17)
	at Po.LoginPo.<init>(LoginPo.java:10)
	at library.BaseClass.<init>(BaseClass.java:17)
	at Po.LoginPo.<init>(LoginPo.java:10)
	at library.BaseClass.<init>(BaseClass.java:17)
	at Po.LoginPo.<init>(LoginPo.java:10)
	at library.BaseClass.<init>(BaseClass.java:17)
	at Po.LoginPo.<init>(LoginPo.java:10)
	at library.BaseClass.<init>(BaseClass.java:17)
	at Po.LoginPo.<init>(LoginPo.java:10)
	at library.BaseClass.<init>(BaseClass.java:17)
	at Po.LoginPo.<init>(LoginPo.java:10)
	at library.BaseClass.<init>(BaseClass.java:17)
	at Po.LoginPo.<init>(LoginPo.java:10)
	at library.BaseClass.<init>(BaseClass.java:17)
	at Po.LoginPo.<init>(LoginPo.java:10)
	at library.BaseClass.<init>(BaseClass.java:17)
	at Po.LoginPo.<init>(LoginPo.java:10)
	at library.BaseClass.<init>(BaseClass.java:17)
	at Po.LoginPo.<init>(LoginPo.java:10)
	at library.BaseClass.<init>(BaseClass.java:17)
	at Po.LoginPo.<init>(LoginPo.java:10)
	at library.BaseClass.<init>(BaseClass.java:17)
	at Po.LoginPo.<init>(LoginPo.java:10)
	at library.BaseClass.<init>(BaseClass.java:17)
	at Po.LoginPo.<init>(LoginPo.java:10)
	at library.BaseClass.<init>(BaseClass.java:17)
	at Po.LoginPo.<init>(LoginPo.java:10)
	at library.BaseClass.<init>(BaseClass.java:17)
	at Po.LoginPo.<init>(LoginPo.java:10)
	at library.BaseClass.<init>(BaseClass.java:17)
	at Po.LoginPo.<init>(LoginPo.java:10)
	at library.BaseClass.<init>(BaseClass.java:17)
	at Po.LoginPo.<init>(LoginPo.java:10)
	at library.BaseClass.<init>(BaseClass.java:17)
	at Po.LoginPo.<init>(LoginPo.java:10)
	at library.BaseClass.<init>(BaseClass.java:17)
	at Po.LoginPo.<init>(LoginPo.java:10)
	at library.BaseClass.<init>(BaseClass.java:17)
	at Po.LoginPo.<init>(LoginPo.java:10)
	at library.BaseClass.<init>(BaseClass.java:17)
	at Po.LoginPo.<init>(LoginPo.java:10)
	at library.BaseClass.<init>(BaseClass.java:17)
	at Po.LoginPo.<init>(LoginPo.java:10)
	at library.BaseClass.<init>(BaseClass.java:17)
	at Po.LoginPo.<init>(LoginPo.java:10)
	at library.BaseClass.<init>(BaseClass.java:17)
	at Po.LoginPo.<init>(LoginPo.java:10)
	at library.BaseClass.<init>(BaseClass.java:17)
	at Po.LoginPo.<init>(LoginPo.java:10)
	at library.BaseClass.<init>(BaseClass.java:17)
	at Po.LoginPo.<init>(LoginPo.java:10)
	at library.BaseClass.<init>(BaseClass.java:17)
	at Po.LoginPo.<init>(LoginPo.java:10)
	at library.BaseClass.<init>(BaseClass.java:17)
	at Po.LoginPo.<init>(LoginPo.java:10)
	at library.BaseClass.<init>(BaseClass.java:17)
	at Po.LoginPo.<init>(LoginPo.java:10)
	at library.BaseClass.<init>(BaseClass.java:17)
	at Po.LoginPo.<init>(LoginPo.java:10)
	at library.BaseClass.<init>(BaseClass.java:17)
	at Po.LoginPo.<init>(LoginPo.java:10)
	at library.BaseClass.<init>(BaseClass.java:17)
	at Po.LoginPo.<init>(LoginPo.java:10)
	at library.BaseClass.<init>(BaseClass.java:17)
	at Po.LoginPo.<init>(LoginPo.java:10)
	at library.BaseClass.<init>(BaseClass.java:17)
	at Po.LoginPo.<init>(LoginPo.java:10)
	at library.BaseClass.<init>(BaseClass.java:17)
	at Po.LoginPo.<init>(LoginPo.java:10)
	at library.BaseClass.<init>(BaseClass.java:17)
	at Po.LoginPo.<init>(LoginPo.java:10)
	at library.BaseClass.<init>(BaseClass.java:17)
	at Po.LoginPo.<init>(LoginPo.java:10)
	at library.BaseClass.<init>(BaseClass.java:17)
	at Po.LoginPo.<init>(LoginPo.java:10)
	at library.BaseClass.<init>(BaseClass.java:17)
	at Po.LoginPo.<init>(LoginPo.java:10)
	at library.BaseClass.<init>(BaseClass.java:17)
	at Po.LoginPo.<init>(LoginPo.java:10)
	at library.BaseClass.<init>(BaseClass.java:17)
	at Po.LoginPo.<init>(LoginPo.java:10)
	at library.BaseClass.<init>(BaseClass.java:17)
	at Po.LoginPo.<init>(LoginPo.java:10)
	at library.BaseClass.<init>(BaseClass.java:17)
	at Po.LoginPo.<init>(LoginPo.java:10)
	at library.BaseClass.<init>(BaseClass.java:17)
	at Po.LoginPo.<init>(LoginPo.java:10)
	at library.BaseClass.<init>(BaseClass.java:17)
	at Po.LoginPo.<init>(LoginPo.java:10)
	at library.BaseClass.<init>(BaseClass.java:17)
	at Po.LoginPo.<init>(LoginPo.java:10)
	at library.BaseClass.<init>(BaseClass.java:17)
	at Po.LoginPo.<init>(LoginPo.java:10)
	at library.BaseClass.<init>(BaseClass.java:17)
	at Po.LoginPo.<init>(LoginPo.java:10)
	at library.BaseClass.<init>(BaseClass.java:17)
	at Po.LoginPo.<init>(LoginPo.java:10)
	at library.BaseClass.<init>(BaseClass.java:17)
	at Po.LoginPo.<init>(LoginPo.java:10)
	at library.BaseClass.<init>(BaseClass.java:17)
	at Po.LoginPo.<init>(LoginPo.java:10)
	at library.BaseClass.<init>(BaseClass.java:17)
	at Po.LoginPo.<init>(LoginPo.java:10)
	at library.BaseClass.<init>(BaseClass.java:17)
]]></failure>
    <system-err><![CDATA[1563961834122	Marionette	INFO	Stopped listening on port 49453
[Child 9904, Chrome_ChildThread] WARNING: pipe error: 109: file z:/task_1563383129/build/src/ipc/chromium/src/chrome/common/ipc_channel_win.cc, line 341
[Child 9904, Chrome_ChildThread] WARNING: pipe error: 109: file z:/task_1563383129/build/src/ipc/chromium[Parent 10400, Gecko_IOThread] WARNING: pipe error: 109: file z:/task_1563383129/build/src/ipc/chromium/src/chrome/common/ipc_channel_win.cc, line 341

###!!! [Child][RunMessage] Error: Channel closing: too late to send/recv, messages will be lost

[GPU 8608, Chr
###!!! [Child][MessageChannel::SendAndWait] Error: Channel error: cannot send/recv

1563961840375	mozrunner::runner	INFO	Running command: "C:\\Program Files\\Mozilla Firefox\\firefox.exe" "-marionette" "-foreground" "-no-remote" "-profile" "C:\\Users\\Admin\\AppData\\Local\\Temp\\rust_mozprofile.TvKtnFcK7PYC"
1563961841308	addons.webextension.screenshots@mozilla.org	WARN	Loading extension 'screenshots@mozilla.org': Reading manifest: Invalid extension permission: mozillaAddons
1563961841308	addons.webextension.screenshots@mozilla.org	WARN	Loading extension 'screenshots@mozilla.org': Reading manifest: Invalid extension permission: telemetry
1563961841308	addons.webextension.screenshots@mozilla.org	WARN	Loading extension 'screenshots@mozilla.org': Reading manifest: Invalid extension permission: resource://pdf.js/
1563961841308	addons.webextension.screenshots@mozilla.org	WARN	Loading extension 'screenshots@mozilla.org': Reading manifest: Invalid extension permission: about:reader*
1563961844558	Marionette	INFO	Listening on port 49502
1563961844712	Marionette	WARN	TLS certificate errors will be ignored for this session
Jul 24, 2019 3:20:44 PM org.openqa.selenium.remote.ProtocolHandshake createSession
INFO: Detected dialect: W3C
]]></system-err>
  </testcase>
  <testcase name="Login" classname="script.Excel" time="0.005">
    <failure type="java.lang.StackOverflowError:"><![CDATA[java.lang.StackOverflowError: null
	at Po.LoginPo.<init>(LoginPo.java:10)
	at library.BaseClass.<init>(BaseClass.java:17)
	at Po.LoginPo.<init>(LoginPo.java:10)
	at library.BaseClass.<init>(BaseClass.java:17)
	at Po.LoginPo.<init>(LoginPo.java:10)
	at library.BaseClass.<init>(BaseClass.java:17)
	at Po.LoginPo.<init>(LoginPo.java:10)
	at library.BaseClass.<init>(BaseClass.java:17)
	at Po.LoginPo.<init>(LoginPo.java:10)
	at library.BaseClass.<init>(BaseClass.java:17)
	at Po.LoginPo.<init>(LoginPo.java:10)
	at library.BaseClass.<init>(BaseClass.java:17)
	at Po.LoginPo.<init>(LoginPo.java:10)
	at library.BaseClass.<init>(BaseClass.java:17)
	at Po.LoginPo.<init>(LoginPo.java:10)
	at library.BaseClass.<init>(BaseClass.java:17)
	at Po.LoginPo.<init>(LoginPo.java:10)
	at library.BaseClass.<init>(BaseClass.java:17)
	at Po.LoginPo.<init>(LoginPo.java:10)
	at library.BaseClass.<init>(BaseClass.java:17)
	at Po.LoginPo.<init>(LoginPo.java:10)
	at library.BaseClass.<init>(BaseClass.java:17)
	at Po.LoginPo.<init>(LoginPo.java:10)
	at library.BaseClass.<init>(BaseClass.java:17)
	at Po.LoginPo.<init>(LoginPo.java:10)
	at library.BaseClass.<init>(BaseClass.java:17)
	at Po.LoginPo.<init>(LoginPo.java:10)
	at library.BaseClass.<init>(BaseClass.java:17)
	at Po.LoginPo.<init>(LoginPo.java:10)
	at library.BaseClass.<init>(BaseClass.java:17)
	at Po.LoginPo.<init>(LoginPo.java:10)
	at library.BaseClass.<init>(BaseClass.java:17)
	at Po.LoginPo.<init>(LoginPo.java:10)
	at library.BaseClass.<init>(BaseClass.java:17)
	at Po.LoginPo.<init>(LoginPo.java:10)
	at library.BaseClass.<init>(BaseClass.java:17)
	at Po.LoginPo.<init>(LoginPo.java:10)
	at library.BaseClass.<init>(BaseClass.java:17)
	at Po.LoginPo.<init>(LoginPo.java:10)
	at library.BaseClass.<init>(BaseClass.java:17)
	at Po.LoginPo.<init>(LoginPo.java:10)
	at library.BaseClass.<init>(BaseClass.java:17)
	at Po.LoginPo.<init>(LoginPo.java:10)
	at library.BaseClass.<init>(BaseClass.java:17)
	at Po.LoginPo.<init>(LoginPo.java:10)
	at library.BaseClass.<init>(BaseClass.java:17)
	at Po.LoginPo.<init>(LoginPo.java:10)
	at library.BaseClass.<init>(BaseClass.java:17)
	at Po.LoginPo.<init>(LoginPo.java:10)
	at library.BaseClass.<init>(BaseClass.java:17)
	at Po.LoginPo.<init>(LoginPo.java:10)
	at library.BaseClass.<init>(BaseClass.java:17)
	at Po.LoginPo.<init>(LoginPo.java:10)
	at library.BaseClass.<init>(BaseClass.java:17)
	at Po.LoginPo.<init>(LoginPo.java:10)
	at library.BaseClass.<init>(BaseClass.java:17)
	at Po.LoginPo.<init>(LoginPo.java:10)
	at library.BaseClass.<init>(BaseClass.java:17)
	at Po.LoginPo.<init>(LoginPo.java:10)
	at library.BaseClass.<init>(BaseClass.java:17)
	at Po.LoginPo.<init>(LoginPo.java:10)
	at library.BaseClass.<init>(BaseClass.java:17)
	at Po.LoginPo.<init>(LoginPo.java:10)
	at library.BaseClass.<init>(BaseClass.java:17)
	at Po.LoginPo.<init>(LoginPo.java:10)
	at library.BaseClass.<init>(BaseClass.java:17)
	at Po.LoginPo.<init>(LoginPo.java:10)
	at library.BaseClass.<init>(BaseClass.java:17)
	at Po.LoginPo.<init>(LoginPo.java:10)
	at library.BaseClass.<init>(BaseClass.java:17)
	at Po.LoginPo.<init>(LoginPo.java:10)
	at library.BaseClass.<init>(BaseClass.java:17)
	at Po.LoginPo.<init>(LoginPo.java:10)
	at library.BaseClass.<init>(BaseClass.java:17)
	at Po.LoginPo.<init>(LoginPo.java:10)
	at library.BaseClass.<init>(BaseClass.java:17)
	at Po.LoginPo.<init>(LoginPo.java:10)
	at library.BaseClass.<init>(BaseClass.java:17)
	at Po.LoginPo.<init>(LoginPo.java:10)
	at library.BaseClass.<init>(BaseClass.java:17)
	at Po.LoginPo.<init>(LoginPo.java:10)
	at library.BaseClass.<init>(BaseClass.java:17)
	at Po.LoginPo.<init>(LoginPo.java:10)
	at library.BaseClass.<init>(BaseClass.java:17)
	at Po.LoginPo.<init>(LoginPo.java:10)
	at library.BaseClass.<init>(BaseClass.java:17)
	at Po.LoginPo.<init>(LoginPo.java:10)
	at library.BaseClass.<init>(BaseClass.java:17)
	at Po.LoginPo.<init>(LoginPo.java:10)
	at library.BaseClass.<init>(BaseClass.java:17)
	at Po.LoginPo.<init>(LoginPo.java:10)
	at library.BaseClass.<init>(BaseClass.java:17)
	at Po.LoginPo.<init>(LoginPo.java:10)
	at library.BaseClass.<init>(BaseClass.java:17)
	at Po.LoginPo.<init>(LoginPo.java:10)
	at library.BaseClass.<init>(BaseClass.java:17)
	at Po.LoginPo.<init>(LoginPo.java:10)
	at library.BaseClass.<init>(BaseClass.java:17)
	at Po.LoginPo.<init>(LoginPo.java:10)
	at library.BaseClass.<init>(BaseClass.java:17)
	at Po.LoginPo.<init>(LoginPo.java:10)
	at library.BaseClass.<init>(BaseClass.java:17)
	at Po.LoginPo.<init>(LoginPo.java:10)
	at library.BaseClass.<init>(BaseClass.java:17)
	at Po.LoginPo.<init>(LoginPo.java:10)
	at library.BaseClass.<init>(BaseClass.java:17)
	at Po.LoginPo.<init>(LoginPo.java:10)
	at library.BaseClass.<init>(BaseClass.java:17)
	at Po.LoginPo.<init>(LoginPo.java:10)
	at library.BaseClass.<init>(BaseClass.java:17)
	at Po.LoginPo.<init>(LoginPo.java:10)
	at library.BaseClass.<init>(BaseClass.java:17)
	at Po.LoginPo.<init>(LoginPo.java:10)
	at library.BaseClass.<init>(BaseClass.java:17)
	at Po.LoginPo.<init>(LoginPo.java:10)
	at library.BaseClass.<init>(BaseClass.java:17)
	at Po.LoginPo.<init>(LoginPo.java:10)
	at library.BaseClass.<init>(BaseClass.java:17)
	at Po.LoginPo.<init>(LoginPo.java:10)
	at library.BaseClass.<init>(BaseClass.java:17)
	at Po.LoginPo.<init>(LoginPo.java:10)
	at library.BaseClass.<init>(BaseClass.java:17)
	at Po.LoginPo.<init>(LoginPo.java:10)
	at library.BaseClass.<init>(BaseClass.java:17)
	at Po.LoginPo.<init>(LoginPo.java:10)
	at library.BaseClass.<init>(BaseClass.java:17)
	at Po.LoginPo.<init>(LoginPo.java:10)
	at library.BaseClass.<init>(BaseClass.java:17)
	at Po.LoginPo.<init>(LoginPo.java:10)
	at library.BaseClass.<init>(BaseClass.java:17)
	at Po.LoginPo.<init>(LoginPo.java:10)
	at library.BaseClass.<init>(BaseClass.java:17)
	at Po.LoginPo.<init>(LoginPo.java:10)
	at library.BaseClass.<init>(BaseClass.java:17)
	at Po.LoginPo.<init>(LoginPo.java:10)
	at library.BaseClass.<init>(BaseClass.java:17)
	at Po.LoginPo.<init>(LoginPo.java:10)
	at library.BaseClass.<init>(BaseClass.java:17)
	at Po.LoginPo.<init>(LoginPo.java:10)
	at library.BaseClass.<init>(BaseClass.java:17)
	at Po.LoginPo.<init>(LoginPo.java:10)
	at library.BaseClass.<init>(BaseClass.java:17)
	at Po.LoginPo.<init>(LoginPo.java:10)
	at library.BaseClass.<init>(BaseClass.java:17)
	at Po.LoginPo.<init>(LoginPo.java:10)
	at library.BaseClass.<init>(BaseClass.java:17)
	at Po.LoginPo.<init>(LoginPo.java:10)
	at library.BaseClass.<init>(BaseClass.java:17)
	at Po.LoginPo.<init>(LoginPo.java:10)
	at library.BaseClass.<init>(BaseClass.java:17)
	at Po.LoginPo.<init>(LoginPo.java:10)
	at library.BaseClass.<init>(BaseClass.java:17)
	at Po.LoginPo.<init>(LoginPo.java:10)
	at library.BaseClass.<init>(BaseClass.java:17)
	at Po.LoginPo.<init>(LoginPo.java:10)
	at library.BaseClass.<init>(BaseClass.java:17)
	at Po.LoginPo.<init>(LoginPo.java:10)
	at library.BaseClass.<init>(BaseClass.java:17)
	at Po.LoginPo.<init>(LoginPo.java:10)
	at library.BaseClass.<init>(BaseClass.java:17)
	at Po.LoginPo.<init>(LoginPo.java:10)
	at library.BaseClass.<init>(BaseClass.java:17)
	at Po.LoginPo.<init>(LoginPo.java:10)
	at library.BaseClass.<init>(BaseClass.java:17)
	at Po.LoginPo.<init>(LoginPo.java:10)
	at library.BaseClass.<init>(BaseClass.java:17)
	at Po.LoginPo.<init>(LoginPo.java:10)
	at library.BaseClass.<init>(BaseClass.java:17)
	at Po.LoginPo.<init>(LoginPo.java:10)
	at library.BaseClass.<init>(BaseClass.java:17)
	at Po.LoginPo.<init>(LoginPo.java:10)
	at library.BaseClass.<init>(BaseClass.java:17)
	at Po.LoginPo.<init>(LoginPo.java:10)
	at library.BaseClass.<init>(BaseClass.java:17)
	at Po.LoginPo.<init>(LoginPo.java:10)
	at library.BaseClass.<init>(BaseClass.java:17)
	at Po.LoginPo.<init>(LoginPo.java:10)
	at library.BaseClass.<init>(BaseClass.java:17)
	at Po.LoginPo.<init>(LoginPo.java:10)
	at library.BaseClass.<init>(BaseClass.java:17)
	at Po.LoginPo.<init>(LoginPo.java:10)
	at library.BaseClass.<init>(BaseClass.java:17)
	at Po.LoginPo.<init>(LoginPo.java:10)
	at library.BaseClass.<init>(BaseClass.java:17)
	at Po.LoginPo.<init>(LoginPo.java:10)
	at library.BaseClass.<init>(BaseClass.java:17)
	at Po.LoginPo.<init>(LoginPo.java:10)
	at library.BaseClass.<init>(BaseClass.java:17)
	at Po.LoginPo.<init>(LoginPo.java:10)
	at library.BaseClass.<init>(BaseClass.java:17)
	at Po.LoginPo.<init>(LoginPo.java:10)
	at library.BaseClass.<init>(BaseClass.java:17)
	at Po.LoginPo.<init>(LoginPo.java:10)
	at library.BaseClass.<init>(BaseClass.java:17)
	at Po.LoginPo.<init>(LoginPo.java:10)
	at library.BaseClass.<init>(BaseClass.java:17)
	at Po.LoginPo.<init>(LoginPo.java:10)
	at library.BaseClass.<init>(BaseClass.java:17)
	at Po.LoginPo.<init>(LoginPo.java:10)
	at library.BaseClass.<init>(BaseClass.java:17)
	at Po.LoginPo.<init>(LoginPo.java:10)
	at library.BaseClass.<init>(BaseClass.java:17)
	at Po.LoginPo.<init>(LoginPo.java:10)
	at library.BaseClass.<init>(BaseClass.java:17)
	at Po.LoginPo.<init>(LoginPo.java:10)
	at library.BaseClass.<init>(BaseClass.java:17)
	at Po.LoginPo.<init>(LoginPo.java:10)
	at library.BaseClass.<init>(BaseClass.java:17)
	at Po.LoginPo.<init>(LoginPo.java:10)
	at library.BaseClass.<init>(BaseClass.java:17)
	at Po.LoginPo.<init>(LoginPo.java:10)
	at library.BaseClass.<init>(BaseClass.java:17)
	at Po.LoginPo.<init>(LoginPo.java:10)
	at library.BaseClass.<init>(BaseClass.java:17)
	at Po.LoginPo.<init>(LoginPo.java:10)
	at library.BaseClass.<init>(BaseClass.java:17)
	at Po.LoginPo.<init>(LoginPo.java:10)
	at library.BaseClass.<init>(BaseClass.java:17)
	at Po.LoginPo.<init>(LoginPo.java:10)
	at library.BaseClass.<init>(BaseClass.java:17)
	at Po.LoginPo.<init>(LoginPo.java:10)
	at library.BaseClass.<init>(BaseClass.java:17)
	at Po.LoginPo.<init>(LoginPo.java:10)
	at library.BaseClass.<init>(BaseClass.java:17)
	at Po.LoginPo.<init>(LoginPo.java:10)
	at library.BaseClass.<init>(BaseClass.java:17)
	at Po.LoginPo.<init>(LoginPo.java:10)
	at library.BaseClass.<init>(BaseClass.java:17)
	at Po.LoginPo.<init>(LoginPo.java:10)
	at library.BaseClass.<init>(BaseClass.java:17)
	at Po.LoginPo.<init>(LoginPo.java:10)
	at library.BaseClass.<init>(BaseClass.java:17)
	at Po.LoginPo.<init>(LoginPo.java:10)
	at library.BaseClass.<init>(BaseClass.java:17)
	at Po.LoginPo.<init>(LoginPo.java:10)
	at library.BaseClass.<init>(BaseClass.java:17)
	at Po.LoginPo.<init>(LoginPo.java:10)
	at library.BaseClass.<init>(BaseClass.java:17)
	at Po.LoginPo.<init>(LoginPo.java:10)
	at library.BaseClass.<init>(BaseClass.java:17)
	at Po.LoginPo.<init>(LoginPo.java:10)
	at library.BaseClass.<init>(BaseClass.java:17)
	at Po.LoginPo.<init>(LoginPo.java:10)
	at library.BaseClass.<init>(BaseClass.java:17)
	at Po.LoginPo.<init>(LoginPo.java:10)
	at library.BaseClass.<init>(BaseClass.java:17)
	at Po.LoginPo.<init>(LoginPo.java:10)
	at library.BaseClass.<init>(BaseClass.java:17)
	at Po.LoginPo.<init>(LoginPo.java:10)
	at library.BaseClass.<init>(BaseClass.java:17)
	at Po.LoginPo.<init>(LoginPo.java:10)
	at library.BaseClass.<init>(BaseClass.java:17)
	at Po.LoginPo.<init>(LoginPo.java:10)
	at library.BaseClass.<init>(BaseClass.java:17)
	at Po.LoginPo.<init>(LoginPo.java:10)
	at library.BaseClass.<init>(BaseClass.java:17)
	at Po.LoginPo.<init>(LoginPo.java:10)
	at library.BaseClass.<init>(BaseClass.java:17)
	at Po.LoginPo.<init>(LoginPo.java:10)
	at library.BaseClass.<init>(BaseClass.java:17)
	at Po.LoginPo.<init>(LoginPo.java:10)
	at library.BaseClass.<init>(BaseClass.java:17)
	at Po.LoginPo.<init>(LoginPo.java:10)
	at library.BaseClass.<init>(BaseClass.java:17)
	at Po.LoginPo.<init>(LoginPo.java:10)
	at library.BaseClass.<init>(BaseClass.java:17)
	at Po.LoginPo.<init>(LoginPo.java:10)
	at library.BaseClass.<init>(BaseClass.java:17)
	at Po.LoginPo.<init>(LoginPo.java:10)
	at library.BaseClass.<init>(BaseClass.java:17)
	at Po.LoginPo.<init>(LoginPo.java:10)
	at library.BaseClass.<init>(BaseClass.java:17)
	at Po.LoginPo.<init>(LoginPo.java:10)
	at library.BaseClass.<init>(BaseClass.java:17)
	at Po.LoginPo.<init>(LoginPo.java:10)
	at library.BaseClass.<init>(BaseClass.java:17)
	at Po.LoginPo.<init>(LoginPo.java:10)
	at library.BaseClass.<init>(BaseClass.java:17)
	at Po.LoginPo.<init>(LoginPo.java:10)
	at library.BaseClass.<init>(BaseClass.java:17)
	at Po.LoginPo.<init>(LoginPo.java:10)
	at library.BaseClass.<init>(BaseClass.java:17)
	at Po.LoginPo.<init>(LoginPo.java:10)
	at library.BaseClass.<init>(BaseClass.java:17)
	at Po.LoginPo.<init>(LoginPo.java:10)
	at library.BaseClass.<init>(BaseClass.java:17)
	at Po.LoginPo.<init>(LoginPo.java:10)
	at library.BaseClass.<init>(BaseClass.java:17)
	at Po.LoginPo.<init>(LoginPo.java:10)
	at library.BaseClass.<init>(BaseClass.java:17)
	at Po.LoginPo.<init>(LoginPo.java:10)
	at library.BaseClass.<init>(BaseClass.java:17)
	at Po.LoginPo.<init>(LoginPo.java:10)
	at library.BaseClass.<init>(BaseClass.java:17)
	at Po.LoginPo.<init>(LoginPo.java:10)
	at library.BaseClass.<init>(BaseClass.java:17)
	at Po.LoginPo.<init>(LoginPo.java:10)
	at library.BaseClass.<init>(BaseClass.java:17)
	at Po.LoginPo.<init>(LoginPo.java:10)
	at library.BaseClass.<init>(BaseClass.java:17)
	at Po.LoginPo.<init>(LoginPo.java:10)
	at library.BaseClass.<init>(BaseClass.java:17)
	at Po.LoginPo.<init>(LoginPo.java:10)
	at library.BaseClass.<init>(BaseClass.java:17)
	at Po.LoginPo.<init>(LoginPo.java:10)
	at library.BaseClass.<init>(BaseClass.java:17)
	at Po.LoginPo.<init>(LoginPo.java:10)
	at library.BaseClass.<init>(BaseClass.java:17)
	at Po.LoginPo.<init>(LoginPo.java:10)
	at library.BaseClass.<init>(BaseClass.java:17)
	at Po.LoginPo.<init>(LoginPo.java:10)
	at library.BaseClass.<init>(BaseClass.java:17)
	at Po.LoginPo.<init>(LoginPo.java:10)
	at library.BaseClass.<init>(BaseClass.java:17)
	at Po.LoginPo.<init>(LoginPo.java:10)
	at library.BaseClass.<init>(BaseClass.java:17)
	at Po.LoginPo.<init>(LoginPo.java:10)
	at library.BaseClass.<init>(BaseClass.java:17)
	at Po.LoginPo.<init>(LoginPo.java:10)
	at library.BaseClass.<init>(BaseClass.java:17)
	at Po.LoginPo.<init>(LoginPo.java:10)
	at library.BaseClass.<init>(BaseClass.java:17)
	at Po.LoginPo.<init>(LoginPo.java:10)
	at library.BaseClass.<init>(BaseClass.java:17)
	at Po.LoginPo.<init>(LoginPo.java:10)
	at library.BaseClass.<init>(BaseClass.java:17)
	at Po.LoginPo.<init>(LoginPo.java:10)
	at library.BaseClass.<init>(BaseClass.java:17)
	at Po.LoginPo.<init>(LoginPo.java:10)
	at library.BaseClass.<init>(BaseClass.java:17)
	at Po.LoginPo.<init>(LoginPo.java:10)
	at library.BaseClass.<init>(BaseClass.java:17)
	at Po.LoginPo.<init>(LoginPo.java:10)
	at library.BaseClass.<init>(BaseClass.java:17)
	at Po.LoginPo.<init>(LoginPo.java:10)
	at library.BaseClass.<init>(BaseClass.java:17)
	at Po.LoginPo.<init>(LoginPo.java:10)
	at library.BaseClass.<init>(BaseClass.java:17)
	at Po.LoginPo.<init>(LoginPo.java:10)
	at library.BaseClass.<init>(BaseClass.java:17)
	at Po.LoginPo.<init>(LoginPo.java:10)
	at library.BaseClass.<init>(BaseClass.java:17)
	at Po.LoginPo.<init>(LoginPo.java:10)
	at library.BaseClass.<init>(BaseClass.java:17)
	at Po.LoginPo.<init>(LoginPo.java:10)
	at library.BaseClass.<init>(BaseClass.java:17)
	at Po.LoginPo.<init>(LoginPo.java:10)
	at library.BaseClass.<init>(BaseClass.java:17)
	at Po.LoginPo.<init>(LoginPo.java:10)
	at library.BaseClass.<init>(BaseClass.java:17)
	at Po.LoginPo.<init>(LoginPo.java:10)
	at library.BaseClass.<init>(BaseClass.java:17)
	at Po.LoginPo.<init>(LoginPo.java:10)
	at library.BaseClass.<init>(BaseClass.java:17)
	at Po.LoginPo.<init>(LoginPo.java:10)
	at library.BaseClass.<init>(BaseClass.java:17)
	at Po.LoginPo.<init>(LoginPo.java:10)
	at library.BaseClass.<init>(BaseClass.java:17)
	at Po.LoginPo.<init>(LoginPo.java:10)
	at library.BaseClass.<init>(BaseClass.java:17)
	at Po.LoginPo.<init>(LoginPo.java:10)
	at library.BaseClass.<init>(BaseClass.java:17)
	at Po.LoginPo.<init>(LoginPo.java:10)
	at library.BaseClass.<init>(BaseClass.java:17)
	at Po.LoginPo.<init>(LoginPo.java:10)
	at library.BaseClass.<init>(BaseClass.java:17)
	at Po.LoginPo.<init>(LoginPo.java:10)
	at library.BaseClass.<init>(BaseClass.java:17)
	at Po.LoginPo.<init>(LoginPo.java:10)
	at library.BaseClass.<init>(BaseClass.java:17)
	at Po.LoginPo.<init>(LoginPo.java:10)
	at library.BaseClass.<init>(BaseClass.java:17)
	at Po.LoginPo.<init>(LoginPo.java:10)
	at library.BaseClass.<init>(BaseClass.java:17)
	at Po.LoginPo.<init>(LoginPo.java:10)
	at library.BaseClass.<init>(BaseClass.java:17)
	at Po.LoginPo.<init>(LoginPo.java:10)
	at library.BaseClass.<init>(BaseClass.java:17)
	at Po.LoginPo.<init>(LoginPo.java:10)
	at library.BaseClass.<init>(BaseClass.java:17)
	at Po.LoginPo.<init>(LoginPo.java:10)
	at library.BaseClass.<init>(BaseClass.java:17)
	at Po.LoginPo.<init>(LoginPo.java:10)
	at library.BaseClass.<init>(BaseClass.java:17)
	at Po.LoginPo.<init>(LoginPo.java:10)
	at library.BaseClass.<init>(BaseClass.java:17)
	at Po.LoginPo.<init>(LoginPo.java:10)
	at library.BaseClass.<init>(BaseClass.java:17)
	at Po.LoginPo.<init>(LoginPo.java:10)
	at library.BaseClass.<init>(BaseClass.java:17)
	at Po.LoginPo.<init>(LoginPo.java:10)
	at library.BaseClass.<init>(BaseClass.java:17)
	at Po.LoginPo.<init>(LoginPo.java:10)
	at library.BaseClass.<init>(BaseClass.java:17)
	at Po.LoginPo.<init>(LoginPo.java:10)
	at library.BaseClass.<init>(BaseClass.java:17)
	at Po.LoginPo.<init>(LoginPo.java:10)
	at library.BaseClass.<init>(BaseClass.java:17)
	at Po.LoginPo.<init>(LoginPo.java:10)
	at library.BaseClass.<init>(BaseClass.java:17)
	at Po.LoginPo.<init>(LoginPo.java:10)
	at library.BaseClass.<init>(BaseClass.java:17)
	at Po.LoginPo.<init>(LoginPo.java:10)
	at library.BaseClass.<init>(BaseClass.java:17)
	at Po.LoginPo.<init>(LoginPo.java:10)
	at library.BaseClass.<init>(BaseClass.java:17)
	at Po.LoginPo.<init>(LoginPo.java:10)
	at library.BaseClass.<init>(BaseClass.java:17)
	at Po.LoginPo.<init>(LoginPo.java:10)
	at library.BaseClass.<init>(BaseClass.java:17)
	at Po.LoginPo.<init>(LoginPo.java:10)
	at library.BaseClass.<init>(BaseClass.java:17)
	at Po.LoginPo.<init>(LoginPo.java:10)
	at library.BaseClass.<init>(BaseClass.java:17)
	at Po.LoginPo.<init>(LoginPo.java:10)
	at library.BaseClass.<init>(BaseClass.java:17)
	at Po.LoginPo.<init>(LoginPo.java:10)
	at library.BaseClass.<init>(BaseClass.java:17)
	at Po.LoginPo.<init>(LoginPo.java:10)
	at library.BaseClass.<init>(BaseClass.java:17)
	at Po.LoginPo.<init>(LoginPo.java:10)
	at library.BaseClass.<init>(BaseClass.java:17)
	at Po.LoginPo.<init>(LoginPo.java:10)
	at library.BaseClass.<init>(BaseClass.java:17)
	at Po.LoginPo.<init>(LoginPo.java:10)
	at library.BaseClass.<init>(BaseClass.java:17)
	at Po.LoginPo.<init>(LoginPo.java:10)
	at library.BaseClass.<init>(BaseClass.java:17)
	at Po.LoginPo.<init>(LoginPo.java:10)
	at library.BaseClass.<init>(BaseClass.java:17)
	at Po.LoginPo.<init>(LoginPo.java:10)
	at library.BaseClass.<init>(BaseClass.java:17)
	at Po.LoginPo.<init>(LoginPo.java:10)
	at library.BaseClass.<init>(BaseClass.java:17)
	at Po.LoginPo.<init>(LoginPo.java:10)
	at library.BaseClass.<init>(BaseClass.java:17)
	at Po.LoginPo.<init>(LoginPo.java:10)
	at library.BaseClass.<init>(BaseClass.java:17)
	at Po.LoginPo.<init>(LoginPo.java:10)
	at library.BaseClass.<init>(BaseClass.java:17)
	at Po.LoginPo.<init>(LoginPo.java:10)
	at library.BaseClass.<init>(BaseClass.java:17)
	at Po.LoginPo.<init>(LoginPo.java:10)
	at library.BaseClass.<init>(BaseClass.java:17)
	at Po.LoginPo.<init>(LoginPo.java:10)
	at library.BaseClass.<init>(BaseClass.java:17)
	at Po.LoginPo.<init>(LoginPo.java:10)
	at library.BaseClass.<init>(BaseClass.java:17)
	at Po.LoginPo.<init>(LoginPo.java:10)
	at library.BaseClass.<init>(BaseClass.java:17)
	at Po.LoginPo.<init>(LoginPo.java:10)
	at library.BaseClass.<init>(BaseClass.java:17)
	at Po.LoginPo.<init>(LoginPo.java:10)
	at library.BaseClass.<init>(BaseClass.java:17)
	at Po.LoginPo.<init>(LoginPo.java:10)
	at library.BaseClass.<init>(BaseClass.java:17)
	at Po.LoginPo.<init>(LoginPo.java:10)
	at library.BaseClass.<init>(BaseClass.java:17)
	at Po.LoginPo.<init>(LoginPo.java:10)
	at library.BaseClass.<init>(BaseClass.java:17)
	at Po.LoginPo.<init>(LoginPo.java:10)
	at library.BaseClass.<init>(BaseClass.java:17)
	at Po.LoginPo.<init>(LoginPo.java:10)
	at library.BaseClass.<init>(BaseClass.java:17)
	at Po.LoginPo.<init>(LoginPo.java:10)
	at library.BaseClass.<init>(BaseClass.java:17)
	at Po.LoginPo.<init>(LoginPo.java:10)
	at library.BaseClass.<init>(BaseClass.java:17)
	at Po.LoginPo.<init>(LoginPo.java:10)
	at library.BaseClass.<init>(BaseClass.java:17)
	at Po.LoginPo.<init>(LoginPo.java:10)
	at library.BaseClass.<init>(BaseClass.java:17)
	at Po.LoginPo.<init>(LoginPo.java:10)
	at library.BaseClass.<init>(BaseClass.java:17)
	at Po.LoginPo.<init>(LoginPo.java:10)
	at library.BaseClass.<init>(BaseClass.java:17)
	at Po.LoginPo.<init>(LoginPo.java:10)
	at library.BaseClass.<init>(BaseClass.java:17)
	at Po.LoginPo.<init>(LoginPo.java:10)
	at library.BaseClass.<init>(BaseClass.java:17)
	at Po.LoginPo.<init>(LoginPo.java:10)
	at library.BaseClass.<init>(BaseClass.java:17)
	at Po.LoginPo.<init>(LoginPo.java:10)
	at library.BaseClass.<init>(BaseClass.java:17)
	at Po.LoginPo.<init>(LoginPo.java:10)
	at library.BaseClass.<init>(BaseClass.java:17)
	at Po.LoginPo.<init>(LoginPo.java:10)
	at library.BaseClass.<init>(BaseClass.java:17)
	at Po.LoginPo.<init>(LoginPo.java:10)
	at library.BaseClass.<init>(BaseClass.java:17)
	at Po.LoginPo.<init>(LoginPo.java:10)
	at library.BaseClass.<init>(BaseClass.java:17)
	at Po.LoginPo.<init>(LoginPo.java:10)
	at library.BaseClass.<init>(BaseClass.java:17)
	at Po.LoginPo.<init>(LoginPo.java:10)
	at library.BaseClass.<init>(BaseClass.java:17)
	at Po.LoginPo.<init>(LoginPo.java:10)
	at library.BaseClass.<init>(BaseClass.java:17)
	at Po.LoginPo.<init>(LoginPo.java:10)
	at library.BaseClass.<init>(BaseClass.java:17)
	at Po.LoginPo.<init>(LoginPo.java:10)
	at library.BaseClass.<init>(BaseClass.java:17)
	at Po.LoginPo.<init>(LoginPo.java:10)
	at library.BaseClass.<init>(BaseClass.java:17)
	at Po.LoginPo.<init>(LoginPo.java:10)
	at library.BaseClass.<init>(BaseClass.java:17)
	at Po.LoginPo.<init>(LoginPo.java:10)
	at library.BaseClass.<init>(BaseClass.java:17)
	at Po.LoginPo.<init>(LoginPo.java:10)
	at library.BaseClass.<init>(BaseClass.java:17)
	at Po.LoginPo.<init>(LoginPo.java:10)
	at library.BaseClass.<init>(BaseClass.java:17)
	at Po.LoginPo.<init>(LoginPo.java:10)
	at library.BaseClass.<init>(BaseClass.java:17)
	at Po.LoginPo.<init>(LoginPo.java:10)
	at library.BaseClass.<init>(BaseClass.java:17)
	at Po.LoginPo.<init>(LoginPo.java:10)
	at library.BaseClass.<init>(BaseClass.java:17)
	at Po.LoginPo.<init>(LoginPo.java:10)
	at library.BaseClass.<init>(BaseClass.java:17)
	at Po.LoginPo.<init>(LoginPo.java:10)
	at library.BaseClass.<init>(BaseClass.java:17)
	at Po.LoginPo.<init>(LoginPo.java:10)
	at library.BaseClass.<init>(BaseClass.java:17)
	at Po.LoginPo.<init>(LoginPo.java:10)
	at library.BaseClass.<init>(BaseClass.java:17)
	at Po.LoginPo.<init>(LoginPo.java:10)
	at library.BaseClass.<init>(BaseClass.java:17)
	at Po.LoginPo.<init>(LoginPo.java:10)
	at library.BaseClass.<init>(BaseClass.java:17)
	at Po.LoginPo.<init>(LoginPo.java:10)
	at library.BaseClass.<init>(BaseClass.java:17)
	at Po.LoginPo.<init>(LoginPo.java:10)
	at library.BaseClass.<init>(BaseClass.java:17)
	at Po.LoginPo.<init>(LoginPo.java:10)
	at library.BaseClass.<init>(BaseClass.java:17)
	at Po.LoginPo.<init>(LoginPo.java:10)
	at library.BaseClass.<init>(BaseClass.java:17)
	at Po.LoginPo.<init>(LoginPo.java:10)
	at library.BaseClass.<init>(BaseClass.java:17)
	at Po.LoginPo.<init>(LoginPo.java:10)
	at library.BaseClass.<init>(BaseClass.java:17)
	at Po.LoginPo.<init>(LoginPo.java:10)
	at library.BaseClass.<init>(BaseClass.java:17)
	at Po.LoginPo.<init>(LoginPo.java:10)
	at library.BaseClass.<init>(BaseClass.java:17)
	at Po.LoginPo.<init>(LoginPo.java:10)
	at library.BaseClass.<init>(BaseClass.java:17)
	at Po.LoginPo.<init>(LoginPo.java:10)
	at library.BaseClass.<init>(BaseClass.java:17)
	at Po.LoginPo.<init>(LoginPo.java:10)
	at library.BaseClass.<init>(BaseClass.java:17)
	at Po.LoginPo.<init>(LoginPo.java:10)
	at library.BaseClass.<init>(BaseClass.java:17)
	at Po.LoginPo.<init>(LoginPo.java:10)
	at library.BaseClass.<init>(BaseClass.java:17)
	at Po.LoginPo.<init>(LoginPo.java:10)
	at library.BaseClass.<init>(BaseClass.java:17)
	at Po.LoginPo.<init>(LoginPo.java:10)
	at library.BaseClass.<init>(BaseClass.java:17)
	at Po.LoginPo.<init>(LoginPo.java:10)
	at library.BaseClass.<init>(BaseClass.java:17)
	at Po.LoginPo.<init>(LoginPo.java:10)
	at library.BaseClass.<init>(BaseClass.java:17)
	at Po.LoginPo.<init>(LoginPo.java:10)
	at library.BaseClass.<init>(BaseClass.java:17)
	at Po.LoginPo.<init>(LoginPo.java:10)
	at library.BaseClass.<init>(BaseClass.java:17)
	at Po.LoginPo.<init>(LoginPo.java:10)
	at library.BaseClass.<init>(BaseClass.java:17)
	at Po.LoginPo.<init>(LoginPo.java:10)
	at library.BaseClass.<init>(BaseClass.java:17)
	at Po.LoginPo.<init>(LoginPo.java:10)
	at library.BaseClass.<init>(BaseClass.java:17)
	at Po.LoginPo.<init>(LoginPo.java:10)
	at library.BaseClass.<init>(BaseClass.java:17)
	at Po.LoginPo.<init>(LoginPo.java:10)
	at library.BaseClass.<init>(BaseClass.java:17)
	at Po.LoginPo.<init>(LoginPo.java:10)
	at library.BaseClass.<init>(BaseClass.java:17)
	at Po.LoginPo.<init>(LoginPo.java:10)
	at library.BaseClass.<init>(BaseClass.java:17)
	at Po.LoginPo.<init>(LoginPo.java:10)
	at library.BaseClass.<init>(BaseClass.java:17)
	at Po.LoginPo.<init>(LoginPo.java:10)
	at library.BaseClass.<init>(BaseClass.java:17)
	at Po.LoginPo.<init>(LoginPo.java:10)
	at library.BaseClass.<init>(BaseClass.java:17)
	at Po.LoginPo.<init>(LoginPo.java:10)
	at library.BaseClass.<init>(BaseClass.java:17)
	at Po.LoginPo.<init>(LoginPo.java:10)
	at library.BaseClass.<init>(BaseClass.java:17)
	at Po.LoginPo.<init>(LoginPo.java:10)
	at library.BaseClass.<init>(BaseClass.java:17)
	at Po.LoginPo.<init>(LoginPo.java:10)
	at library.BaseClass.<init>(BaseClass.java:17)
	at Po.LoginPo.<init>(LoginPo.java:10)
	at library.BaseClass.<init>(BaseClass.java:17)
	at Po.LoginPo.<init>(LoginPo.java:10)
	at library.BaseClass.<init>(BaseClass.java:17)
	at Po.LoginPo.<init>(LoginPo.java:10)
	at library.BaseClass.<init>(BaseClass.java:17)
	at Po.LoginPo.<init>(LoginPo.java:10)
	at library.BaseClass.<init>(BaseClass.java:17)
	at Po.LoginPo.<init>(LoginPo.java:10)
	at library.BaseClass.<init>(BaseClass.java:17)
	at Po.LoginPo.<init>(LoginPo.java:10)
	at library.BaseClass.<init>(BaseClass.java:17)
	at Po.LoginPo.<init>(LoginPo.java:10)
	at library.BaseClass.<init>(BaseClass.java:17)
	at Po.LoginPo.<init>(LoginPo.java:10)
	at library.BaseClass.<init>(BaseClass.java:17)
	at Po.LoginPo.<init>(LoginPo.java:10)
	at library.BaseClass.<init>(BaseClass.java:17)
	at Po.LoginPo.<init>(LoginPo.java:10)
	at library.BaseClass.<init>(BaseClass.java:17)
	at Po.LoginPo.<init>(LoginPo.java:10)
	at library.BaseClass.<init>(BaseClass.java:17)
	at Po.LoginPo.<init>(LoginPo.java:10)
	at library.BaseClass.<init>(BaseClass.java:17)
	at Po.LoginPo.<init>(LoginPo.java:10)
	at library.BaseClass.<init>(BaseClass.java:17)
	at Po.LoginPo.<init>(LoginPo.java:10)
	at library.BaseClass.<init>(BaseClass.java:17)
	at Po.LoginPo.<init>(LoginPo.java:10)
	at library.BaseClass.<init>(BaseClass.java:17)
	at Po.LoginPo.<init>(LoginPo.java:10)
	at library.BaseClass.<init>(BaseClass.java:17)
	at Po.LoginPo.<init>(LoginPo.java:10)
	at library.BaseClass.<init>(BaseClass.java:17)
	at Po.LoginPo.<init>(LoginPo.java:10)
	at library.BaseClass.<init>(BaseClass.java:17)
	at Po.LoginPo.<init>(LoginPo.java:10)
	at library.BaseClass.<init>(BaseClass.java:17)
	at Po.LoginPo.<init>(LoginPo.java:10)
	at library.BaseClass.<init>(BaseClass.java:17)
	at Po.LoginPo.<init>(LoginPo.java:10)
	at library.BaseClass.<init>(BaseClass.java:17)
	at Po.LoginPo.<init>(LoginPo.java:10)
	at library.BaseClass.<init>(BaseClass.java:17)
	at Po.LoginPo.<init>(LoginPo.java:10)
	at library.BaseClass.<init>(BaseClass.java:17)
	at Po.LoginPo.<init>(LoginPo.java:10)
	at library.BaseClass.<init>(BaseClass.java:17)
	at Po.LoginPo.<init>(LoginPo.java:10)
	at library.BaseClass.<init>(BaseClass.java:17)
	at Po.LoginPo.<init>(LoginPo.java:10)
	at library.BaseClass.<init>(BaseClass.java:17)
	at Po.LoginPo.<init>(LoginPo.java:10)
	at library.BaseClass.<init>(BaseClass.java:17)
	at Po.LoginPo.<init>(LoginPo.java:10)
	at library.BaseClass.<init>(BaseClass.java:17)
	at Po.LoginPo.<init>(LoginPo.java:10)
	at library.BaseClass.<init>(BaseClass.java:17)
	at Po.LoginPo.<init>(LoginPo.java:10)
	at library.BaseClass.<init>(BaseClass.java:17)
	at Po.LoginPo.<init>(LoginPo.java:10)
	at library.BaseClass.<init>(BaseClass.java:17)
	at Po.LoginPo.<init>(LoginPo.java:10)
	at library.BaseClass.<init>(BaseClass.java:17)
	at Po.LoginPo.<init>(LoginPo.java:10)
	at library.BaseClass.<init>(BaseClass.java:17)
	at Po.LoginPo.<init>(LoginPo.java:10)
	at library.BaseClass.<init>(BaseClass.java:17)
	at Po.LoginPo.<init>(LoginPo.java:10)
	at library.BaseClass.<init>(BaseClass.java:17)
	at Po.LoginPo.<init>(LoginPo.java:10)
	at library.BaseClass.<init>(BaseClass.java:17)
	at Po.LoginPo.<init>(LoginPo.java:10)
	at library.BaseClass.<init>(BaseClass.java:17)
	at Po.LoginPo.<init>(LoginPo.java:10)
	at library.BaseClass.<init>(BaseClass.java:17)
	at Po.LoginPo.<init>(LoginPo.java:10)
	at library.BaseClass.<init>(BaseClass.java:17)
	at Po.LoginPo.<init>(LoginPo.java:10)
	at library.BaseClass.<init>(BaseClass.java:17)
	at Po.LoginPo.<init>(LoginPo.java:10)
	at library.BaseClass.<init>(BaseClass.java:17)
	at Po.LoginPo.<init>(LoginPo.java:10)
	at library.BaseClass.<init>(BaseClass.java:17)
	at Po.LoginPo.<init>(LoginPo.java:10)
	at library.BaseClass.<init>(BaseClass.java:17)
	at Po.LoginPo.<init>(LoginPo.java:10)
	at library.BaseClass.<init>(BaseClass.java:17)
	at Po.LoginPo.<init>(LoginPo.java:10)
	at library.BaseClass.<init>(BaseClass.java:17)
	at Po.LoginPo.<init>(LoginPo.java:10)
	at library.BaseClass.<init>(BaseClass.java:17)
	at Po.LoginPo.<init>(LoginPo.java:10)
	at library.BaseClass.<init>(BaseClass.java:17)
	at Po.LoginPo.<init>(LoginPo.java:10)
	at library.BaseClass.<init>(BaseClass.java:17)
	at Po.LoginPo.<init>(LoginPo.java:10)
	at library.BaseClass.<init>(BaseClass.java:17)
	at Po.LoginPo.<init>(LoginPo.java:10)
	at library.BaseClass.<init>(BaseClass.java:17)
	at Po.LoginPo.<init>(LoginPo.java:10)
	at library.BaseClass.<init>(BaseClass.java:17)
	at Po.LoginPo.<init>(LoginPo.java:10)
	at library.BaseClass.<init>(BaseClass.java:17)
	at Po.LoginPo.<init>(LoginPo.java:10)
	at library.BaseClass.<init>(BaseClass.java:17)
	at Po.LoginPo.<init>(LoginPo.java:10)
	at library.BaseClass.<init>(BaseClass.java:17)
	at Po.LoginPo.<init>(LoginPo.java:10)
	at library.BaseClass.<init>(BaseClass.java:17)
	at Po.LoginPo.<init>(LoginPo.java:10)
	at library.BaseClass.<init>(BaseClass.java:17)
	at Po.LoginPo.<init>(LoginPo.java:10)
	at library.BaseClass.<init>(BaseClass.java:17)
	at Po.LoginPo.<init>(LoginPo.java:10)
	at library.BaseClass.<init>(BaseClass.java:17)
	at Po.LoginPo.<init>(LoginPo.java:10)
	at library.BaseClass.<init>(BaseClass.java:17)
	at Po.LoginPo.<init>(LoginPo.java:10)
	at library.BaseClass.<init>(BaseClass.java:17)
	at Po.LoginPo.<init>(LoginPo.java:10)
	at library.BaseClass.<init>(BaseClass.java:17)
	at Po.LoginPo.<init>(LoginPo.java:10)
	at library.BaseClass.<init>(BaseClass.java:17)
	at Po.LoginPo.<init>(LoginPo.java:10)
	at library.BaseClass.<init>(BaseClass.java:17)
	at Po.LoginPo.<init>(LoginPo.java:10)
	at library.BaseClass.<init>(BaseClass.java:17)
	at Po.LoginPo.<init>(LoginPo.java:10)
	at library.BaseClass.<init>(BaseClass.java:17)
	at Po.LoginPo.<init>(LoginPo.java:10)
	at library.BaseClass.<init>(BaseClass.java:17)
	at Po.LoginPo.<init>(LoginPo.java:10)
	at library.BaseClass.<init>(BaseClass.java:17)
	at Po.LoginPo.<init>(LoginPo.java:10)
	at library.BaseClass.<init>(BaseClass.java:17)
	at Po.LoginPo.<init>(LoginPo.java:10)
	at library.BaseClass.<init>(BaseClass.java:17)
	at Po.LoginPo.<init>(LoginPo.java:10)
	at library.BaseClass.<init>(BaseClass.java:17)
	at Po.LoginPo.<init>(LoginPo.java:10)
	at library.BaseClass.<init>(BaseClass.java:17)
	at Po.LoginPo.<init>(LoginPo.java:10)
	at library.BaseClass.<init>(BaseClass.java:17)
	at Po.LoginPo.<init>(LoginPo.java:10)
	at library.BaseClass.<init>(BaseClass.java:17)
	at Po.LoginPo.<init>(LoginPo.java:10)
	at library.BaseClass.<init>(BaseClass.java:17)
	at Po.LoginPo.<init>(LoginPo.java:10)
	at library.BaseClass.<init>(BaseClass.java:17)
	at Po.LoginPo.<init>(LoginPo.java:10)
	at library.BaseClass.<init>(BaseClass.java:17)
	at Po.LoginPo.<init>(LoginPo.java:10)
	at library.BaseClass.<init>(BaseClass.java:17)
	at Po.LoginPo.<init>(LoginPo.java:10)
	at library.BaseClass.<init>(BaseClass.java:17)
	at Po.LoginPo.<init>(LoginPo.java:10)
	at library.BaseClass.<init>(BaseClass.java:17)
	at Po.LoginPo.<init>(LoginPo.java:10)
	at library.BaseClass.<init>(BaseClass.java:17)
	at Po.LoginPo.<init>(LoginPo.java:10)
	at library.BaseClass.<init>(BaseClass.java:17)
	at Po.LoginPo.<init>(LoginPo.java:10)
	at library.BaseClass.<init>(BaseClass.java:17)
	at Po.LoginPo.<init>(LoginPo.java:10)
	at library.BaseClass.<init>(BaseClass.java:17)
	at Po.LoginPo.<init>(LoginPo.java:10)
	at library.BaseClass.<init>(BaseClass.java:17)
	at Po.LoginPo.<init>(LoginPo.java:10)
	at library.BaseClass.<init>(BaseClass.java:17)
	at Po.LoginPo.<init>(LoginPo.java:10)
	at library.BaseClass.<init>(BaseClass.java:17)
	at Po.LoginPo.<init>(LoginPo.java:10)
	at library.BaseClass.<init>(BaseClass.java:17)
	at Po.LoginPo.<init>(LoginPo.java:10)
	at library.BaseClass.<init>(BaseClass.java:17)
	at Po.LoginPo.<init>(LoginPo.java:10)
	at library.BaseClass.<init>(BaseClass.java:17)
	at Po.LoginPo.<init>(LoginPo.java:10)
	at library.BaseClass.<init>(BaseClass.java:17)
	at Po.LoginPo.<init>(LoginPo.java:10)
	at library.BaseClass.<init>(BaseClass.java:17)
	at Po.LoginPo.<init>(LoginPo.java:10)
	at library.BaseClass.<init>(BaseClass.java:17)
	at Po.LoginPo.<init>(LoginPo.java:10)
	at library.BaseClass.<init>(BaseClass.java:17)
	at Po.LoginPo.<init>(LoginPo.java:10)
	at library.BaseClass.<init>(BaseClass.java:17)
	at Po.LoginPo.<init>(LoginPo.java:10)
	at library.BaseClass.<init>(BaseClass.java:17)
	at Po.LoginPo.<init>(LoginPo.java:10)
	at library.BaseClass.<init>(BaseClass.java:17)
	at Po.LoginPo.<init>(LoginPo.java:10)
	at library.BaseClass.<init>(BaseClass.java:17)
	at Po.LoginPo.<init>(LoginPo.java:10)
	at library.BaseClass.<init>(BaseClass.java:17)
	at Po.LoginPo.<init>(LoginPo.java:10)
	at library.BaseClass.<init>(BaseClass.java:17)
	at Po.LoginPo.<init>(LoginPo.java:10)
	at library.BaseClass.<init>(BaseClass.java:17)
	at Po.LoginPo.<init>(LoginPo.java:10)
	at library.BaseClass.<init>(BaseClass.java:17)
	at Po.LoginPo.<init>(LoginPo.java:10)
	at library.BaseClass.<init>(BaseClass.java:17)
	at Po.LoginPo.<init>(LoginPo.java:10)
	at library.BaseClass.<init>(BaseClass.java:17)
	at Po.LoginPo.<init>(LoginPo.java:10)
	at library.BaseClass.<init>(BaseClass.java:17)
	at Po.LoginPo.<init>(LoginPo.java:10)
	at library.BaseClass.<init>(BaseClass.java:17)
	at Po.LoginPo.<init>(LoginPo.java:10)
	at library.BaseClass.<init>(BaseClass.java:17)
	at Po.LoginPo.<init>(LoginPo.java:10)
	at library.BaseClass.<init>(BaseClass.java:17)
	at Po.LoginPo.<init>(LoginPo.java:10)
	at library.BaseClass.<init>(BaseClass.java:17)
	at Po.LoginPo.<init>(LoginPo.java:10)
	at library.BaseClass.<init>(BaseClass.java:17)
	at Po.LoginPo.<init>(LoginPo.java:10)
	at library.BaseClass.<init>(BaseClass.java:17)
	at Po.LoginPo.<init>(LoginPo.java:10)
	at library.BaseClass.<init>(BaseClass.java:17)
	at Po.LoginPo.<init>(LoginPo.java:10)
	at library.BaseClass.<init>(BaseClass.java:17)
	at Po.LoginPo.<init>(LoginPo.java:10)
	at library.BaseClass.<init>(BaseClass.java:17)
	at Po.LoginPo.<init>(LoginPo.java:10)
	at library.BaseClass.<init>(BaseClass.java:17)
	at Po.LoginPo.<init>(LoginPo.java:10)
	at library.BaseClass.<init>(BaseClass.java:17)
	at Po.LoginPo.<init>(LoginPo.java:10)
	at library.BaseClass.<init>(BaseClass.java:17)
	at Po.LoginPo.<init>(LoginPo.java:10)
	at library.BaseClass.<init>(BaseClass.java:17)
	at Po.LoginPo.<init>(LoginPo.java:10)
	at library.BaseClass.<init>(BaseClass.java:17)
	at Po.LoginPo.<init>(LoginPo.java:10)
	at library.BaseClass.<init>(BaseClass.java:17)
	at Po.LoginPo.<init>(LoginPo.java:10)
	at library.BaseClass.<init>(BaseClass.java:17)
	at Po.LoginPo.<init>(LoginPo.java:10)
	at library.BaseClass.<init>(BaseClass.java:17)
	at Po.LoginPo.<init>(LoginPo.java:10)
	at library.BaseClass.<init>(BaseClass.java:17)
	at Po.LoginPo.<init>(LoginPo.java:10)
	at library.BaseClass.<init>(BaseClass.java:17)
	at Po.LoginPo.<init>(LoginPo.java:10)
	at library.BaseClass.<init>(BaseClass.java:17)
	at Po.LoginPo.<init>(LoginPo.java:10)
	at library.BaseClass.<init>(BaseClass.java:17)
	at Po.LoginPo.<init>(LoginPo.java:10)
	at library.BaseClass.<init>(BaseClass.java:17)
	at Po.LoginPo.<init>(LoginPo.java:10)
	at library.BaseClass.<init>(BaseClass.java:17)
	at Po.LoginPo.<init>(LoginPo.java:10)
	at library.BaseClass.<init>(BaseClass.java:17)
	at Po.LoginPo.<init>(LoginPo.java:10)
	at library.BaseClass.<init>(BaseClass.java:17)
	at Po.LoginPo.<init>(LoginPo.java:10)
	at library.BaseClass.<init>(BaseClass.java:17)
	at Po.LoginPo.<init>(LoginPo.java:10)
	at library.BaseClass.<init>(BaseClass.java:17)
	at Po.LoginPo.<init>(LoginPo.java:10)
	at library.BaseClass.<init>(BaseClass.java:17)
	at Po.LoginPo.<init>(LoginPo.java:10)
	at library.BaseClass.<init>(BaseClass.java:17)
	at Po.LoginPo.<init>(LoginPo.java:10)
	at library.BaseClass.<init>(BaseClass.java:17)
	at Po.LoginPo.<init>(LoginPo.java:10)
	at library.BaseClass.<init>(BaseClass.java:17)
	at Po.LoginPo.<init>(LoginPo.java:10)
	at library.BaseClass.<init>(BaseClass.java:17)
	at Po.LoginPo.<init>(LoginPo.java:10)
	at library.BaseClass.<init>(BaseClass.java:17)
	at Po.LoginPo.<init>(LoginPo.java:10)
	at library.BaseClass.<init>(BaseClass.java:17)
	at Po.LoginPo.<init>(LoginPo.java:10)
	at library.BaseClass.<init>(BaseClass.java:17)
	at Po.LoginPo.<init>(LoginPo.java:10)
	at library.BaseClass.<init>(BaseClass.java:17)
	at Po.LoginPo.<init>(LoginPo.java:10)
	at library.BaseClass.<init>(BaseClass.java:17)
	at Po.LoginPo.<init>(LoginPo.java:10)
	at library.BaseClass.<init>(BaseClass.java:17)
	at Po.LoginPo.<init>(LoginPo.java:10)
	at library.BaseClass.<init>(BaseClass.java:17)
	at Po.LoginPo.<init>(LoginPo.java:10)
	at library.BaseClass.<init>(BaseClass.java:17)
	at Po.LoginPo.<init>(LoginPo.java:10)
	at library.BaseClass.<init>(BaseClass.java:17)
	at Po.LoginPo.<init>(LoginPo.java:10)
	at library.BaseClass.<init>(BaseClass.java:17)
	at Po.LoginPo.<init>(LoginPo.java:10)
	at library.BaseClass.<init>(BaseClass.java:17)
	at Po.LoginPo.<init>(LoginPo.java:10)
	at library.BaseClass.<init>(BaseClass.java:17)
	at Po.LoginPo.<init>(LoginPo.java:10)
	at library.BaseClass.<init>(BaseClass.java:17)
	at Po.LoginPo.<init>(LoginPo.java:10)
	at library.BaseClass.<init>(BaseClass.java:17)
	at Po.LoginPo.<init>(LoginPo.java:10)
	at library.BaseClass.<init>(BaseClass.java:17)
	at Po.LoginPo.<init>(LoginPo.java:10)
	at library.BaseClass.<init>(BaseClass.java:17)
	at Po.LoginPo.<init>(LoginPo.java:10)
	at library.BaseClass.<init>(BaseClass.java:17)
	at Po.LoginPo.<init>(LoginPo.java:10)
	at library.BaseClass.<init>(BaseClass.java:17)
	at Po.LoginPo.<init>(LoginPo.java:10)
	at library.BaseClass.<init>(BaseClass.java:17)
	at Po.LoginPo.<init>(LoginPo.java:10)
	at library.BaseClass.<init>(BaseClass.java:17)
	at Po.LoginPo.<init>(LoginPo.java:10)
	at library.BaseClass.<init>(BaseClass.java:17)
	at Po.LoginPo.<init>(LoginPo.java:10)
	at library.BaseClass.<init>(BaseClass.java:17)
	at Po.LoginPo.<init>(LoginPo.java:10)
	at library.BaseClass.<init>(BaseClass.java:17)
	at Po.LoginPo.<init>(LoginPo.java:10)
	at library.BaseClass.<init>(BaseClass.java:17)
	at Po.LoginPo.<init>(LoginPo.java:10)
	at library.BaseClass.<init>(BaseClass.java:17)
	at Po.LoginPo.<init>(LoginPo.java:10)
	at library.BaseClass.<init>(BaseClass.java:17)
	at Po.LoginPo.<init>(LoginPo.java:10)
	at library.BaseClass.<init>(BaseClass.java:17)
	at Po.LoginPo.<init>(LoginPo.java:10)
	at library.BaseClass.<init>(BaseClass.java:17)
	at Po.LoginPo.<init>(LoginPo.java:10)
	at library.BaseClass.<init>(BaseClass.java:17)
	at Po.LoginPo.<init>(LoginPo.java:10)
	at library.BaseClass.<init>(BaseClass.java:17)
	at Po.LoginPo.<init>(LoginPo.java:10)
	at library.BaseClass.<init>(BaseClass.java:17)
	at Po.LoginPo.<init>(LoginPo.java:10)
	at library.BaseClass.<init>(BaseClass.java:17)
	at Po.LoginPo.<init>(LoginPo.java:10)
	at library.BaseClass.<init>(BaseClass.java:17)
	at Po.LoginPo.<init>(LoginPo.java:10)
	at library.BaseClass.<init>(BaseClass.java:17)
	at Po.LoginPo.<init>(LoginPo.java:10)
	at library.BaseClass.<init>(BaseClass.java:17)
	at Po.LoginPo.<init>(LoginPo.java:10)
	at library.BaseClass.<init>(BaseClass.java:17)
	at Po.LoginPo.<init>(LoginPo.java:10)
	at library.BaseClass.<init>(BaseClass.java:17)
	at Po.LoginPo.<init>(LoginPo.java:10)
	at library.BaseClass.<init>(BaseClass.java:17)
	at Po.LoginPo.<init>(LoginPo.java:10)
	at library.BaseClass.<init>(BaseClass.java:17)
	at Po.LoginPo.<init>(LoginPo.java:10)
	at library.BaseClass.<init>(BaseClass.java:17)
	at Po.LoginPo.<init>(LoginPo.java:10)
	at library.BaseClass.<init>(BaseClass.java:17)
	at Po.LoginPo.<init>(LoginPo.java:10)
	at library.BaseClass.<init>(BaseClass.java:17)
	at Po.LoginPo.<init>(LoginPo.java:10)
	at library.BaseClass.<init>(BaseClass.java:17)
	at Po.LoginPo.<init>(LoginPo.java:10)
	at library.BaseClass.<init>(BaseClass.java:17)
	at Po.LoginPo.<init>(LoginPo.java:10)
	at library.BaseClass.<init>(BaseClass.java:17)
	at Po.LoginPo.<init>(LoginPo.java:10)
	at library.BaseClass.<init>(BaseClass.java:17)
	at Po.LoginPo.<init>(LoginPo.java:10)
	at library.BaseClass.<init>(BaseClass.java:17)
	at Po.LoginPo.<init>(LoginPo.java:10)
	at library.BaseClass.<init>(BaseClass.java:17)
	at Po.LoginPo.<init>(LoginPo.java:10)
	at library.BaseClass.<init>(BaseClass.java:17)
	at Po.LoginPo.<init>(LoginPo.java:10)
	at library.BaseClass.<init>(BaseClass.java:17)
	at Po.LoginPo.<init>(LoginPo.java:10)
	at library.BaseClass.<init>(BaseClass.java:17)
	at Po.LoginPo.<init>(LoginPo.java:10)
	at library.BaseClass.<init>(BaseClass.java:17)
	at Po.LoginPo.<init>(LoginPo.java:10)
	at library.BaseClass.<init>(BaseClass.java:17)
	at Po.LoginPo.<init>(LoginPo.java:10)
	at library.BaseClass.<init>(BaseClass.java:17)
	at Po.LoginPo.<init>(LoginPo.java:10)
	at library.BaseClass.<init>(BaseClass.java:17)
	at Po.LoginPo.<init>(LoginPo.java:10)
	at library.BaseClass.<init>(BaseClass.java:17)
	at Po.LoginPo.<init>(LoginPo.java:10)
	at library.BaseClass.<init>(BaseClass.java:17)
	at Po.LoginPo.<init>(LoginPo.java:10)
	at library.BaseClass.<init>(BaseClass.java:17)
	at Po.LoginPo.<init>(LoginPo.java:10)
	at library.BaseClass.<init>(BaseClass.java:17)
	at Po.LoginPo.<init>(LoginPo.java:10)
	at library.BaseClass.<init>(BaseClass.java:17)
	at Po.LoginPo.<init>(LoginPo.java:10)
	at library.BaseClass.<init>(BaseClass.java:17)
	at Po.LoginPo.<init>(LoginPo.java:10)
	at library.BaseClass.<init>(BaseClass.java:17)
	at Po.LoginPo.<init>(LoginPo.java:10)
	at library.BaseClass.<init>(BaseClass.java:17)
	at Po.LoginPo.<init>(LoginPo.java:10)
	at library.BaseClass.<init>(BaseClass.java:17)
	at Po.LoginPo.<init>(LoginPo.java:10)
	at library.BaseClass.<init>(BaseClass.java:17)
	at Po.LoginPo.<init>(LoginPo.java:10)
	at library.BaseClass.<init>(BaseClass.java:17)
	at Po.LoginPo.<init>(LoginPo.java:10)
	at library.BaseClass.<init>(BaseClass.java:17)
	at Po.LoginPo.<init>(LoginPo.java:10)
	at library.BaseClass.<init>(BaseClass.java:17)
	at Po.LoginPo.<init>(LoginPo.java:10)
	at library.BaseClass.<init>(BaseClass.java:17)
	at Po.LoginPo.<init>(LoginPo.java:10)
	at library.BaseClass.<init>(BaseClass.java:17)
	at Po.LoginPo.<init>(LoginPo.java:10)
	at library.BaseClass.<init>(BaseClass.java:17)
	at Po.LoginPo.<init>(LoginPo.java:10)
	at library.BaseClass.<init>(BaseClass.java:17)
	at Po.LoginPo.<init>(LoginPo.java:10)
	at library.BaseClass.<init>(BaseClass.java:17)
	at Po.LoginPo.<init>(LoginPo.java:10)
	at library.BaseClass.<init>(BaseClass.java:17)
	at Po.LoginPo.<init>(LoginPo.java:10)
	at library.BaseClass.<init>(BaseClass.java:17)
	at Po.LoginPo.<init>(LoginPo.java:10)
	at library.BaseClass.<init>(BaseClass.java:17)
	at Po.LoginPo.<init>(LoginPo.java:10)
	at library.BaseClass.<init>(BaseClass.java:17)
	at Po.LoginPo.<init>(LoginPo.java:10)
	at library.BaseClass.<init>(BaseClass.java:17)
]]></failure>
    <system-err><![CDATA[1563961849457	Marionette	INFO	Stopped listening on port 49502
[Parent 11108, Gecko_IOThread] WARNING: pipe error: 109: file z:/task_1563383129/build/src/ipc/chromium/src/chrome/common/ipc_channel_win.cc, line 341
[Child 8104, Chrome_ChildThread] WARNING: pipe error: 109: file z:/task_1563383129/build/src/ipc/chromium/src/chrome/common/ipc_channel_win.cc, line 341
[Child 8104, Chrome_ChildThread] WARNING: pipe error: 109: file z:/task_1563383129/build/src/ipc/chromium/src/chrome/common/ipc_channel_win.cc, line 341
[Child 584, Chrome_ChildThread] WARNING: pipe error: 109: file z:/task_1563383129/build/src/ipc/chromium/src/chrome/common/ipc_channel_win.cc, line 341
[Child 584, Chrome_ChildThread] WARNING: pipe error: 109: file z:/task_1563383129/build/src/ipc/chromium/src/chrome/common/ipc_c[Parent 11108, Gecko_IOThread] WARNING: pipe error: 109: file z:/task_1563383129/build/src/ipc/chromium/src/chrome/common/ipc_channel_win.cc, line 341
[Child 5784, Chrome_ChildThread] WARNING: pipe error: 109: file z:/task_1563383129/build/src/ipc/chromium/src/chrome/common/ipc_channel_win.cc, line 341
[Child 5784, Chrome_ChildThread] WARNING: pipe error: 109: file z:/task_1563383129/build/src/ipc/chromium/src/chrome/common/ipc_channel_win.cc, line 341

###!!! [Child][RunMessage] Error: Channel closing: too late to send/recv, messages will be lost

[GPU 10472, Chrome_
###!!! [Child][MessageChannel::SendAndWait] Error: Channel error: cannot send/recv

1563961855891	mozrunner::runner	INFO	Running command: "C:\\Program Files\\Mozilla Firefox\\firefox.exe" "-marionette" "-foreground" "-no-remote" "-profile" "C:\\Users\\Admin\\AppData\\Local\\Temp\\rust_mozprofile.yFf526eXJVsk"
1563961856729	addons.webextension.screenshots@mozilla.org	WARN	Loading extension 'screenshots@mozilla.org': Reading manifest: Invalid extension permission: mozillaAddons
1563961856729	addons.webextension.screenshots@mozilla.org	WARN	Loading extension 'screenshots@mozilla.org': Reading manifest: Invalid extension permission: telemetry
1563961856730	addons.webextension.screenshots@mozilla.org	WARN	Loading extension 'screenshots@mozilla.org': Reading manifest: Invalid extension permission: resource://pdf.js/
1563961856730	addons.webextension.screenshots@mozilla.org	WARN	Loading extension 'screenshots@mozilla.org': Reading manifest: Invalid extension permission: about:reader*
1563961859892	Marionette	INFO	Listening on port 49550
1563961860220	Marionette	WARN	TLS certificate errors will be ignored for this session
Jul 24, 2019 3:21:00 PM org.openqa.selenium.remote.ProtocolHandshake createSession
INFO: Detected dialect: W3C
]]></system-err>
  </testcase>
</testsuite>