<?xml version="1.0" encoding="UTF-8"?>
<!-- Generated by org.testng.reporters.JUnitReportReporter -->
<testsuite skipped="0" hostname="DESKTOP-AO989VD" name="script.Excel" tests="1" failures="0" timestamp="24 Jul 2019 09:41:02 GMT" time="16.053" errors="1">
  <testcase name="Login" time="16.053" classname="script.Excel">
    <error type="java.lang.StackOverflowError">
      <![CDATA[java.lang.StackOverflowError
at Po.LoginPo.<init>(LoginPo.java:10)
at library.BaseClass.<init>(BaseClass.java:17)
at Po.LoginPo.<init>(LoginPo.java:10)
at library.BaseClass.<init>(BaseClass.java:17)
at Po.LoginPo.<init>(LoginPo.java:10)
at library.BaseClass.<init>(BaseClass.java:17)
at Po.LoginPo.<init>(LoginPo.java:10)
at library.BaseClass.<init>(BaseClass.java:17)
at Po.LoginPo.<init>(LoginPo.java:10)
at library.BaseClass.<init>(BaseClass.java:17)
at Po.LoginPo.<init>(LoginPo.java:10)
at library.BaseClass.<init>(BaseClass.java:17)
at Po.LoginPo.<init>(LoginPo.java:10)
at library.BaseClass.<init>(BaseClass.java:17)
at Po.LoginPo.<init>(LoginPo.java:10)
at library.BaseClass.<init>(BaseClass.java:17)
at Po.LoginPo.<init>(LoginPo.java:10)
at library.BaseClass.<init>(BaseClass.java:17)
at Po.LoginPo.<init>(LoginPo.java:10)
at library.BaseClass.<init>(BaseClass.java:17)
at Po.LoginPo.<init>(LoginPo.java:10)
at library.BaseClass.<init>(BaseClass.java:17)
at Po.LoginPo.<init>(LoginPo.java:10)
at library.BaseClass.<init>(BaseClass.java:17)
at Po.LoginPo.<init>(LoginPo.java:10)
at library.BaseClass.<init>(BaseClass.java:17)
at Po.LoginPo.<init>(LoginPo.java:10)
at library.BaseClass.<init>(BaseClass.java:17)
at Po.LoginPo.<init>(LoginPo.java:10)
at library.BaseClass.<init>(BaseClass.java:17)
at Po.LoginPo.<init>(LoginPo.java:10)
at library.BaseClass.<init>(BaseClass.java:17)
at Po.LoginPo.<init>(LoginPo.java:10)
at library.BaseClass.<init>(BaseClass.java:17)
at Po.LoginPo.<init>(LoginPo.java:10)
at library.BaseClass.<init>(BaseClass.java:17)
at Po.LoginPo.<init>(LoginPo.java:10)
at library.BaseClass.<init>(BaseClass.java:17)
at Po.LoginPo.<init>(LoginPo.java:10)
at library.BaseClass.<init>(BaseClass.java:17)
at Po.LoginPo.<init>(LoginPo.java:10)
at library.BaseClass.<init>(BaseClass.java:17)
at Po.LoginPo.<init>(LoginPo.java:10)
at library.BaseClass.<init>(BaseClass.java:17)
at Po.LoginPo.<init>(LoginPo.java:10)
at library.BaseClass.<init>(BaseClass.java:17)
at Po.LoginPo.<init>(LoginPo.java:10)
at library.BaseClass.<init>(BaseClass.java:17)
at Po.LoginPo.<init>(LoginPo.java:10)
at library.BaseClass.<init>(BaseClass.java:17)
at Po.LoginPo.<init>(LoginPo.java:10)
at library.BaseClass.<init>(BaseClass.java:17)
at Po.LoginPo.<init>(LoginPo.java:10)
at library.BaseClass.<init>(BaseClass.java:17)
at Po.LoginPo.<init>(LoginPo.java:10)
at library.BaseClass.<init>(BaseClass.java:17)
at Po.LoginPo.<init>(LoginPo.java:10)
at library.BaseClass.<init>(BaseClass.java:17)
at Po.LoginPo.<init>(LoginPo.java:10)
at library.BaseClass.<init>(BaseClass.java:17)
at Po.LoginPo.<init>(LoginPo.java:10)
at library.BaseClass.<init>(BaseClass.java:17)
at Po.LoginPo.<init>(LoginPo.java:10)
at library.BaseClass.<init>(BaseClass.java:17)
at Po.LoginPo.<init>(LoginPo.java:10)
at library.BaseClass.<init>(BaseClass.java:17)
at Po.LoginPo.<init>(LoginPo.java:10)
at library.BaseClass.<init>(BaseClass.java:17)
at Po.LoginPo.<init>(LoginPo.java:10)
at library.BaseClass.<init>(BaseClass.java:17)
at Po.LoginPo.<init>(LoginPo.java:10)
at library.BaseClass.<init>(BaseClass.java:17)
at Po.LoginPo.<init>(LoginPo.java:10)
at library.BaseClass.<init>(BaseClass.java:17)
at Po.LoginPo.<init>(LoginPo.java:10)
at library.BaseClass.<init>(BaseClass.java:17)
at Po.LoginPo.<init>(LoginPo.java:10)
at library.BaseClass.<init>(BaseClass.java:17)
at Po.LoginPo.<init>(LoginPo.java:10)
at library.BaseClass.<init>(BaseClass.java:17)
at Po.LoginPo.<init>(LoginPo.java:10)
at library.BaseClass.<init>(BaseClass.java:17)
at Po.LoginPo.<init>(LoginPo.java:10)
at library.BaseClass.<init>(BaseClass.java:17)
at Po.LoginPo.<init>(LoginPo.java:10)
at library.BaseClass.<init>(BaseClass.java:17)
at Po.LoginPo.<init>(LoginPo.java:10)
at library.BaseClass.<init>(BaseClass.java:17)
at Po.LoginPo.<init>(LoginPo.java:10)
at library.BaseClass.<init>(BaseClass.java:17)
at Po.LoginPo.<init>(LoginPo.java:10)
at library.BaseClass.<init>(BaseClass.java:17)
at Po.LoginPo.<init>(LoginPo.java:10)
at library.BaseClass.<init>(BaseClass.java:17)
at Po.LoginPo.<init>(LoginPo.java:10)
at library.BaseClass.<init>(BaseClass.java:17)
at Po.LoginPo.<init>(LoginPo.java:10)
at library.BaseClass.<init>(BaseClass.java:17)
at Po.LoginPo.<init>(LoginPo.java:10)
at library.BaseClass.<init>(BaseClass.java:17)
at Po.LoginPo.<init>(LoginPo.java:10)
at library.BaseClass.<init>(BaseClass.java:17)
at Po.LoginPo.<init>(LoginPo.java:10)
at library.BaseClass.<init>(BaseClass.java:17)
at Po.LoginPo.<init>(LoginPo.java:10)
at library.BaseClass.<init>(BaseClass.java:17)
at Po.LoginPo.<init>(LoginPo.java:10)
at library.BaseClass.<init>(BaseClass.java:17)
at Po.LoginPo.<init>(LoginPo.java:10)
at library.BaseClass.<init>(BaseClass.java:17)
at Po.LoginPo.<init>(LoginPo.java:10)
at library.BaseClass.<init>(BaseClass.java:17)
at Po.LoginPo.<init>(LoginPo.java:10)
at library.BaseClass.<init>(BaseClass.java:17)
at Po.LoginPo.<init>(LoginPo.java:10)
at library.BaseClass.<init>(BaseClass.java:17)
at Po.LoginPo.<init>(LoginPo.java:10)
at library.BaseClass.<init>(BaseClass.java:17)
at Po.LoginPo.<init>(LoginPo.java:10)
at library.BaseClass.<init>(BaseClass.java:17)
at Po.LoginPo.<init>(LoginPo.java:10)
at library.BaseClass.<init>(BaseClass.java:17)
at Po.LoginPo.<init>(LoginPo.java:10)
at library.BaseClass.<init>(BaseClass.java:17)
at Po.LoginPo.<init>(LoginPo.java:10)
at library.BaseClass.<init>(BaseClass.java:17)
at Po.LoginPo.<init>(LoginPo.java:10)
at library.BaseClass.<init>(BaseClass.java:17)
at Po.LoginPo.<init>(LoginPo.java:10)
at library.BaseClass.<init>(BaseClass.java:17)
at Po.LoginPo.<init>(LoginPo.java:10)
at library.BaseClass.<init>(BaseClass.java:17)
at Po.LoginPo.<init>(LoginPo.java:10)
at library.BaseClass.<init>(BaseClass.java:17)
at Po.LoginPo.<init>(LoginPo.java:10)
at library.BaseClass.<init>(BaseClass.java:17)
at Po.LoginPo.<init>(LoginPo.java:10)
at library.BaseClass.<init>(BaseClass.java:17)
at Po.LoginPo.<init>(LoginPo.java:10)
at library.BaseClass.<init>(BaseClass.java:17)
at Po.LoginPo.<init>(LoginPo.java:10)
at library.BaseClass.<init>(BaseClass.java:17)
at Po.LoginPo.<init>(LoginPo.java:10)
at library.BaseClass.<init>(BaseClass.java:17)
at Po.LoginPo.<init>(LoginPo.java:10)
at library.BaseClass.<init>(BaseClass.java:17)
at Po.LoginPo.<init>(LoginPo.java:10)
at library.BaseClass.<init>(BaseClass.java:17)
at Po.LoginPo.<init>(LoginPo.java:10)
at library.BaseClass.<init>(BaseClass.java:17)
at Po.LoginPo.<init>(LoginPo.java:10)
at library.BaseClass.<init>(BaseClass.java:17)
at Po.LoginPo.<init>(LoginPo.java:10)
at library.BaseClass.<init>(BaseClass.java:17)
at Po.LoginPo.<init>(LoginPo.java:10)
at library.BaseClass.<init>(BaseClass.java:17)
at Po.LoginPo.<init>(LoginPo.java:10)
at library.BaseClass.<init>(BaseClass.java:17)
at Po.LoginPo.<init>(LoginPo.java:10)
at library.BaseClass.<init>(BaseClass.java:17)
at Po.LoginPo.<init>(LoginPo.java:10)
at library.BaseClass.<init>(BaseClass.java:17)
at Po.LoginPo.<init>(LoginPo.java:10)
at library.BaseClass.<init>(BaseClass.java:17)
at Po.LoginPo.<init>(LoginPo.java:10)
at library.BaseClass.<init>(BaseClass.java:17)
at Po.LoginPo.<init>(LoginPo.java:10)
at library.BaseClass.<init>(BaseClass.java:17)
at Po.LoginPo.<init>(LoginPo.java:10)
at library.BaseClass.<init>(BaseClass.java:17)
at Po.LoginPo.<init>(LoginPo.java:10)
at library.BaseClass.<init>(BaseClass.java:17)
at Po.LoginPo.<init>(LoginPo.java:10)
at library.BaseClass.<init>(BaseClass.java:17)
at Po.LoginPo.<init>(LoginPo.java:10)
at library.BaseClass.<init>(BaseClass.java:17)
at Po.LoginPo.<init>(LoginPo.java:10)
at library.BaseClass.<init>(BaseClass.java:17)
at Po.LoginPo.<init>(LoginPo.java:10)
at library.BaseClass.<init>(BaseClass.java:17)
at Po.LoginPo.<init>(LoginPo.java:10)
at library.BaseClass.<init>(BaseClass.java:17)
at Po.LoginPo.<init>(LoginPo.java:10)
at library.BaseClass.<init>(BaseClass.java:17)
at Po.LoginPo.<init>(LoginPo.java:10)
at library.BaseClass.<init>(BaseClass.java:17)
at Po.LoginPo.<init>(LoginPo.java:10)
at library.BaseClass.<init>(BaseClass.java:17)
at Po.LoginPo.<init>(LoginPo.java:10)
at library.BaseClass.<init>(BaseClass.java:17)
at Po.LoginPo.<init>(LoginPo.java:10)
at library.BaseClass.<init>(BaseClass.java:17)
at Po.LoginPo.<init>(LoginPo.java:10)
at library.BaseClass.<init>(BaseClass.java:17)
at Po.LoginPo.<init>(LoginPo.java:10)
at library.BaseClass.<init>(BaseClass.java:17)
at Po.LoginPo.<init>(LoginPo.java:10)
at library.BaseClass.<init>(BaseClass.java:17)
at Po.LoginPo.<init>(LoginPo.java:10)
at library.BaseClass.<init>(BaseClass.java:17)
at Po.LoginPo.<init>(LoginPo.java:10)
at library.BaseClass.<init>(BaseClass.java:17)
at Po.LoginPo.<init>(LoginPo.java:10)
at library.BaseClass.<init>(BaseClass.java:17)
at Po.LoginPo.<init>(LoginPo.java:10)
at library.BaseClass.<init>(BaseClass.java:17)
at Po.LoginPo.<init>(LoginPo.java:10)
at library.BaseClass.<init>(BaseClass.java:17)
at Po.LoginPo.<init>(LoginPo.java:10)
at library.BaseClass.<init>(BaseClass.java:17)
at Po.LoginPo.<init>(LoginPo.java:10)
at library.BaseClass.<init>(BaseClass.java:17)
at Po.LoginPo.<init>(LoginPo.java:10)
at library.BaseClass.<init>(BaseClass.java:17)
at Po.LoginPo.<init>(LoginPo.java:10)
at library.BaseClass.<init>(BaseClass.java:17)
at Po.LoginPo.<init>(LoginPo.java:10)
at library.BaseClass.<init>(BaseClass.java:17)
at Po.LoginPo.<init>(LoginPo.java:10)
at library.BaseClass.<init>(BaseClass.java:17)
at Po.LoginPo.<init>(LoginPo.java:10)
at library.BaseClass.<init>(BaseClass.java:17)
at Po.LoginPo.<init>(LoginPo.java:10)
at library.BaseClass.<init>(BaseClass.java:17)
at Po.LoginPo.<init>(LoginPo.java:10)
at library.BaseClass.<init>(BaseClass.java:17)
at Po.LoginPo.<init>(LoginPo.java:10)
at library.BaseClass.<init>(BaseClass.java:17)
at Po.LoginPo.<init>(LoginPo.java:10)
at library.BaseClass.<init>(BaseClass.java:17)
at Po.LoginPo.<init>(LoginPo.java:10)
at library.BaseClass.<init>(BaseClass.java:17)
at Po.LoginPo.<init>(LoginPo.java:10)
at library.BaseClass.<init>(BaseClass.java:17)
at Po.LoginPo.<init>(LoginPo.java:10)
at library.BaseClass.<init>(BaseClass.java:17)
at Po.LoginPo.<init>(LoginPo.java:10)
at library.BaseClass.<init>(BaseClass.java:17)
at Po.LoginPo.<init>(LoginPo.java:10)
at library.BaseClass.<init>(BaseClass.java:17)
at Po.LoginPo.<init>(LoginPo.java:10)
at library.BaseClass.<init>(BaseClass.java:17)
at Po.LoginPo.<init>(LoginPo.java:10)
at library.BaseClass.<init>(BaseClass.java:17)
at Po.LoginPo.<init>(LoginPo.java:10)
at library.BaseClass.<init>(BaseClass.java:17)
at Po.LoginPo.<init>(LoginPo.java:10)
at library.BaseClass.<init>(BaseClass.java:17)
at Po.LoginPo.<init>(LoginPo.java:10)
at library.BaseClass.<init>(BaseClass.java:17)
at Po.LoginPo.<init>(LoginPo.java:10)
at library.BaseClass.<init>(BaseClass.java:17)
at Po.LoginPo.<init>(LoginPo.java:10)
at library.BaseClass.<init>(BaseClass.java:17)
at Po.LoginPo.<init>(LoginPo.java:10)
at library.BaseClass.<init>(BaseClass.java:17)
at Po.LoginPo.<init>(LoginPo.java:10)
at library.BaseClass.<init>(BaseClass.java:17)
at Po.LoginPo.<init>(LoginPo.java:10)
at library.BaseClass.<init>(BaseClass.java:17)
at Po.LoginPo.<init>(LoginPo.java:10)
at library.BaseClass.<init>(BaseClass.java:17)
at Po.LoginPo.<init>(LoginPo.java:10)
at library.BaseClass.<init>(BaseClass.java:17)
at Po.LoginPo.<init>(LoginPo.java:10)
at library.BaseClass.<init>(BaseClass.java:17)
at Po.LoginPo.<init>(LoginPo.java:10)
at library.BaseClass.<init>(BaseClass.java:17)
at Po.LoginPo.<init>(LoginPo.java:10)
at library.BaseClass.<init>(BaseClass.java:17)
at Po.LoginPo.<init>(LoginPo.java:10)
at library.BaseClass.<init>(BaseClass.java:17)
at Po.LoginPo.<init>(LoginPo.java:10)
at library.BaseClass.<init>(BaseClass.java:17)
at Po.LoginPo.<init>(LoginPo.java:10)
at library.BaseClass.<init>(BaseClass.java:17)
at Po.LoginPo.<init>(LoginPo.java:10)
at library.BaseClass.<init>(BaseClass.java:17)
at Po.LoginPo.<init>(LoginPo.java:10)
at library.BaseClass.<init>(BaseClass.java:17)
at Po.LoginPo.<init>(LoginPo.java:10)
at library.BaseClass.<init>(BaseClass.java:17)
at Po.LoginPo.<init>(LoginPo.java:10)
at library.BaseClass.<init>(BaseClass.java:17)
at Po.LoginPo.<init>(LoginPo.java:10)
at library.BaseClass.<init>(BaseClass.java:17)
at Po.LoginPo.<init>(LoginPo.java:10)
at library.BaseClass.<init>(BaseClass.java:17)
at Po.LoginPo.<init>(LoginPo.java:10)
at library.BaseClass.<init>(BaseClass.java:17)
at Po.LoginPo.<init>(LoginPo.java:10)
at library.BaseClass.<init>(BaseClass.java:17)
at Po.LoginPo.<init>(LoginPo.java:10)
at library.BaseClass.<init>(BaseClass.java:17)
at Po.LoginPo.<init>(LoginPo.java:10)
at library.BaseClass.<init>(BaseClass.java:17)
at Po.LoginPo.<init>(LoginPo.java:10)
at library.BaseClass.<init>(BaseClass.java:17)
at Po.LoginPo.<init>(LoginPo.java:10)
at library.BaseClass.<init>(BaseClass.java:17)
at Po.LoginPo.<init>(LoginPo.java:10)
at library.BaseClass.<init>(BaseClass.java:17)
at Po.LoginPo.<init>(LoginPo.java:10)
at library.BaseClass.<init>(BaseClass.java:17)
at Po.LoginPo.<init>(LoginPo.java:10)
at library.BaseClass.<init>(BaseClass.java:17)
at Po.LoginPo.<init>(LoginPo.java:10)
at library.BaseClass.<init>(BaseClass.java:17)
at Po.LoginPo.<init>(LoginPo.java:10)
at library.BaseClass.<init>(BaseClass.java:17)
at Po.LoginPo.<init>(LoginPo.java:10)
at library.BaseClass.<init>(BaseClass.java:17)
at Po.LoginPo.<init>(LoginPo.java:10)
at library.BaseClass.<init>(BaseClass.java:17)
at Po.LoginPo.<init>(LoginPo.java:10)
at library.BaseClass.<init>(BaseClass.java:17)
at Po.LoginPo.<init>(LoginPo.java:10)
at library.BaseClass.<init>(BaseClass.java:17)
at Po.LoginPo.<init>(LoginPo.java:10)
at library.BaseClass.<init>(BaseClass.java:17)
at Po.LoginPo.<init>(LoginPo.java:10)
at library.BaseClass.<init>(BaseClass.java:17)
at Po.LoginPo.<init>(LoginPo.java:10)
at library.BaseClass.<init>(BaseClass.java:17)
at Po.LoginPo.<init>(LoginPo.java:10)
at library.BaseClass.<init>(BaseClass.java:17)
at Po.LoginPo.<init>(LoginPo.java:10)
at library.BaseClass.<init>(BaseClass.java:17)
at Po.LoginPo.<init>(LoginPo.java:10)
at library.BaseClass.<init>(BaseClass.java:17)
at Po.LoginPo.<init>(LoginPo.java:10)
at library.BaseClass.<init>(BaseClass.java:17)
at Po.LoginPo.<init>(LoginPo.java:10)
at library.BaseClass.<init>(BaseClass.java:17)
at Po.LoginPo.<init>(LoginPo.java:10)
at library.BaseClass.<init>(BaseClass.java:17)
at Po.LoginPo.<init>(LoginPo.java:10)
at library.BaseClass.<init>(BaseClass.java:17)
at Po.LoginPo.<init>(LoginPo.java:10)
at library.BaseClass.<init>(BaseClass.java:17)
at Po.LoginPo.<init>(LoginPo.java:10)
at library.BaseClass.<init>(BaseClass.java:17)
at Po.LoginPo.<init>(LoginPo.java:10)
at library.BaseClass.<init>(BaseClass.java:17)
at Po.LoginPo.<init>(LoginPo.java:10)
at library.BaseClass.<init>(BaseClass.java:17)
at Po.LoginPo.<init>(LoginPo.java:10)
at library.BaseClass.<init>(BaseClass.java:17)
at Po.LoginPo.<init>(LoginPo.java:10)
at library.BaseClass.<init>(BaseClass.java:17)
at Po.LoginPo.<init>(LoginPo.java:10)
at library.BaseClass.<init>(BaseClass.java:17)
at Po.LoginPo.<init>(LoginPo.java:10)
at library.BaseClass.<init>(BaseClass.java:17)
at Po.LoginPo.<init>(LoginPo.java:10)
at library.BaseClass.<init>(BaseClass.java:17)
at Po.LoginPo.<init>(LoginPo.java:10)
at library.BaseClass.<init>(BaseClass.java:17)
at Po.LoginPo.<init>(LoginPo.java:10)
at library.BaseClass.<init>(BaseClass.java:17)
at Po.LoginPo.<init>(LoginPo.java:10)
at library.BaseClass.<init>(BaseClass.java:17)
at Po.LoginPo.<init>(LoginPo.java:10)
at library.BaseClass.<init>(BaseClass.java:17)
at Po.LoginPo.<init>(LoginPo.java:10)
at library.BaseClass.<init>(BaseClass.java:17)
at Po.LoginPo.<init>(LoginPo.java:10)
at library.BaseClass.<init>(BaseClass.java:17)
at Po.LoginPo.<init>(LoginPo.java:10)
at library.BaseClass.<init>(BaseClass.java:17)
at Po.LoginPo.<init>(LoginPo.java:10)
at library.BaseClass.<init>(BaseClass.java:17)
at Po.LoginPo.<init>(LoginPo.java:10)
at library.BaseClass.<init>(BaseClass.java:17)
at Po.LoginPo.<init>(LoginPo.java:10)
at library.BaseClass.<init>(BaseClass.java:17)
at Po.LoginPo.<init>(LoginPo.java:10)
at library.BaseClass.<init>(BaseClass.java:17)
at Po.LoginPo.<init>(LoginPo.java:10)
at library.BaseClass.<init>(BaseClass.java:17)
at Po.LoginPo.<init>(LoginPo.java:10)
at library.BaseClass.<init>(BaseClass.java:17)
at Po.LoginPo.<init>(LoginPo.java:10)
at library.BaseClass.<init>(BaseClass.java:17)
at Po.LoginPo.<init>(LoginPo.java:10)
at library.BaseClass.<init>(BaseClass.java:17)
at Po.LoginPo.<init>(LoginPo.java:10)
at library.BaseClass.<init>(BaseClass.java:17)
at Po.LoginPo.<init>(LoginPo.java:10)
at library.BaseClass.<init>(BaseClass.java:17)
at Po.LoginPo.<init>(LoginPo.java:10)
at library.BaseClass.<init>(BaseClass.java:17)
at Po.LoginPo.<init>(LoginPo.java:10)
at library.BaseClass.<init>(BaseClass.java:17)
at Po.LoginPo.<init>(LoginPo.java:10)
at library.BaseClass.<init>(BaseClass.java:17)
at Po.LoginPo.<init>(LoginPo.java:10)
at library.BaseClass.<init>(BaseClass.java:17)
at Po.LoginPo.<init>(LoginPo.java:10)
at library.BaseClass.<init>(BaseClass.java:17)
at Po.LoginPo.<init>(LoginPo.java:10)
at library.BaseClass.<init>(BaseClass.java:17)
at Po.LoginPo.<init>(LoginPo.java:10)
at library.BaseClass.<init>(BaseClass.java:17)
at Po.LoginPo.<init>(LoginPo.java:10)
at library.BaseClass.<init>(BaseClass.java:17)
at Po.LoginPo.<init>(LoginPo.java:10)
at library.BaseClass.<init>(BaseClass.java:17)
at Po.LoginPo.<init>(LoginPo.java:10)
at library.BaseClass.<init>(BaseClass.java:17)
at Po.LoginPo.<init>(LoginPo.java:10)
at library.BaseClass.<init>(BaseClass.java:17)
at Po.LoginPo.<init>(LoginPo.java:10)
at library.BaseClass.<init>(BaseClass.java:17)
at Po.LoginPo.<init>(LoginPo.java:10)
at library.BaseClass.<init>(BaseClass.java:17)
at Po.LoginPo.<init>(LoginPo.java:10)
at library.BaseClass.<init>(BaseClass.java:17)
at Po.LoginPo.<init>(LoginPo.java:10)
at library.BaseClass.<init>(BaseClass.java:17)
at Po.LoginPo.<init>(LoginPo.java:10)
at library.BaseClass.<init>(BaseClass.java:17)
at Po.LoginPo.<init>(LoginPo.java:10)
at library.BaseClass.<init>(BaseClass.java:17)
at Po.LoginPo.<init>(LoginPo.java:10)
at library.BaseClass.<init>(BaseClass.java:17)
at Po.LoginPo.<init>(LoginPo.java:10)
at library.BaseClass.<init>(BaseClass.java:17)
at Po.LoginPo.<init>(LoginPo.java:10)
at library.BaseClass.<init>(BaseClass.java:17)
at Po.LoginPo.<init>(LoginPo.java:10)
at library.BaseClass.<init>(BaseClass.java:17)
at Po.LoginPo.<init>(LoginPo.java:10)
at library.BaseClass.<init>(BaseClass.java:17)
at Po.LoginPo.<init>(LoginPo.java:10)
at library.BaseClass.<init>(BaseClass.java:17)
at Po.LoginPo.<init>(LoginPo.java:10)
at library.BaseClass.<init>(BaseClass.java:17)
at Po.LoginPo.<init>(LoginPo.java:10)
at library.BaseClass.<init>(BaseClass.java:17)
at Po.LoginPo.<init>(LoginPo.java:10)
at library.BaseClass.<init>(BaseClass.java:17)
at Po.LoginPo.<init>(LoginPo.java:10)
at library.BaseClass.<init>(BaseClass.java:17)
at Po.LoginPo.<init>(LoginPo.java:10)
at library.BaseClass.<init>(BaseClass.java:17)
at Po.LoginPo.<init>(LoginPo.java:10)
at library.BaseClass.<init>(BaseClass.java:17)
at Po.LoginPo.<init>(LoginPo.java:10)
at library.BaseClass.<init>(BaseClass.java:17)
at Po.LoginPo.<init>(LoginPo.java:10)
at library.BaseClass.<init>(BaseClass.java:17)
at Po.LoginPo.<init>(LoginPo.java:10)
at library.BaseClass.<init>(BaseClass.java:17)
at Po.LoginPo.<init>(LoginPo.java:10)
at library.BaseClass.<init>(BaseClass.java:17)
at Po.LoginPo.<init>(LoginPo.java:10)
at library.BaseClass.<init>(BaseClass.java:17)
at Po.LoginPo.<init>(LoginPo.java:10)
at library.BaseClass.<init>(BaseClass.java:17)
at Po.LoginPo.<init>(LoginPo.java:10)
at library.BaseClass.<init>(BaseClass.java:17)
at Po.LoginPo.<init>(LoginPo.java:10)
at library.BaseClass.<init>(BaseClass.java:17)
at Po.LoginPo.<init>(LoginPo.java:10)
at library.BaseClass.<init>(BaseClass.java:17)
at Po.LoginPo.<init>(LoginPo.java:10)
at library.BaseClass.<init>(BaseClass.java:17)
at Po.LoginPo.<init>(LoginPo.java:10)
at library.BaseClass.<init>(BaseClass.java:17)
at Po.LoginPo.<init>(LoginPo.java:10)
at library.BaseClass.<init>(BaseClass.java:17)
at Po.LoginPo.<init>(LoginPo.java:10)
at library.BaseClass.<init>(BaseClass.java:17)
at Po.LoginPo.<init>(LoginPo.java:10)
at library.BaseClass.<init>(BaseClass.java:17)
at Po.LoginPo.<init>(LoginPo.java:10)
at library.BaseClass.<init>(BaseClass.java:17)
at Po.LoginPo.<init>(LoginPo.java:10)
at library.BaseClass.<init>(BaseClass.java:17)
at Po.LoginPo.<init>(LoginPo.java:10)
at library.BaseClass.<init>(BaseClass.java:17)
at Po.LoginPo.<init>(LoginPo.java:10)
at library.BaseClass.<init>(BaseClass.java:17)
at Po.LoginPo.<init>(LoginPo.java:10)
at library.BaseClass.<init>(BaseClass.java:17)
at Po.LoginPo.<init>(LoginPo.java:10)
at library.BaseClass.<init>(BaseClass.java:17)
at Po.LoginPo.<init>(LoginPo.java:10)
at library.BaseClass.<init>(BaseClass.java:17)
at Po.LoginPo.<init>(LoginPo.java:10)
at library.BaseClass.<init>(BaseClass.java:17)
at Po.LoginPo.<init>(LoginPo.java:10)
at library.BaseClass.<init>(BaseClass.java:17)
at Po.LoginPo.<init>(LoginPo.java:10)
at library.BaseClass.<init>(BaseClass.java:17)
at Po.LoginPo.<init>(LoginPo.java:10)
at library.BaseClass.<init>(BaseClass.java:17)
at Po.LoginPo.<init>(LoginPo.java:10)
at library.BaseClass.<init>(BaseClass.java:17)
at Po.LoginPo.<init>(LoginPo.java:10)
at library.BaseClass.<init>(BaseClass.java:17)
at Po.LoginPo.<init>(LoginPo.java:10)
at library.BaseClass.<init>(BaseClass.java:17)
at Po.LoginPo.<init>(LoginPo.java:10)
at library.BaseClass.<init>(BaseClass.java:17)
at Po.LoginPo.<init>(LoginPo.java:10)
at library.BaseClass.<init>(BaseClass.java:17)
at Po.LoginPo.<init>(LoginPo.java:10)
at library.BaseClass.<init>(BaseClass.java:17)
at Po.LoginPo.<init>(LoginPo.java:10)
at library.BaseClass.<init>(BaseClass.java:17)
at Po.LoginPo.<init>(LoginPo.java:10)
at library.BaseClass.<init>(BaseClass.java:17)
at Po.LoginPo.<init>(LoginPo.java:10)
at library.BaseClass.<init>(BaseClass.java:17)
at Po.LoginPo.<init>(LoginPo.java:10)
at library.BaseClass.<init>(BaseClass.java:17)
at Po.LoginPo.<init>(LoginPo.java:10)
at library.BaseClass.<init>(BaseClass.java:17)
at Po.LoginPo.<init>(LoginPo.java:10)
at library.BaseClass.<init>(BaseClass.java:17)
at Po.LoginPo.<init>(LoginPo.java:10)
at library.BaseClass.<init>(BaseClass.java:17)
at Po.LoginPo.<init>(LoginPo.java:10)
at library.BaseClass.<init>(BaseClass.java:17)
at Po.LoginPo.<init>(LoginPo.java:10)
at library.BaseClass.<init>(BaseClass.java:17)
at Po.LoginPo.<init>(LoginPo.java:10)
at library.BaseClass.<init>(BaseClass.java:17)
at Po.LoginPo.<init>(LoginPo.java:10)
at library.BaseClass.<init>(BaseClass.java:17)
at Po.LoginPo.<init>(LoginPo.java:10)
at library.BaseClass.<init>(BaseClass.java:17)
at Po.LoginPo.<init>(LoginPo.java:10)
at library.BaseClass.<init>(BaseClass.java:17)
at Po.LoginPo.<init>(LoginPo.java:10)
at library.BaseClass.<init>(BaseClass.java:17)
at Po.LoginPo.<init>(LoginPo.java:10)
at library.BaseClass.<init>(BaseClass.java:17)
at Po.LoginPo.<init>(LoginPo.java:10)
at library.BaseClass.<init>(BaseClass.java:17)
at Po.LoginPo.<init>(LoginPo.java:10)
at library.BaseClass.<init>(BaseClass.java:17)
at Po.LoginPo.<init>(LoginPo.java:10)
at library.BaseClass.<init>(BaseClass.java:17)
at Po.LoginPo.<init>(LoginPo.java:10)
at library.BaseClass.<init>(BaseClass.java:17)
at Po.LoginPo.<init>(LoginPo.java:10)
at library.BaseClass.<init>(BaseClass.java:17)
at Po.LoginPo.<init>(LoginPo.java:10)
at library.BaseClass.<init>(BaseClass.java:17)
at Po.LoginPo.<init>(LoginPo.java:10)
at library.BaseClass.<init>(BaseClass.java:17)
at Po.LoginPo.<init>(LoginPo.java:10)
at library.BaseClass.<init>(BaseClass.java:17)
at Po.LoginPo.<init>(LoginPo.java:10)
at library.BaseClass.<init>(BaseClass.java:17)
at Po.LoginPo.<init>(LoginPo.java:10)
at library.BaseClass.<init>(BaseClass.java:17)
at Po.LoginPo.<init>(LoginPo.java:10)
at library.BaseClass.<init>(BaseClass.java:17)
at Po.LoginPo.<init>(LoginPo.java:10)
at library.BaseClass.<init>(BaseClass.java:17)
at Po.LoginPo.<init>(LoginPo.java:10)
at library.BaseClass.<init>(BaseClass.java:17)
at Po.LoginPo.<init>(LoginPo.java:10)
at library.BaseClass.<init>(BaseClass.java:17)
at Po.LoginPo.<init>(LoginPo.java:10)
at library.BaseClass.<init>(BaseClass.java:17)
at Po.LoginPo.<init>(LoginPo.java:10)
at library.BaseClass.<init>(BaseClass.java:17)
at Po.LoginPo.<init>(LoginPo.java:10)
at library.BaseClass.<init>(BaseClass.java:17)
at Po.LoginPo.<init>(LoginPo.java:10)
at library.BaseClass.<init>(BaseClass.java:17)
at Po.LoginPo.<init>(LoginPo.java:10)
at library.BaseClass.<init>(BaseClass.java:17)
at Po.LoginPo.<init>(LoginPo.java:10)
at library.BaseClass.<init>(BaseClass.java:17)
at Po.LoginPo.<init>(LoginPo.java:10)
at library.BaseClass.<init>(BaseClass.java:17)
at Po.LoginPo.<init>(LoginPo.java:10)
at library.BaseClass.<init>(BaseClass.java:17)
at Po.LoginPo.<init>(LoginPo.java:10)
at library.BaseClass.<init>(BaseClass.java:17)
at Po.LoginPo.<init>(LoginPo.java:10)
at library.BaseClass.<init>(BaseClass.java:17)
at Po.LoginPo.<init>(LoginPo.java:10)
at library.BaseClass.<init>(BaseClass.java:17)
at Po.LoginPo.<init>(LoginPo.java:10)
at library.BaseClass.<init>(BaseClass.java:17)
at Po.LoginPo.<init>(LoginPo.java:10)
at library.BaseClass.<init>(BaseClass.java:17)
at Po.LoginPo.<init>(LoginPo.java:10)
at library.BaseClass.<init>(BaseClass.java:17)
at Po.LoginPo.<init>(LoginPo.java:10)
at library.BaseClass.<init>(BaseClass.java:17)
at Po.LoginPo.<init>(LoginPo.java:10)
at library.BaseClass.<init>(BaseClass.java:17)
at Po.LoginPo.<init>(LoginPo.java:10)
at library.BaseClass.<init>(BaseClass.java:17)
at Po.LoginPo.<init>(LoginPo.java:10)
at library.BaseClass.<init>(BaseClass.java:17)
at Po.LoginPo.<init>(LoginPo.java:10)
at library.BaseClass.<init>(BaseClass.java:17)
at Po.LoginPo.<init>(LoginPo.java:10)
at library.BaseClass.<init>(BaseClass.java:17)
at Po.LoginPo.<init>(LoginPo.java:10)
at library.BaseClass.<init>(BaseClass.java:17)
at Po.LoginPo.<init>(LoginPo.java:10)
at library.BaseClass.<init>(BaseClass.java:17)
at Po.LoginPo.<init>(LoginPo.java:10)
at library.BaseClass.<init>(BaseClass.java:17)
at Po.LoginPo.<init>(LoginPo.java:10)
at library.BaseClass.<init>(BaseClass.java:17)
at Po.LoginPo.<init>(LoginPo.java:10)
at library.BaseClass.<init>(BaseClass.java:17)
at Po.LoginPo.<init>(LoginPo.java:10)
at library.BaseClass.<init>(BaseClass.java:17)
at Po.LoginPo.<init>(LoginPo.java:10)
at library.BaseClass.<init>(BaseClass.java:17)
at Po.LoginPo.<init>(LoginPo.java:10)
at library.BaseClass.<init>(BaseClass.java:17)
at Po.LoginPo.<init>(LoginPo.java:10)
at library.BaseClass.<init>(BaseClass.java:17)
at Po.LoginPo.<init>(LoginPo.java:10)
at library.BaseClass.<init>(BaseClass.java:17)
at Po.LoginPo.<init>(LoginPo.java:10)
at library.BaseClass.<init>(BaseClass.java:17)
at Po.LoginPo.<init>(LoginPo.java:10)
at library.BaseClass.<init>(BaseClass.java:17)
at Po.LoginPo.<init>(LoginPo.java:10)
at library.BaseClass.<init>(BaseClass.java:17)
at Po.LoginPo.<init>(LoginPo.java:10)
at library.BaseClass.<init>(BaseClass.java:17)
at Po.LoginPo.<init>(LoginPo.java:10)
at library.BaseClass.<init>(BaseClass.java:17)
at Po.LoginPo.<init>(LoginPo.java:10)
at library.BaseClass.<init>(BaseClass.java:17)
at Po.LoginPo.<init>(LoginPo.java:10)
at library.BaseClass.<init>(BaseClass.java:17)
at Po.LoginPo.<init>(LoginPo.java:10)
at library.BaseClass.<init>(BaseClass.java:17)
at Po.LoginPo.<init>(LoginPo.java:10)
at library.BaseClass.<init>(BaseClass.java:17)
at Po.LoginPo.<init>(LoginPo.java:10)
at library.BaseClass.<init>(BaseClass.java:17)
at Po.LoginPo.<init>(LoginPo.java:10)
at library.BaseClass.<init>(BaseClass.java:17)
at Po.LoginPo.<init>(LoginPo.java:10)
at library.BaseClass.<init>(BaseClass.java:17)
at Po.LoginPo.<init>(LoginPo.java:10)
at library.BaseClass.<init>(BaseClass.java:17)
at Po.LoginPo.<init>(LoginPo.java:10)
at library.BaseClass.<init>(BaseClass.java:17)
at Po.LoginPo.<init>(LoginPo.java:10)
at library.BaseClass.<init>(BaseClass.java:17)
at Po.LoginPo.<init>(LoginPo.java:10)
at library.BaseClass.<init>(BaseClass.java:17)
at Po.LoginPo.<init>(LoginPo.java:10)
at library.BaseClass.<init>(BaseClass.java:17)
at Po.LoginPo.<init>(LoginPo.java:10)
at library.BaseClass.<init>(BaseClass.java:17)
at Po.LoginPo.<init>(LoginPo.java:10)
at library.BaseClass.<init>(BaseClass.java:17)
at Po.LoginPo.<init>(LoginPo.java:10)
at library.BaseClass.<init>(BaseClass.java:17)
at Po.LoginPo.<init>(LoginPo.java:10)
at library.BaseClass.<init>(BaseClass.java:17)
at Po.LoginPo.<init>(LoginPo.java:10)
at library.BaseClass.<init>(BaseClass.java:17)
at Po.LoginPo.<init>(LoginPo.java:10)
at library.BaseClass.<init>(BaseClass.java:17)
at Po.LoginPo.<init>(LoginPo.java:10)
at library.BaseClass.<init>(BaseClass.java:17)
at Po.LoginPo.<init>(LoginPo.java:10)
at library.BaseClass.<init>(BaseClass.java:17)
at Po.LoginPo.<init>(LoginPo.java:10)
at library.BaseClass.<init>(BaseClass.java:17)
at Po.LoginPo.<init>(LoginPo.java:10)
at library.BaseClass.<init>(BaseClass.java:17)
at Po.LoginPo.<init>(LoginPo.java:10)
at library.BaseClass.<init>(BaseClass.java:17)
at Po.LoginPo.<init>(LoginPo.java:10)
at library.BaseClass.<init>(BaseClass.java:17)
at Po.LoginPo.<init>(LoginPo.java:10)
at library.BaseClass.<init>(BaseClass.java:17)
at Po.LoginPo.<init>(LoginPo.java:10)
at library.BaseClass.<init>(BaseClass.java:17)
at Po.LoginPo.<init>(LoginPo.java:10)
at library.BaseClass.<init>(BaseClass.java:17)
at Po.LoginPo.<init>(LoginPo.java:10)
at library.BaseClass.<init>(BaseClass.java:17)
at Po.LoginPo.<init>(LoginPo.java:10)
at library.BaseClass.<init>(BaseClass.java:17)
at Po.LoginPo.<init>(LoginPo.java:10)
at library.BaseClass.<init>(BaseClass.java:17)
at Po.LoginPo.<init>(LoginPo.java:10)
at library.BaseClass.<init>(BaseClass.java:17)
at Po.LoginPo.<init>(LoginPo.java:10)
at library.BaseClass.<init>(BaseClass.java:17)
at Po.LoginPo.<init>(LoginPo.java:10)
at library.BaseClass.<init>(BaseClass.java:17)
at Po.LoginPo.<init>(LoginPo.java:10)
at library.BaseClass.<init>(BaseClass.java:17)
at Po.LoginPo.<init>(LoginPo.java:10)
at library.BaseClass.<init>(BaseClass.java:17)
at Po.LoginPo.<init>(LoginPo.java:10)
at library.BaseClass.<init>(BaseClass.java:17)
at Po.LoginPo.<init>(LoginPo.java:10)
at library.BaseClass.<init>(BaseClass.java:17)
at Po.LoginPo.<init>(LoginPo.java:10)
at library.BaseClass.<init>(BaseClass.java:17)
at Po.LoginPo.<init>(LoginPo.java:10)
at library.BaseClass.<init>(BaseClass.java:17)
at Po.LoginPo.<init>(LoginPo.java:10)
at library.BaseClass.<init>(BaseClass.java:17)
at Po.LoginPo.<init>(LoginPo.java:10)
at library.BaseClass.<init>(BaseClass.java:17)
at Po.LoginPo.<init>(LoginPo.java:10)
at library.BaseClass.<init>(BaseClass.java:17)
at Po.LoginPo.<init>(LoginPo.java:10)
at library.BaseClass.<init>(BaseClass.java:17)
at Po.LoginPo.<init>(LoginPo.java:10)
at library.BaseClass.<init>(BaseClass.java:17)
at Po.LoginPo.<init>(LoginPo.java:10)
at library.BaseClass.<init>(BaseClass.java:17)
at Po.LoginPo.<init>(LoginPo.java:10)
at library.BaseClass.<init>(BaseClass.java:17)
at Po.LoginPo.<init>(LoginPo.java:10)
at library.BaseClass.<init>(BaseClass.java:17)
at Po.LoginPo.<init>(LoginPo.java:10)
at library.BaseClass.<init>(BaseClass.java:17)
at Po.LoginPo.<init>(LoginPo.java:10)
at library.BaseClass.<init>(BaseClass.java:17)
at Po.LoginPo.<init>(LoginPo.java:10)
at library.BaseClass.<init>(BaseClass.java:17)
at Po.LoginPo.<init>(LoginPo.java:10)
at library.BaseClass.<init>(BaseClass.java:17)
at Po.LoginPo.<init>(LoginPo.java:10)
at library.BaseClass.<init>(BaseClass.java:17)
at Po.LoginPo.<init>(LoginPo.java:10)
at library.BaseClass.<init>(BaseClass.java:17)
at Po.LoginPo.<init>(LoginPo.java:10)
at library.BaseClass.<init>(BaseClass.java:17)
at Po.LoginPo.<init>(LoginPo.java:10)
at library.BaseClass.<init>(BaseClass.java:17)
at Po.LoginPo.<init>(LoginPo.java:10)
at library.BaseClass.<init>(BaseClass.java:17)
at Po.LoginPo.<init>(LoginPo.java:10)
at library.BaseClass.<init>(BaseClass.java:17)
at Po.LoginPo.<init>(LoginPo.java:10)
at library.BaseClass.<init>(BaseClass.java:17)
at Po.LoginPo.<init>(LoginPo.java:10)
at library.BaseClass.<init>(BaseClass.java:17)
at Po.LoginPo.<init>(LoginPo.java:10)
at library.BaseClass.<init>(BaseClass.java:17)
at Po.LoginPo.<init>(LoginPo.java:10)
at library.BaseClass.<init>(BaseClass.java:17)
at Po.LoginPo.<init>(LoginPo.java:10)
at library.BaseClass.<init>(BaseClass.java:17)
at Po.LoginPo.<init>(LoginPo.java:10)
at library.BaseClass.<init>(BaseClass.java:17)
at Po.LoginPo.<init>(LoginPo.java:10)
at library.BaseClass.<init>(BaseClass.java:17)
at Po.LoginPo.<init>(LoginPo.java:10)
at library.BaseClass.<init>(BaseClass.java:17)
at Po.LoginPo.<init>(LoginPo.java:10)
at library.BaseClass.<init>(BaseClass.java:17)
at Po.LoginPo.<init>(LoginPo.java:10)
at library.BaseClass.<init>(BaseClass.java:17)
at Po.LoginPo.<init>(LoginPo.java:10)
at library.BaseClass.<init>(BaseClass.java:17)
at Po.LoginPo.<init>(LoginPo.java:10)
at library.BaseClass.<init>(BaseClass.java:17)
at Po.LoginPo.<init>(LoginPo.java:10)
at library.BaseClass.<init>(BaseClass.java:17)
at Po.LoginPo.<init>(LoginPo.java:10)
at library.BaseClass.<init>(BaseClass.java:17)
at Po.LoginPo.<init>(LoginPo.java:10)
at library.BaseClass.<init>(BaseClass.java:17)
at Po.LoginPo.<init>(LoginPo.java:10)
at library.BaseClass.<init>(BaseClass.java:17)
at Po.LoginPo.<init>(LoginPo.java:10)
at library.BaseClass.<init>(BaseClass.java:17)
at Po.LoginPo.<init>(LoginPo.java:10)
at library.BaseClass.<init>(BaseClass.java:17)
at Po.LoginPo.<init>(LoginPo.java:10)
at library.BaseClass.<init>(BaseClass.java:17)
at Po.LoginPo.<init>(LoginPo.java:10)
at library.BaseClass.<init>(BaseClass.java:17)
at Po.LoginPo.<init>(LoginPo.java:10)
at library.BaseClass.<init>(BaseClass.java:17)
at Po.LoginPo.<init>(LoginPo.java:10)
at library.BaseClass.<init>(BaseClass.java:17)
at Po.LoginPo.<init>(LoginPo.java:10)
at library.BaseClass.<init>(BaseClass.java:17)
at Po.LoginPo.<init>(LoginPo.java:10)
at library.BaseClass.<init>(BaseClass.java:17)
at Po.LoginPo.<init>(LoginPo.java:10)
at library.BaseClass.<init>(BaseClass.java:17)
at Po.LoginPo.<init>(LoginPo.java:10)
at library.BaseClass.<init>(BaseClass.java:17)
at Po.LoginPo.<init>(LoginPo.java:10)
at library.BaseClass.<init>(BaseClass.java:17)
at Po.LoginPo.<init>(LoginPo.java:10)
at library.BaseClass.<init>(BaseClass.java:17)
at Po.LoginPo.<init>(LoginPo.java:10)
at library.BaseClass.<init>(BaseClass.java:17)
at Po.LoginPo.<init>(LoginPo.java:10)
at library.BaseClass.<init>(BaseClass.java:17)
at Po.LoginPo.<init>(LoginPo.java:10)
at library.BaseClass.<init>(BaseClass.java:17)
at Po.LoginPo.<init>(LoginPo.java:10)
at library.BaseClass.<init>(BaseClass.java:17)
at Po.LoginPo.<init>(LoginPo.java:10)
at library.BaseClass.<init>(BaseClass.java:17)
at Po.LoginPo.<init>(LoginPo.java:10)
at library.BaseClass.<init>(BaseClass.java:17)
at Po.LoginPo.<init>(LoginPo.java:10)
at library.BaseClass.<init>(BaseClass.java:17)
at Po.LoginPo.<init>(LoginPo.java:10)
at library.BaseClass.<init>(BaseClass.java:17)
at Po.LoginPo.<init>(LoginPo.java:10)
at library.BaseClass.<init>(BaseClass.java:17)
at Po.LoginPo.<init>(LoginPo.java:10)
at library.BaseClass.<init>(BaseClass.java:17)
at Po.LoginPo.<init>(LoginPo.java:10)
at library.BaseClass.<init>(BaseClass.java:17)
at Po.LoginPo.<init>(LoginPo.java:10)
at library.BaseClass.<init>(BaseClass.java:17)
at Po.LoginPo.<init>(LoginPo.java:10)
at library.BaseClass.<init>(BaseClass.java:17)
at Po.LoginPo.<init>(LoginPo.java:10)
at library.BaseClass.<init>(BaseClass.java:17)
at Po.LoginPo.<init>(LoginPo.java:10)
at library.BaseClass.<init>(BaseClass.java:17)
at Po.LoginPo.<init>(LoginPo.java:10)
at library.BaseClass.<init>(BaseClass.java:17)
at Po.LoginPo.<init>(LoginPo.java:10)
at library.BaseClass.<init>(BaseClass.java:17)
at Po.LoginPo.<init>(LoginPo.java:10)
at library.BaseClass.<init>(BaseClass.java:17)
at Po.LoginPo.<init>(LoginPo.java:10)
at library.BaseClass.<init>(BaseClass.java:17)
at Po.LoginPo.<init>(LoginPo.java:10)
at library.BaseClass.<init>(BaseClass.java:17)
at Po.LoginPo.<init>(LoginPo.java:10)
at library.BaseClass.<init>(BaseClass.java:17)
at Po.LoginPo.<init>(LoginPo.java:10)
at library.BaseClass.<init>(BaseClass.java:17)
at Po.LoginPo.<init>(LoginPo.java:10)
at library.BaseClass.<init>(BaseClass.java:17)
at Po.LoginPo.<init>(LoginPo.java:10)
at library.BaseClass.<init>(BaseClass.java:17)
at Po.LoginPo.<init>(LoginPo.java:10)
at library.BaseClass.<init>(BaseClass.java:17)
at Po.LoginPo.<init>(LoginPo.java:10)
at library.BaseClass.<init>(BaseClass.java:17)
at Po.LoginPo.<init>(LoginPo.java:10)
at library.BaseClass.<init>(BaseClass.java:17)
at Po.LoginPo.<init>(LoginPo.java:10)
at library.BaseClass.<init>(BaseClass.java:17)
at Po.LoginPo.<init>(LoginPo.java:10)
at library.BaseClass.<init>(BaseClass.java:17)
at Po.LoginPo.<init>(LoginPo.java:10)
at library.BaseClass.<init>(BaseClass.java:17)
at Po.LoginPo.<init>(LoginPo.java:10)
at library.BaseClass.<init>(BaseClass.java:17)
at Po.LoginPo.<init>(LoginPo.java:10)
at library.BaseClass.<init>(BaseClass.java:17)
at Po.LoginPo.<init>(LoginPo.java:10)
at library.BaseClass.<init>(BaseClass.java:17)
at Po.LoginPo.<init>(LoginPo.java:10)
at library.BaseClass.<init>(BaseClass.java:17)
at Po.LoginPo.<init>(LoginPo.java:10)
at library.BaseClass.<init>(BaseClass.java:17)
at Po.LoginPo.<init>(LoginPo.java:10)
at library.BaseClass.<init>(BaseClass.java:17)
at Po.LoginPo.<init>(LoginPo.java:10)
at library.BaseClass.<init>(BaseClass.java:17)
at Po.LoginPo.<init>(LoginPo.java:10)
at library.BaseClass.<init>(BaseClass.java:17)
at Po.LoginPo.<init>(LoginPo.java:10)
at library.BaseClass.<init>(BaseClass.java:17)
at Po.LoginPo.<init>(LoginPo.java:10)
at library.BaseClass.<init>(BaseClass.java:17)
at Po.LoginPo.<init>(LoginPo.java:10)
at library.BaseClass.<init>(BaseClass.java:17)
at Po.LoginPo.<init>(LoginPo.java:10)
at library.BaseClass.<init>(BaseClass.java:17)
at Po.LoginPo.<init>(LoginPo.java:10)
at library.BaseClass.<init>(BaseClass.java:17)
at Po.LoginPo.<init>(LoginPo.java:10)
at library.BaseClass.<init>(BaseClass.java:17)
at Po.LoginPo.<init>(LoginPo.java:10)
at library.BaseClass.<init>(BaseClass.java:17)
at Po.LoginPo.<init>(LoginPo.java:10)
at library.BaseClass.<init>(BaseClass.java:17)
at Po.LoginPo.<init>(LoginPo.java:10)
at library.BaseClass.<init>(BaseClass.java:17)
at Po.LoginPo.<init>(LoginPo.java:10)
at library.BaseClass.<init>(BaseClass.java:17)
at Po.LoginPo.<init>(LoginPo.java:10)
at library.BaseClass.<init>(BaseClass.java:17)
at Po.LoginPo.<init>(LoginPo.java:10)
at library.BaseClass.<init>(BaseClass.java:17)
at Po.LoginPo.<init>(LoginPo.java:10)
at library.BaseClass.<init>(BaseClass.java:17)
at Po.LoginPo.<init>(LoginPo.java:10)
at library.BaseClass.<init>(BaseClass.java:17)
at Po.LoginPo.<init>(LoginPo.java:10)
at library.BaseClass.<init>(BaseClass.java:17)
at Po.LoginPo.<init>(LoginPo.java:10)
at library.BaseClass.<init>(BaseClass.java:17)
at Po.LoginPo.<init>(LoginPo.java:10)
at library.BaseClass.<init>(BaseClass.java:17)
at Po.LoginPo.<init>(LoginPo.java:10)
at library.BaseClass.<init>(BaseClass.java:17)
at Po.LoginPo.<init>(LoginPo.java:10)
at library.BaseClass.<init>(BaseClass.java:17)
at Po.LoginPo.<init>(LoginPo.java:10)
at library.BaseClass.<init>(BaseClass.java:17)
at Po.LoginPo.<init>(LoginPo.java:10)
at library.BaseClass.<init>(BaseClass.java:17)
at Po.LoginPo.<init>(LoginPo.java:10)
at library.BaseClass.<init>(BaseClass.java:17)
at Po.LoginPo.<init>(LoginPo.java:10)
at library.BaseClass.<init>(BaseClass.java:17)
at Po.LoginPo.<init>(LoginPo.java:10)
at library.BaseClass.<init>(BaseClass.java:17)
at Po.LoginPo.<init>(LoginPo.java:10)
at library.BaseClass.<init>(BaseClass.java:17)
at Po.LoginPo.<init>(LoginPo.java:10)
at library.BaseClass.<init>(BaseClass.java:17)
at Po.LoginPo.<init>(LoginPo.java:10)
at library.BaseClass.<init>(BaseClass.java:17)
at Po.LoginPo.<init>(LoginPo.java:10)
at library.BaseClass.<init>(BaseClass.java:17)
at Po.LoginPo.<init>(LoginPo.java:10)
at library.BaseClass.<init>(BaseClass.java:17)
at Po.LoginPo.<init>(LoginPo.java:10)
at library.BaseClass.<init>(BaseClass.java:17)
at Po.LoginPo.<init>(LoginPo.java:10)
at library.BaseClass.<init>(BaseClass.java:17)
at Po.LoginPo.<init>(LoginPo.java:10)
at library.BaseClass.<init>(BaseClass.java:17)
at Po.LoginPo.<init>(LoginPo.java:10)
at library.BaseClass.<init>(BaseClass.java:17)
at Po.LoginPo.<init>(LoginPo.java:10)
at library.BaseClass.<init>(BaseClass.java:17)
at Po.LoginPo.<init>(LoginPo.java:10)
at library.BaseClass.<init>(BaseClass.java:17)
at Po.LoginPo.<init>(LoginPo.java:10)
at library.BaseClass.<init>(BaseClass.java:17)
at Po.LoginPo.<init>(LoginPo.java:10)
at library.BaseClass.<init>(BaseClass.java:17)
at Po.LoginPo.<init>(LoginPo.java:10)
at library.BaseClass.<init>(BaseClass.java:17)
at Po.LoginPo.<init>(LoginPo.java:10)
at library.BaseClass.<init>(BaseClass.java:17)
at Po.LoginPo.<init>(LoginPo.java:10)
at library.BaseClass.<init>(BaseClass.java:17)
at Po.LoginPo.<init>(LoginPo.java:10)
at library.BaseClass.<init>(BaseClass.java:17)
at Po.LoginPo.<init>(LoginPo.java:10)
at library.BaseClass.<init>(BaseClass.java:17)
at Po.LoginPo.<init>(LoginPo.java:10)
at library.BaseClass.<init>(BaseClass.java:17)
at Po.LoginPo.<init>(LoginPo.java:10)
at library.BaseClass.<init>(BaseClass.java:17)
at Po.LoginPo.<init>(LoginPo.java:10)
at library.BaseClass.<init>(BaseClass.java:17)
at Po.LoginPo.<init>(LoginPo.java:10)
at library.BaseClass.<init>(BaseClass.java:17)
at Po.LoginPo.<init>(LoginPo.java:10)
at library.BaseClass.<init>(BaseClass.java:17)
at Po.LoginPo.<init>(LoginPo.java:10)
at library.BaseClass.<init>(BaseClass.java:17)
at Po.LoginPo.<init>(LoginPo.java:10)
at library.BaseClass.<init>(BaseClass.java:17)
at Po.LoginPo.<init>(LoginPo.java:10)
at library.BaseClass.<init>(BaseClass.java:17)
at Po.LoginPo.<init>(LoginPo.java:10)
at library.BaseClass.<init>(BaseClass.java:17)
at Po.LoginPo.<init>(LoginPo.java:10)
at library.BaseClass.<init>(BaseClass.java:17)
at Po.LoginPo.<init>(LoginPo.java:10)
at library.BaseClass.<init>(BaseClass.java:17)
at Po.LoginPo.<init>(LoginPo.java:10)
at library.BaseClass.<init>(BaseClass.java:17)
at Po.LoginPo.<init>(LoginPo.java:10)
at library.BaseClass.<init>(BaseClass.java:17)
at Po.LoginPo.<init>(LoginPo.java:10)
at library.BaseClass.<init>(BaseClass.java:17)
at Po.LoginPo.<init>(LoginPo.java:10)
at library.BaseClass.<init>(BaseClass.java:17)
at Po.LoginPo.<init>(LoginPo.java:10)
at library.BaseClass.<init>(BaseClass.java:17)
at Po.LoginPo.<init>(LoginPo.java:10)
at library.BaseClass.<init>(BaseClass.java:17)
at Po.LoginPo.<init>(LoginPo.java:10)
at library.BaseClass.<init>(BaseClass.java:17)
at Po.LoginPo.<init>(LoginPo.java:10)
at library.BaseClass.<init>(BaseClass.java:17)
at Po.LoginPo.<init>(LoginPo.java:10)
at library.BaseClass.<init>(BaseClass.java:17)
at Po.LoginPo.<init>(LoginPo.java:10)
at library.BaseClass.<init>(BaseClass.java:17)
at Po.LoginPo.<init>(LoginPo.java:10)
at library.BaseClass.<init>(BaseClass.java:17)
at Po.LoginPo.<init>(LoginPo.java:10)
at library.BaseClass.<init>(BaseClass.java:17)
at Po.LoginPo.<init>(LoginPo.java:10)
at library.BaseClass.<init>(BaseClass.java:17)
at Po.LoginPo.<init>(LoginPo.java:10)
at library.BaseClass.<init>(BaseClass.java:17)
at Po.LoginPo.<init>(LoginPo.java:10)
at library.BaseClass.<init>(BaseClass.java:17)
at Po.LoginPo.<init>(LoginPo.java:10)
at library.BaseClass.<init>(BaseClass.java:17)
at Po.LoginPo.<init>(LoginPo.java:10)
at library.BaseClass.<init>(BaseClass.java:17)
]]>
    </error>
  </testcase> <!-- Login -->
</testsuite> <!-- script.Excel -->
