<?xml version="1.0" encoding="UTF-8"?>
<!-- Generated by org.testng.reporters.JUnitReportReporter -->
<testsuite skipped="0" hostname="DESKTOP-AO989VD" name="utility.Dataprovider" tests="1" failures="0" timestamp="24 Jul 2019 06:17:53 GMT" time="0.000" errors="0">
  <testcase name="f" time="0.000" classname="utility.Dataprovider"/>
</testsuite> <!-- utility.Dataprovider -->
